---------------------------------------------------------------
[ 2018-10-12T13:35:09+08:00 ] 127.0.0.1 GET /tenflyer/public/admin/login/verify.html
[ info ] 127.0.0.1:8888/tenflyer/public/admin/login/verify.html [运行时间：0.180010s][吞吐率：5.56req/s] [内存消耗：1,366.08kb] [文件加载：45]
[ info ] [ LANG ] E:\xampp\htdocs\tenflyer\thinkphp\lang\zh-cn.php
[ info ] [ ROUTE ] array (
  'type' => 'module',
  'module' => 
  array (
    0 => 'admin',
    1 => 'login',
    2 => 'verify',
  ),
)
[ info ] [ HEADER ] array (
  'host' => '127.0.0.1:8888',
  'connection' => 'keep-alive',
  'user-agent' => 'Mozilla/5.0 (Windows NT 6.1; WOW64) AppleWebKit/537.36 (KHTML, like Gecko) Chrome/69.0.3497.92 Safari/537.36',
  'accept' => 'image/webp,image/apng,image/*,*/*;q=0.8',
  'referer' => 'http://127.0.0.1:8888/tenflyer/public/admin/login/login.html',
  'accept-encoding' => 'gzip, deflate, br',
  'accept-language' => 'zh-CN,zh;q=0.9',
  'cookie' => 'USER_NAME_COOKIE=yuwb; LAST_OPERATION_TIME=1539243206; BJYADMIN=jk0bh6c10vr5u9h092qa8kulm0',
)
[ info ] [ PARAM ] array (
)
[ info ] [ RUN ] app\admin\controller\Login->verify[ E:\xampp\htdocs\tenflyer\application\admin\controller\Login.php ]
[ info ] [ SESSION ] INIT array (
  'id' => '',
  'var_session_id' => '',
  'prefix' => 'admin',
  'type' => '',
  'auto_start' => true,
)
[ info ] [ LOG ] INIT File
