---------------------------------------------------------------
[ 2018-10-17T16:19:40+08:00 ] 127.0.0.1 GET /tenflyer/public/admin/login/login.html
[ info ] 127.0.0.1:8888/tenflyer/public/admin/login/login.html [è¿è¡Œæ—¶é—´ï¼š0.071004s][åžåçŽ‡ï¼š14.08req/s] [å†…å­˜æ¶ˆè€—ï¼š1,374.91kb] [æ–‡ä»¶åŠ è½½ï¼š47]
[ info ] [ LANG ] E:\xampp\htdocs\tenflyer\thinkphp\lang\zh-cn.php
[ info ] [ ROUTE ] array (
  'type' => 'module',
  'module' => 
  array (
    0 => 'admin',
    1 => 'login',
    2 => 'login',
  ),
)
[ info ] [ HEADER ] array (
  'host' => '127.0.0.1:8888',
  'connection' => 'keep-alive',
  'cache-control' => 'max-age=0',
  'upgrade-insecure-requests' => '1',
  'user-agent' => 'Mozilla/5.0 (Windows NT 6.1; WOW64) AppleWebKit/537.36 (KHTML, like Gecko) Chrome/69.0.3497.92 Safari/537.36',
  'accept' => 'text/html,application/xhtml+xml,application/xml;q=0.9,image/webp,image/apng,*/*;q=0.8',
  'referer' => 'http://127.0.0.1:8888/tenflyer/public/admin/login/login.html',
  'accept-encoding' => 'gzip, deflate, br',
  'accept-language' => 'zh-CN,zh;q=0.9',
  'cookie' => 'USER_NAME_COOKIE=yuwb; PHPSESSID=7jj932u3ell68nculk7jdhluc7; OA_USER_ID=yuwb; LOGIN_USER_ID=yuwb; BJYADMIN=0f3r5ct47umiqho36rt2ur3qse; LAST_OPERATION_TIME=1539763851',
)
[ info ] [ PARAM ] array (
)
[ info ] [ RUN ] app\admin\controller\Login->login[ E:\xampp\htdocs\tenflyer\application\admin\controller\Login.php ]
[ info ] [ VIEW ] E:\xampp\htdocs\tenflyer\public/../application/admin\view\login\login.html [ array (
) ]
[ info ] [ LOG ] INIT File
---------------------------------------------------------------
[ 2018-10-17T16:19:40+08:00 ] 127.0.0.1 GET /tenflyer/public/admin/login/verify.html
[ info ] 127.0.0.1:8888/tenflyer/public/admin/login/verify.html [è¿è¡Œæ—¶é—´ï¼š0.108006s][åžåçŽ‡ï¼š9.26req/s] [å†…å­˜æ¶ˆè€—ï¼š1,366.23kb] [æ–‡ä»¶åŠ è½½ï¼š45]
[ info ] [ LANG ] E:\xampp\htdocs\tenflyer\thinkphp\lang\zh-cn.php
[ info ] [ ROUTE ] array (
  'type' => 'module',
  'module' => 
  array (
    0 => 'admin',
    1 => 'login',
    2 => 'verify',
  ),
)
[ info ] [ HEADER ] array (
  'host' => '127.0.0.1:8888',
  'connection' => 'keep-alive',
  'user-agent' => 'Mozilla/5.0 (Windows NT 6.1; WOW64) AppleWebKit/537.36 (KHTML, like Gecko) Chrome/69.0.3497.92 Safari/537.36',
  'accept' => 'image/webp,image/apng,image/*,*/*;q=0.8',
  'referer' => 'http://127.0.0.1:8888/tenflyer/public/admin/login/login.html',
  'accept-encoding' => 'gzip, deflate, br',
  'accept-language' => 'zh-CN,zh;q=0.9',
  'cookie' => 'USER_NAME_COOKIE=yuwb; PHPSESSID=7jj932u3ell68nculk7jdhluc7; OA_USER_ID=yuwb; LOGIN_USER_ID=yuwb; BJYADMIN=0f3r5ct47umiqho36rt2ur3qse; LAST_OPERATION_TIME=1539763851',
)
[ info ] [ PARAM ] array (
)
[ info ] [ RUN ] app\admin\controller\Login->verify[ E:\xampp\htdocs\tenflyer\application\admin\controller\Login.php ]
[ info ] [ SESSION ] INIT array (
  'id' => '',
  'var_session_id' => '',
  'prefix' => 'admin',
  'type' => '',
  'auto_start' => true,
)
[ info ] [ LOG ] INIT File
---------------------------------------------------------------
[ 2018-10-17T16:19:43+08:00 ] 127.0.0.1 GET /tenflyer/public/admin/login/verify.html?0.986391258083223
[ info ] 127.0.0.1:8888/tenflyer/public/admin/login/verify.html?0.986391258083223 [è¿è¡Œæ—¶é—´ï¼š0.038002s][åžåçŽ‡ï¼š26.31req/s] [å†…å­˜æ¶ˆè€—ï¼š1,367.13kb] [æ–‡ä»¶åŠ è½½ï¼š45]
[ info ] [ LANG ] E:\xampp\htdocs\tenflyer\thinkphp\lang\zh-cn.php
[ info ] [ ROUTE ] array (
  'type' => 'module',
  'module' => 
  array (
    0 => 'admin',
    1 => 'login',
    2 => 'verify',
  ),
)
[ info ] [ HEADER ] array (
  'host' => '127.0.0.1:8888',
  'connection' => 'keep-alive',
  'user-agent' => 'Mozilla/5.0 (Windows NT 6.1; WOW64) AppleWebKit/537.36 (KHTML, like Gecko) Chrome/69.0.3497.92 Safari/537.36',
  'accept' => 'image/webp,image/apng,image/*,*/*;q=0.8',
  'referer' => 'http://127.0.0.1:8888/tenflyer/public/admin/login/login.html',
  'accept-encoding' => 'gzip, deflate, br',
  'accept-language' => 'zh-CN,zh;q=0.9',
  'cookie' => 'USER_NAME_COOKIE=yuwb; PHPSESSID=7jj932u3ell68nculk7jdhluc7; OA_USER_ID=yuwb; LOGIN_USER_ID=yuwb; BJYADMIN=0f3r5ct47umiqho36rt2ur3qse; LAST_OPERATION_TIME=1539763851',
)
[ info ] [ PARAM ] array (
  '0_986391258083223' => '',
)
[ info ] [ RUN ] app\admin\controller\Login->verify[ E:\xampp\htdocs\tenflyer\application\admin\controller\Login.php ]
[ info ] [ SESSION ] INIT array (
  'id' => '',
  'var_session_id' => '',
  'prefix' => 'admin',
  'type' => '',
  'auto_start' => true,
)
[ info ] [ LOG ] INIT File
---------------------------------------------------------------
[ 2018-10-17T16:19:46+08:00 ] 127.0.0.1 POST /tenflyer/public/admin/login/login
[ info ] 127.0.0.1:8888/tenflyer/public/admin/login/login [è¿è¡Œæ—¶é—´ï¼š0.036002s][åžåçŽ‡ï¼š27.78req/s] [å†…å­˜æ¶ˆè€—ï¼š1,371.47kb] [æ–‡ä»¶åŠ è½½ï¼š46]
[ info ] [ LANG ] E:\xampp\htdocs\tenflyer\thinkphp\lang\zh-cn.php
[ info ] [ ROUTE ] array (
  'type' => 'module',
  'module' => 
  array (
    0 => 'admin',
    1 => 'login',
    2 => 'login',
  ),
)
[ info ] [ HEADER ] array (
  'host' => '127.0.0.1:8888',
  'connection' => 'keep-alive',
  'content-length' => '61',
  'accept' => 'application/json, text/javascript, */*; q=0.01',
  'origin' => 'http://127.0.0.1:8888',
  'x-requested-with' => 'XMLHttpRequest',
  'user-agent' => 'Mozilla/5.0 (Windows NT 6.1; WOW64) AppleWebKit/537.36 (KHTML, like Gecko) Chrome/69.0.3497.92 Safari/537.36',
  'content-type' => 'application/x-www-form-urlencoded; charset=UTF-8',
  'referer' => 'http://127.0.0.1:8888/tenflyer/public/admin/login/login.html',
  'accept-encoding' => 'gzip, deflate, br',
  'accept-language' => 'zh-CN,zh;q=0.9',
  'cookie' => 'USER_NAME_COOKIE=yuwb; PHPSESSID=7jj932u3ell68nculk7jdhluc7; OA_USER_ID=yuwb; LOGIN_USER_ID=yuwb; BJYADMIN=0f3r5ct47umiqho36rt2ur3qse; LAST_OPERATION_TIME=1539763851',
)
[ info ] [ PARAM ] array (
  'action' => 'loginVerify',
  'username' => 'admin',
  'password' => '123456',
  'verify' => '8937',
)
[ info ] [ RUN ] app\admin\controller\Login->login[ E:\xampp\htdocs\tenflyer\application\admin\controller\Login.php ]
[ info ] [ SESSION ] INIT array (
  'id' => '',
  'var_session_id' => '',
  'prefix' => 'admin',
  'type' => '',
  'auto_start' => true,
)
[ info ] [ LOG ] INIT File
---------------------------------------------------------------
[ 2018-10-17T16:19:46+08:00 ] 127.0.0.1 GET /tenflyer/public/admin/login/verify.html?0.4066931032288139
[ info ] 127.0.0.1:8888/tenflyer/public/admin/login/verify.html?0.4066931032288139 [è¿è¡Œæ—¶é—´ï¼š0.021001s][åžåçŽ‡ï¼š47.62req/s] [å†…å­˜æ¶ˆè€—ï¼š1,367.13kb] [æ–‡ä»¶åŠ è½½ï¼š45]
[ info ] [ LANG ] E:\xampp\htdocs\tenflyer\thinkphp\lang\zh-cn.php
[ info ] [ ROUTE ] array (
  'type' => 'module',
  'module' => 
  array (
    0 => 'admin',
    1 => 'login',
    2 => 'verify',
  ),
)
[ info ] [ HEADER ] array (
  'host' => '127.0.0.1:8888',
  'connection' => 'keep-alive',
  'user-agent' => 'Mozilla/5.0 (Windows NT 6.1; WOW64) AppleWebKit/537.36 (KHTML, like Gecko) Chrome/69.0.3497.92 Safari/537.36',
  'accept' => 'image/webp,image/apng,image/*,*/*;q=0.8',
  'referer' => 'http://127.0.0.1:8888/tenflyer/public/admin/login/login.html',
  'accept-encoding' => 'gzip, deflate, br',
  'accept-language' => 'zh-CN,zh;q=0.9',
  'cookie' => 'USER_NAME_COOKIE=yuwb; PHPSESSID=7jj932u3ell68nculk7jdhluc7; OA_USER_ID=yuwb; LOGIN_USER_ID=yuwb; BJYADMIN=0f3r5ct47umiqho36rt2ur3qse; LAST_OPERATION_TIME=1539763851',
)
[ info ] [ PARAM ] array (
  '0_4066931032288139' => '',
)
[ info ] [ RUN ] app\admin\controller\Login->verify[ E:\xampp\htdocs\tenflyer\application\admin\controller\Login.php ]
[ info ] [ SESSION ] INIT array (
  'id' => '',
  'var_session_id' => '',
  'prefix' => 'admin',
  'type' => '',
  'auto_start' => true,
)
[ info ] [ LOG ] INIT File
---------------------------------------------------------------
[ 2018-10-17T16:19:50+08:00 ] 127.0.0.1 POST /tenflyer/public/admin/login/login
[ info ] 127.0.0.1:8888/tenflyer/public/admin/login/login [è¿è¡Œæ—¶é—´ï¼š0.032002s][åžåçŽ‡ï¼š31.25req/s] [å†…å­˜æ¶ˆè€—ï¼š1,371.47kb] [æ–‡ä»¶åŠ è½½ï¼š46]
[ info ] [ LANG ] E:\xampp\htdocs\tenflyer\thinkphp\lang\zh-cn.php
[ info ] [ ROUTE ] array (
  'type' => 'module',
  'module' => 
  array (
    0 => 'admin',
    1 => 'login',
    2 => 'login',
  ),
)
[ info ] [ HEADER ] array (
  'host' => '127.0.0.1:8888',
  'connection' => 'keep-alive',
  'content-length' => '61',
  'accept' => 'application/json, text/javascript, */*; q=0.01',
  'origin' => 'http://127.0.0.1:8888',
  'x-requested-with' => 'XMLHttpRequest',
  'user-agent' => 'Mozilla/5.0 (Windows NT 6.1; WOW64) AppleWebKit/537.36 (KHTML, like Gecko) Chrome/69.0.3497.92 Safari/537.36',
  'content-type' => 'application/x-www-form-urlencoded; charset=UTF-8',
  'referer' => 'http://127.0.0.1:8888/tenflyer/public/admin/login/login.html',
  'accept-encoding' => 'gzip, deflate, br',
  'accept-language' => 'zh-CN,zh;q=0.9',
  'cookie' => 'USER_NAME_COOKIE=yuwb; PHPSESSID=7jj932u3ell68nculk7jdhluc7; OA_USER_ID=yuwb; LOGIN_USER_ID=yuwb; BJYADMIN=0f3r5ct47umiqho36rt2ur3qse; LAST_OPERATION_TIME=1539763851',
)
[ info ] [ PARAM ] array (
  'action' => 'loginVerify',
  'username' => 'admin',
  'password' => '123456',
  'verify' => '2889',
)
[ info ] [ RUN ] app\admin\controller\Login->login[ E:\xampp\htdocs\tenflyer\application\admin\controller\Login.php ]
[ info ] [ SESSION ] INIT array (
  'id' => '',
  'var_session_id' => '',
  'prefix' => 'admin',
  'type' => '',
  'auto_start' => true,
)
[ info ] [ LOG ] INIT File
---------------------------------------------------------------
[ 2018-10-17T16:19:50+08:00 ] 127.0.0.1 GET /tenflyer/public/admin/login/verify.html?0.6258890580673546
[ info ] 127.0.0.1:8888/tenflyer/public/admin/login/verify.html?0.6258890580673546 [è¿è¡Œæ—¶é—´ï¼š0.021001s][åžåçŽ‡ï¼š47.62req/s] [å†…å­˜æ¶ˆè€—ï¼š1,367.13kb] [æ–‡ä»¶åŠ è½½ï¼š45]
[ info ] [ LANG ] E:\xampp\htdocs\tenflyer\thinkphp\lang\zh-cn.php
[ info ] [ ROUTE ] array (
  'type' => 'module',
  'module' => 
  array (
    0 => 'admin',
    1 => 'login',
    2 => 'verify',
  ),
)
[ info ] [ HEADER ] array (
  'host' => '127.0.0.1:8888',
  'connection' => 'keep-alive',
  'user-agent' => 'Mozilla/5.0 (Windows NT 6.1; WOW64) AppleWebKit/537.36 (KHTML, like Gecko) Chrome/69.0.3497.92 Safari/537.36',
  'accept' => 'image/webp,image/apng,image/*,*/*;q=0.8',
  'referer' => 'http://127.0.0.1:8888/tenflyer/public/admin/login/login.html',
  'accept-encoding' => 'gzip, deflate, br',
  'accept-language' => 'zh-CN,zh;q=0.9',
  'cookie' => 'USER_NAME_COOKIE=yuwb; PHPSESSID=7jj932u3ell68nculk7jdhluc7; OA_USER_ID=yuwb; LOGIN_USER_ID=yuwb; BJYADMIN=0f3r5ct47umiqho36rt2ur3qse; LAST_OPERATION_TIME=1539763851',
)
[ info ] [ PARAM ] array (
  '0_6258890580673546' => '',
)
[ info ] [ RUN ] app\admin\controller\Login->verify[ E:\xampp\htdocs\tenflyer\application\admin\controller\Login.php ]
[ info ] [ SESSION ] INIT array (
  'id' => '',
  'var_session_id' => '',
  'prefix' => 'admin',
  'type' => '',
  'auto_start' => true,
)
[ info ] [ LOG ] INIT File
---------------------------------------------------------------
[ 2018-10-17T16:19:55+08:00 ] 127.0.0.1 POST /tenflyer/public/admin/login/login
[ info ] 127.0.0.1:8888/tenflyer/public/admin/login/login [è¿è¡Œæ—¶é—´ï¼š2.106120s][åžåçŽ‡ï¼š0.47req/s] [å†…å­˜æ¶ˆè€—ï¼š1,967.77kb] [æ–‡ä»¶åŠ è½½ï¼š53]
[ info ] [ LANG ] E:\xampp\htdocs\tenflyer\thinkphp\lang\zh-cn.php
[ info ] [ ROUTE ] array (
  'type' => 'module',
  'module' => 
  array (
    0 => 'admin',
    1 => 'login',
    2 => 'login',
  ),
)
[ info ] [ HEADER ] array (
  'host' => '127.0.0.1:8888',
  'connection' => 'keep-alive',
  'content-length' => '61',
  'accept' => 'application/json, text/javascript, */*; q=0.01',
  'origin' => 'http://127.0.0.1:8888',
  'x-requested-with' => 'XMLHttpRequest',
  'user-agent' => 'Mozilla/5.0 (Windows NT 6.1; WOW64) AppleWebKit/537.36 (KHTML, like Gecko) Chrome/69.0.3497.92 Safari/537.36',
  'content-type' => 'application/x-www-form-urlencoded; charset=UTF-8',
  'referer' => 'http://127.0.0.1:8888/tenflyer/public/admin/login/login.html',
  'accept-encoding' => 'gzip, deflate, br',
  'accept-language' => 'zh-CN,zh;q=0.9',
  'cookie' => 'USER_NAME_COOKIE=yuwb; PHPSESSID=7jj932u3ell68nculk7jdhluc7; OA_USER_ID=yuwb; LOGIN_USER_ID=yuwb; BJYADMIN=0f3r5ct47umiqho36rt2ur3qse; LAST_OPERATION_TIME=1539763851',
)
[ info ] [ PARAM ] array (
  'action' => 'loginVerify',
  'username' => 'admin',
  'password' => '123456',
  'verify' => '2877',
)
[ info ] [ RUN ] app\admin\controller\Login->login[ E:\xampp\htdocs\tenflyer\application\admin\controller\Login.php ]
[ info ] [ SESSION ] INIT array (
  'id' => '',
  'var_session_id' => '',
  'prefix' => 'admin',
  'type' => '',
  'auto_start' => true,
)
[ info ] [ DB ] INIT mysql
[ info ] [ LOG ] INIT File
[ error ] SQLSTATE[HY000] [2002] ÓÉÓÚÄ¿±ê¼ÆËã»ú»ý¼«¾Ü¾ø£¬ÎÞ·¨Á¬½Ó¡£

[ error ] [2002]SQLSTATE[HY000] [2002] ÓÉÓÚÄ¿±ê¼ÆËã»ú»ý¼«¾Ü¾ø£¬ÎÞ·¨Á¬½Ó¡£
[E:\xampp\htdocs\tenflyer\thinkphp\library\think\db\Connection.php:293]
---------------------------------------------------------------
[ 2018-10-17T16:20:20+08:00 ] 127.0.0.1 POST /tenflyer/public/admin/login/login
[ info ] 127.0.0.1:8888/tenflyer/public/admin/login/login [è¿è¡Œæ—¶é—´ï¼š0.018002s][åžåçŽ‡ï¼š55.55req/s] [å†…å­˜æ¶ˆè€—ï¼š1,370.66kb] [æ–‡ä»¶åŠ è½½ï¼š46]
[ info ] [ LANG ] E:\xampp\htdocs\tenflyer\thinkphp\lang\zh-cn.php
[ info ] [ ROUTE ] array (
  'type' => 'module',
  'module' => 
  array (
    0 => 'admin',
    1 => 'login',
    2 => 'login',
  ),
)
[ info ] [ HEADER ] array (
  'host' => '127.0.0.1:8888',
  'connection' => 'keep-alive',
  'content-length' => '61',
  'accept' => 'application/json, text/javascript, */*; q=0.01',
  'origin' => 'http://127.0.0.1:8888',
  'x-requested-with' => 'XMLHttpRequest',
  'user-agent' => 'Mozilla/5.0 (Windows NT 6.1; WOW64) AppleWebKit/537.36 (KHTML, like Gecko) Chrome/69.0.3497.92 Safari/537.36',
  'content-type' => 'application/x-www-form-urlencoded; charset=UTF-8',
  'referer' => 'http://127.0.0.1:8888/tenflyer/public/admin/login/login.html',
  'accept-encoding' => 'gzip, deflate, br',
  'accept-language' => 'zh-CN,zh;q=0.9',
  'cookie' => 'USER_NAME_COOKIE=yuwb; PHPSESSID=7jj932u3ell68nculk7jdhluc7; OA_USER_ID=yuwb; LOGIN_USER_ID=yuwb; BJYADMIN=0f3r5ct47umiqho36rt2ur3qse; LAST_OPERATION_TIME=1539763851',
)
[ info ] [ PARAM ] array (
  'action' => 'loginVerify',
  'username' => 'admin',
  'password' => '123456',
  'verify' => '2877',
)
[ info ] [ RUN ] app\admin\controller\Login->login[ E:\xampp\htdocs\tenflyer\application\admin\controller\Login.php ]
[ info ] [ SESSION ] INIT array (
  'id' => '',
  'var_session_id' => '',
  'prefix' => 'admin',
  'type' => '',
  'auto_start' => true,
)
[ info ] [ LOG ] INIT File
---------------------------------------------------------------
[ 2018-10-17T16:20:20+08:00 ] 127.0.0.1 GET /tenflyer/public/admin/login/verify.html?0.7396724468776104
[ info ] 127.0.0.1:8888/tenflyer/public/admin/login/verify.html?0.7396724468776104 [è¿è¡Œæ—¶é—´ï¼š0.022001s][åžåçŽ‡ï¼š45.45req/s] [å†…å­˜æ¶ˆè€—ï¼š1,366.97kb] [æ–‡ä»¶åŠ è½½ï¼š45]
[ info ] [ LANG ] E:\xampp\htdocs\tenflyer\thinkphp\lang\zh-cn.php
[ info ] [ ROUTE ] array (
  'type' => 'module',
  'module' => 
  array (
    0 => 'admin',
    1 => 'login',
    2 => 'verify',
  ),
)
[ info ] [ HEADER ] array (
  'host' => '127.0.0.1:8888',
  'connection' => 'keep-alive',
  'user-agent' => 'Mozilla/5.0 (Windows NT 6.1; WOW64) AppleWebKit/537.36 (KHTML, like Gecko) Chrome/69.0.3497.92 Safari/537.36',
  'accept' => 'image/webp,image/apng,image/*,*/*;q=0.8',
  'referer' => 'http://127.0.0.1:8888/tenflyer/public/admin/login/login.html',
  'accept-encoding' => 'gzip, deflate, br',
  'accept-language' => 'zh-CN,zh;q=0.9',
  'cookie' => 'USER_NAME_COOKIE=yuwb; PHPSESSID=7jj932u3ell68nculk7jdhluc7; OA_USER_ID=yuwb; LOGIN_USER_ID=yuwb; BJYADMIN=0f3r5ct47umiqho36rt2ur3qse; LAST_OPERATION_TIME=1539763851',
)
[ info ] [ PARAM ] array (
  '0_7396724468776104' => '',
)
[ info ] [ RUN ] app\admin\controller\Login->verify[ E:\xampp\htdocs\tenflyer\application\admin\controller\Login.php ]
[ info ] [ SESSION ] INIT array (
  'id' => '',
  'var_session_id' => '',
  'prefix' => 'admin',
  'type' => '',
  'auto_start' => true,
)
[ info ] [ LOG ] INIT File
---------------------------------------------------------------
[ 2018-10-17T16:20:21+08:00 ] 127.0.0.1 GET /tenflyer/public/admin/login/verify.html?0.6027398684960388
[ info ] 127.0.0.1:8888/tenflyer/public/admin/login/verify.html?0.6027398684960388 [è¿è¡Œæ—¶é—´ï¼š0.051003s][åžåçŽ‡ï¼š19.61req/s] [å†…å­˜æ¶ˆè€—ï¼š1,367.13kb] [æ–‡ä»¶åŠ è½½ï¼š45]
[ info ] [ LANG ] E:\xampp\htdocs\tenflyer\thinkphp\lang\zh-cn.php
[ info ] [ ROUTE ] array (
  'type' => 'module',
  'module' => 
  array (
    0 => 'admin',
    1 => 'login',
    2 => 'verify',
  ),
)
[ info ] [ HEADER ] array (
  'host' => '127.0.0.1:8888',
  'connection' => 'keep-alive',
  'user-agent' => 'Mozilla/5.0 (Windows NT 6.1; WOW64) AppleWebKit/537.36 (KHTML, like Gecko) Chrome/69.0.3497.92 Safari/537.36',
  'accept' => 'image/webp,image/apng,image/*,*/*;q=0.8',
  'referer' => 'http://127.0.0.1:8888/tenflyer/public/admin/login/login.html',
  'accept-encoding' => 'gzip, deflate, br',
  'accept-language' => 'zh-CN,zh;q=0.9',
  'cookie' => 'USER_NAME_COOKIE=yuwb; PHPSESSID=7jj932u3ell68nculk7jdhluc7; OA_USER_ID=yuwb; LOGIN_USER_ID=yuwb; BJYADMIN=0f3r5ct47umiqho36rt2ur3qse; LAST_OPERATION_TIME=1539763851',
)
[ info ] [ PARAM ] array (
  '0_6027398684960388' => '',
)
[ info ] [ RUN ] app\admin\controller\Login->verify[ E:\xampp\htdocs\tenflyer\application\admin\controller\Login.php ]
[ info ] [ SESSION ] INIT array (
  'id' => '',
  'var_session_id' => '',
  'prefix' => 'admin',
  'type' => '',
  'auto_start' => true,
)
[ info ] [ LOG ] INIT File
---------------------------------------------------------------
[ 2018-10-17T16:20:23+08:00 ] 127.0.0.1 GET /tenflyer/public/admin/login/verify.html?0.6799192028667977
[ info ] 127.0.0.1:8888/tenflyer/public/admin/login/verify.html?0.6799192028667977 [è¿è¡Œæ—¶é—´ï¼š0.047003s][åžåçŽ‡ï¼š21.28req/s] [å†…å­˜æ¶ˆè€—ï¼š1,367.13kb] [æ–‡ä»¶åŠ è½½ï¼š45]
[ info ] [ LANG ] E:\xampp\htdocs\tenflyer\thinkphp\lang\zh-cn.php
[ info ] [ ROUTE ] array (
  'type' => 'module',
  'module' => 
  array (
    0 => 'admin',
    1 => 'login',
    2 => 'verify',
  ),
)
[ info ] [ HEADER ] array (
  'host' => '127.0.0.1:8888',
  'connection' => 'keep-alive',
  'user-agent' => 'Mozilla/5.0 (Windows NT 6.1; WOW64) AppleWebKit/537.36 (KHTML, like Gecko) Chrome/69.0.3497.92 Safari/537.36',
  'accept' => 'image/webp,image/apng,image/*,*/*;q=0.8',
  'referer' => 'http://127.0.0.1:8888/tenflyer/public/admin/login/login.html',
  'accept-encoding' => 'gzip, deflate, br',
  'accept-language' => 'zh-CN,zh;q=0.9',
  'cookie' => 'USER_NAME_COOKIE=yuwb; PHPSESSID=7jj932u3ell68nculk7jdhluc7; OA_USER_ID=yuwb; LOGIN_USER_ID=yuwb; BJYADMIN=0f3r5ct47umiqho36rt2ur3qse; LAST_OPERATION_TIME=1539763851',
)
[ info ] [ PARAM ] array (
  '0_6799192028667977' => '',
)
[ info ] [ RUN ] app\admin\controller\Login->verify[ E:\xampp\htdocs\tenflyer\application\admin\controller\Login.php ]
[ info ] [ SESSION ] INIT array (
  'id' => '',
  'var_session_id' => '',
  'prefix' => 'admin',
  'type' => '',
  'auto_start' => true,
)
[ info ] [ LOG ] INIT File
---------------------------------------------------------------
[ 2018-10-17T16:20:26+08:00 ] 127.0.0.1 POST /tenflyer/public/admin/login/login
[ info ] 127.0.0.1:8888/tenflyer/public/admin/login/login [è¿è¡Œæ—¶é—´ï¼š0.077005s][åžåçŽ‡ï¼š12.99req/s] [å†…å­˜æ¶ˆè€—ï¼š2,046.90kb] [æ–‡ä»¶åŠ è½½ï¼š53]
[ info ] [ LANG ] E:\xampp\htdocs\tenflyer\thinkphp\lang\zh-cn.php
[ info ] [ ROUTE ] array (
  'type' => 'module',
  'module' => 
  array (
    0 => 'admin',
    1 => 'login',
    2 => 'login',
  ),
)
[ info ] [ HEADER ] array (
  'host' => '127.0.0.1:8888',
  'connection' => 'keep-alive',
  'content-length' => '61',
  'accept' => 'application/json, text/javascript, */*; q=0.01',
  'origin' => 'http://127.0.0.1:8888',
  'x-requested-with' => 'XMLHttpRequest',
  'user-agent' => 'Mozilla/5.0 (Windows NT 6.1; WOW64) AppleWebKit/537.36 (KHTML, like Gecko) Chrome/69.0.3497.92 Safari/537.36',
  'content-type' => 'application/x-www-form-urlencoded; charset=UTF-8',
  'referer' => 'http://127.0.0.1:8888/tenflyer/public/admin/login/login.html',
  'accept-encoding' => 'gzip, deflate, br',
  'accept-language' => 'zh-CN,zh;q=0.9',
  'cookie' => 'USER_NAME_COOKIE=yuwb; PHPSESSID=7jj932u3ell68nculk7jdhluc7; OA_USER_ID=yuwb; LOGIN_USER_ID=yuwb; BJYADMIN=0f3r5ct47umiqho36rt2ur3qse; LAST_OPERATION_TIME=1539763851',
)
[ info ] [ PARAM ] array (
  'action' => 'loginVerify',
  'username' => 'admin',
  'password' => '123456',
  'verify' => '6275',
)
[ info ] [ RUN ] app\admin\controller\Login->login[ E:\xampp\htdocs\tenflyer\application\admin\controller\Login.php ]
[ info ] [ SESSION ] INIT array (
  'id' => '',
  'var_session_id' => '',
  'prefix' => 'admin',
  'type' => '',
  'auto_start' => true,
)
[ info ] [ DB ] INIT mysql
[ info ] [ LOG ] INIT File
[ sql ] [ DB ] CONNECT:[ UseTime:0.011001s ] mysql:host=127.0.0.1;port=3306;dbname=tenflyer_sup;charset=utf8
[ sql ] [ SQL ] SHOW COLUMNS FROM `sup_user` [ RunTime:0.012001s ]
[ sql ] [ DB ] CONNECT:[ UseTime:0.010000s ] mysql:host=127.0.0.1;port=3306;dbname=tenflyer_sup;charset=utf8
[ sql ] [ SQL ] SELECT * FROM `sup_user` WHERE  `username` = 'admin'  AND `password` = 'e10adc3949ba59abbe56e057f20f883e' LIMIT 1 [ RunTime:0.002000s ]
[ sql ] [ SQL ] SHOW COLUMNS FROM `sup_menu` [ RunTime:0.005001s ]
[ sql ] [ SQL ] SELECT * FROM `sup_menu` WHERE  (  name="ä¸ªäººä¸­å¿ƒ" and pid=0 ) LIMIT 1 [ RunTime:0.000000s ]
---------------------------------------------------------------
[ 2018-10-17T16:20:26+08:00 ] 127.0.0.1 GET /tenflyer/public/admin/login/verify.html?0.32391157485223987
[ info ] 127.0.0.1:8888/tenflyer/public/admin/login/verify.html?0.32391157485223987 [è¿è¡Œæ—¶é—´ï¼š0.021001s][åžåçŽ‡ï¼š47.62req/s] [å†…å­˜æ¶ˆè€—ï¼š1,368.47kb] [æ–‡ä»¶åŠ è½½ï¼š45]
[ info ] [ LANG ] E:\xampp\htdocs\tenflyer\thinkphp\lang\zh-cn.php
[ info ] [ ROUTE ] array (
  'type' => 'module',
  'module' => 
  array (
    0 => 'admin',
    1 => 'login',
    2 => 'verify',
  ),
)
[ info ] [ HEADER ] array (
  'host' => '127.0.0.1:8888',
  'connection' => 'keep-alive',
  'user-agent' => 'Mozilla/5.0 (Windows NT 6.1; WOW64) AppleWebKit/537.36 (KHTML, like Gecko) Chrome/69.0.3497.92 Safari/537.36',
  'accept' => 'image/webp,image/apng,image/*,*/*;q=0.8',
  'referer' => 'http://127.0.0.1:8888/tenflyer/public/admin/login/login.html',
  'accept-encoding' => 'gzip, deflate, br',
  'accept-language' => 'zh-CN,zh;q=0.9',
  'cookie' => 'USER_NAME_COOKIE=yuwb; PHPSESSID=7jj932u3ell68nculk7jdhluc7; OA_USER_ID=yuwb; LOGIN_USER_ID=yuwb; BJYADMIN=0f3r5ct47umiqho36rt2ur3qse; LAST_OPERATION_TIME=1539763851',
)
[ info ] [ PARAM ] array (
  '0_32391157485223987' => '',
)
[ info ] [ RUN ] app\admin\controller\Login->verify[ E:\xampp\htdocs\tenflyer\application\admin\controller\Login.php ]
[ info ] [ SESSION ] INIT array (
  'id' => '',
  'var_session_id' => '',
  'prefix' => 'admin',
  'type' => '',
  'auto_start' => true,
)
[ info ] [ LOG ] INIT File
---------------------------------------------------------------
[ 2018-10-17T16:20:26+08:00 ] 127.0.0.1 GET /tenflyer/public/admin/index/index.html
[ info ] 127.0.0.1:8888/tenflyer/public/admin/index/index.html [è¿è¡Œæ—¶é—´ï¼š0.073004s][åžåçŽ‡ï¼š13.70req/s] [å†…å­˜æ¶ˆè€—ï¼š2,412.13kb] [æ–‡ä»¶åŠ è½½ï¼š57]
[ info ] [ LANG ] E:\xampp\htdocs\tenflyer\thinkphp\lang\zh-cn.php
[ info ] [ ROUTE ] array (
  'type' => 'module',
  'module' => 
  array (
    0 => 'admin',
    1 => 'index',
    2 => 'index',
  ),
)
[ info ] [ HEADER ] array (
  'host' => '127.0.0.1:8888',
  'connection' => 'keep-alive',
  'upgrade-insecure-requests' => '1',
  'user-agent' => 'Mozilla/5.0 (Windows NT 6.1; WOW64) AppleWebKit/537.36 (KHTML, like Gecko) Chrome/69.0.3497.92 Safari/537.36',
  'accept' => 'text/html,application/xhtml+xml,application/xml;q=0.9,image/webp,image/apng,*/*;q=0.8',
  'referer' => 'http://127.0.0.1:8888/tenflyer/public/admin/login/login.html',
  'accept-encoding' => 'gzip, deflate, br',
  'accept-language' => 'zh-CN,zh;q=0.9',
  'cookie' => 'USER_NAME_COOKIE=yuwb; PHPSESSID=7jj932u3ell68nculk7jdhluc7; OA_USER_ID=yuwb; LOGIN_USER_ID=yuwb; BJYADMIN=0f3r5ct47umiqho36rt2ur3qse; LAST_OPERATION_TIME=1539763851',
)
[ info ] [ PARAM ] array (
)
[ info ] [ SESSION ] INIT array (
  'id' => '',
  'var_session_id' => '',
  'prefix' => 'admin',
  'type' => '',
  'auto_start' => true,
)
[ info ] [ DB ] INIT mysql
[ info ] [ RUN ] app\admin\controller\Index->index[ E:\xampp\htdocs\tenflyer\application\admin\controller\Index.php ]
[ info ] [ VIEW ] E:\xampp\htdocs\tenflyer\public/../application/admin\view\index\index.html [ array (
  0 => 'main_menu',
  1 => 'current_main_menu',
  2 => 'current_menu',
) ]
[ info ] [ LOG ] INIT File
[ sql ] [ DB ] CONNECT:[ UseTime:0.011001s ] mysql:host=127.0.0.1;port=3306;dbname=tenflyer_sup;charset=utf8
[ sql ] [ SQL ] SHOW COLUMNS FROM `sup_auth` [ RunTime:0.006000s ]
[ sql ] [ DB ] CONNECT:[ UseTime:0.000000s ] mysql:host=127.0.0.1;port=3306;dbname=tenflyer_sup;charset=utf8
[ sql ] [ SQL ] SELECT * FROM `sup_auth` WHERE  `auth_code` = 'Index@index' LIMIT 1 [ RunTime:0.001000s ]
[ sql ] [ SQL ] SHOW COLUMNS FROM `sup_menu` [ RunTime:0.003000s ]
[ sql ] [ SQL ] SELECT * FROM `sup_menu` WHERE  (  pid=0 and name<>"ä¸ªäººä¸­å¿ƒ" ) ORDER BY `sort`  asc [ RunTime:0.001000s ]
[ sql ] [ SQL ] SELECT * FROM `sup_menu` WHERE  (  name="ä¸ªäººä¸­å¿ƒ" and pid=0 ) ORDER BY `sort`  asc LIMIT 1 [ RunTime:0.000000s ]
[ sql ] [ SQL ] SELECT * FROM `sup_menu` WHERE  (  1=1 and name<>"ä¸ªäººä¸­å¿ƒ" ) ORDER BY `sort`  asc [ RunTime:0.000000s ]
---------------------------------------------------------------
[ 2018-10-17T16:20:35+08:00 ] 127.0.0.1 POST /tenflyer/public/admin/index/sonmenu.html?id=1
[ info ] 127.0.0.1:8888/tenflyer/public/admin/index/sonmenu.html?id=1 [è¿è¡Œæ—¶é—´ï¼š0.068004s][åžåçŽ‡ï¼š14.70req/s] [å†…å­˜æ¶ˆè€—ï¼š2,360.28kb] [æ–‡ä»¶åŠ è½½ï¼š56]
[ info ] [ LANG ] E:\xampp\htdocs\tenflyer\thinkphp\lang\zh-cn.php
[ info ] [ ROUTE ] array (
  'type' => 'module',
  'module' => 
  array (
    0 => 'admin',
    1 => 'index',
    2 => 'sonmenu',
  ),
)
[ info ] [ HEADER ] array (
  'host' => '127.0.0.1:8888',
  'connection' => 'keep-alive',
  'content-length' => '0',
  'accept' => '*/*',
  'origin' => 'http://127.0.0.1:8888',
  'x-requested-with' => 'XMLHttpRequest',
  'user-agent' => 'Mozilla/5.0 (Windows NT 6.1; WOW64) AppleWebKit/537.36 (KHTML, like Gecko) Chrome/69.0.3497.92 Safari/537.36',
  'referer' => 'http://127.0.0.1:8888/tenflyer/public/admin/index/index.html',
  'accept-encoding' => 'gzip, deflate, br',
  'accept-language' => 'zh-CN,zh;q=0.9',
  'cookie' => 'USER_NAME_COOKIE=yuwb; PHPSESSID=7jj932u3ell68nculk7jdhluc7; OA_USER_ID=yuwb; LOGIN_USER_ID=yuwb; BJYADMIN=0f3r5ct47umiqho36rt2ur3qse; LAST_OPERATION_TIME=1539763851',
)
[ info ] [ PARAM ] array (
  'id' => '1',
)
[ info ] [ SESSION ] INIT array (
  'id' => '',
  'var_session_id' => '',
  'prefix' => 'admin',
  'type' => '',
  'auto_start' => true,
)
[ info ] [ DB ] INIT mysql
[ info ] [ RUN ] app\admin\controller\Index->sonMenu[ E:\xampp\htdocs\tenflyer\application\admin\controller\Index.php ]
[ info ] [ LOG ] INIT File
[ sql ] [ DB ] CONNECT:[ UseTime:0.001000s ] mysql:host=127.0.0.1;port=3306;dbname=tenflyer_sup;charset=utf8
[ sql ] [ SQL ] SHOW COLUMNS FROM `sup_auth` [ RunTime:0.004001s ]
[ sql ] [ DB ] CONNECT:[ UseTime:0.001000s ] mysql:host=127.0.0.1;port=3306;dbname=tenflyer_sup;charset=utf8
[ sql ] [ SQL ] SELECT * FROM `sup_auth` WHERE  `auth_code` = 'Index@sonmenu' LIMIT 1 [ RunTime:0.001000s ]
[ sql ] [ SQL ] SHOW COLUMNS FROM `sup_menu` [ RunTime:0.006000s ]
[ sql ] [ SQL ] SELECT * FROM `sup_menu` WHERE  (  1=1 and name<>"ä¸ªäººä¸­å¿ƒ" ) ORDER BY `sort`  asc [ RunTime:0.001000s ]
---------------------------------------------------------------
[ 2018-10-17T16:20:36+08:00 ] 127.0.0.1 POST /tenflyer/public/admin/index/sonmenu.html?id=7
[ info ] 127.0.0.1:8888/tenflyer/public/admin/index/sonmenu.html?id=7 [è¿è¡Œæ—¶é—´ï¼š0.058004s][åžåçŽ‡ï¼š17.24req/s] [å†…å­˜æ¶ˆè€—ï¼š2,360.28kb] [æ–‡ä»¶åŠ è½½ï¼š56]
[ info ] [ LANG ] E:\xampp\htdocs\tenflyer\thinkphp\lang\zh-cn.php
[ info ] [ ROUTE ] array (
  'type' => 'module',
  'module' => 
  array (
    0 => 'admin',
    1 => 'index',
    2 => 'sonmenu',
  ),
)
[ info ] [ HEADER ] array (
  'host' => '127.0.0.1:8888',
  'connection' => 'keep-alive',
  'content-length' => '0',
  'accept' => '*/*',
  'origin' => 'http://127.0.0.1:8888',
  'x-requested-with' => 'XMLHttpRequest',
  'user-agent' => 'Mozilla/5.0 (Windows NT 6.1; WOW64) AppleWebKit/537.36 (KHTML, like Gecko) Chrome/69.0.3497.92 Safari/537.36',
  'referer' => 'http://127.0.0.1:8888/tenflyer/public/admin/index/index.html',
  'accept-encoding' => 'gzip, deflate, br',
  'accept-language' => 'zh-CN,zh;q=0.9',
  'cookie' => 'USER_NAME_COOKIE=yuwb; PHPSESSID=7jj932u3ell68nculk7jdhluc7; OA_USER_ID=yuwb; LOGIN_USER_ID=yuwb; BJYADMIN=0f3r5ct47umiqho36rt2ur3qse; LAST_OPERATION_TIME=1539763851',
)
[ info ] [ PARAM ] array (
  'id' => '7',
)
[ info ] [ SESSION ] INIT array (
  'id' => '',
  'var_session_id' => '',
  'prefix' => 'admin',
  'type' => '',
  'auto_start' => true,
)
[ info ] [ DB ] INIT mysql
[ info ] [ RUN ] app\admin\controller\Index->sonMenu[ E:\xampp\htdocs\tenflyer\application\admin\controller\Index.php ]
[ info ] [ LOG ] INIT File
[ sql ] [ DB ] CONNECT:[ UseTime:0.000000s ] mysql:host=127.0.0.1;port=3306;dbname=tenflyer_sup;charset=utf8
[ sql ] [ SQL ] SHOW COLUMNS FROM `sup_auth` [ RunTime:0.003001s ]
[ sql ] [ DB ] CONNECT:[ UseTime:0.011000s ] mysql:host=127.0.0.1;port=3306;dbname=tenflyer_sup;charset=utf8
[ sql ] [ SQL ] SELECT * FROM `sup_auth` WHERE  `auth_code` = 'Index@sonmenu' LIMIT 1 [ RunTime:0.000000s ]
[ sql ] [ SQL ] SHOW COLUMNS FROM `sup_menu` [ RunTime:0.003001s ]
[ sql ] [ SQL ] SELECT * FROM `sup_menu` WHERE  (  1=1 and name<>"ä¸ªäººä¸­å¿ƒ" ) ORDER BY `sort`  asc [ RunTime:0.000000s ]
---------------------------------------------------------------
[ 2018-10-17T16:20:37+08:00 ] 127.0.0.1 POST /tenflyer/public/admin/index/sonmenu.html?id=1
[ info ] 127.0.0.1:8888/tenflyer/public/admin/index/sonmenu.html?id=1 [è¿è¡Œæ—¶é—´ï¼š0.063003s][åžåçŽ‡ï¼š15.87req/s] [å†…å­˜æ¶ˆè€—ï¼š2,359.70kb] [æ–‡ä»¶åŠ è½½ï¼š56]
[ info ] [ LANG ] E:\xampp\htdocs\tenflyer\thinkphp\lang\zh-cn.php
[ info ] [ ROUTE ] array (
  'type' => 'module',
  'module' => 
  array (
    0 => 'admin',
    1 => 'index',
    2 => 'sonmenu',
  ),
)
[ info ] [ HEADER ] array (
  'host' => '127.0.0.1:8888',
  'connection' => 'keep-alive',
  'content-length' => '0',
  'accept' => '*/*',
  'origin' => 'http://127.0.0.1:8888',
  'x-requested-with' => 'XMLHttpRequest',
  'user-agent' => 'Mozilla/5.0 (Windows NT 6.1; WOW64) AppleWebKit/537.36 (KHTML, like Gecko) Chrome/69.0.3497.92 Safari/537.36',
  'referer' => 'http://127.0.0.1:8888/tenflyer/public/admin/index/index.html',
  'accept-encoding' => 'gzip, deflate, br',
  'accept-language' => 'zh-CN,zh;q=0.9',
  'cookie' => 'USER_NAME_COOKIE=yuwb; PHPSESSID=7jj932u3ell68nculk7jdhluc7; OA_USER_ID=yuwb; LOGIN_USER_ID=yuwb; BJYADMIN=0f3r5ct47umiqho36rt2ur3qse; LAST_OPERATION_TIME=1539763851',
)
[ info ] [ PARAM ] array (
  'id' => '1',
)
[ info ] [ SESSION ] INIT array (
  'id' => '',
  'var_session_id' => '',
  'prefix' => 'admin',
  'type' => '',
  'auto_start' => true,
)
[ info ] [ DB ] INIT mysql
[ info ] [ RUN ] app\admin\controller\Index->sonMenu[ E:\xampp\htdocs\tenflyer\application\admin\controller\Index.php ]
[ info ] [ LOG ] INIT File
[ sql ] [ DB ] CONNECT:[ UseTime:0.001000s ] mysql:host=127.0.0.1;port=3306;dbname=tenflyer_sup;charset=utf8
[ sql ] [ SQL ] SHOW COLUMNS FROM `sup_auth` [ RunTime:0.004001s ]
[ sql ] [ DB ] CONNECT:[ UseTime:0.000000s ] mysql:host=127.0.0.1;port=3306;dbname=tenflyer_sup;charset=utf8
[ sql ] [ SQL ] SELECT * FROM `sup_auth` WHERE  `auth_code` = 'Index@sonmenu' LIMIT 1 [ RunTime:0.001000s ]
[ sql ] [ SQL ] SHOW COLUMNS FROM `sup_menu` [ RunTime:0.003000s ]
[ sql ] [ SQL ] SELECT * FROM `sup_menu` WHERE  (  1=1 and name<>"ä¸ªäººä¸­å¿ƒ" ) ORDER BY `sort`  asc [ RunTime:0.001000s ]
---------------------------------------------------------------
[ 2018-10-17T16:20:38+08:00 ] 127.0.0.1 POST /tenflyer/public/admin/index/sonmenu.html?id=7
[ info ] 127.0.0.1:8888/tenflyer/public/admin/index/sonmenu.html?id=7 [è¿è¡Œæ—¶é—´ï¼š0.028002s][åžåçŽ‡ï¼š35.71req/s] [å†…å­˜æ¶ˆè€—ï¼š1,438.52kb] [æ–‡ä»¶åŠ è½½ï¼š48]
[ info ] [ LANG ] E:\xampp\htdocs\tenflyer\thinkphp\lang\zh-cn.php
[ info ] [ ROUTE ] array (
  'type' => 'module',
  'module' => 
  array (
    0 => 'admin',
    1 => 'index',
    2 => 'sonmenu',
  ),
)
[ info ] [ HEADER ] array (
  'host' => '127.0.0.1:8888',
  'connection' => 'keep-alive',
  'content-length' => '0',
  'accept' => '*/*',
  'origin' => 'http://127.0.0.1:8888',
  'x-requested-with' => 'XMLHttpRequest',
  'user-agent' => 'Mozilla/5.0 (Windows NT 6.1; WOW64) AppleWebKit/537.36 (KHTML, like Gecko) Chrome/69.0.3497.92 Safari/537.36',
  'referer' => 'http://127.0.0.1:8888/tenflyer/public/admin/index/index.html',
  'accept-encoding' => 'gzip, deflate, br',
  'accept-language' => 'zh-CN,zh;q=0.9',
  'cookie' => 'USER_NAME_COOKIE=yuwb; PHPSESSID=7jj932u3ell68nculk7jdhluc7; OA_USER_ID=yuwb; LOGIN_USER_ID=yuwb; BJYADMIN=0f3r5ct47umiqho36rt2ur3qse; LAST_OPERATION_TIME=1539763851',
)
[ info ] [ PARAM ] array (
  'id' => '7',
)
[ info ] [ SESSION ] INIT array (
  'id' => '',
  'var_session_id' => '',
  'prefix' => 'admin',
  'type' => '',
  'auto_start' => true,
)
[ info ] [ LOG ] INIT File
---------------------------------------------------------------
[ 2018-10-17T16:20:38+08:00 ] 127.0.0.1 GET /tenflyer/public/admin/login/login.html
[ info ] 127.0.0.1:8888/tenflyer/public/admin/login/login.html [è¿è¡Œæ—¶é—´ï¼š0.017001s][åžåçŽ‡ï¼š58.82req/s] [å†…å­˜æ¶ˆè€—ï¼š1,374.29kb] [æ–‡ä»¶åŠ è½½ï¼š47]
[ info ] [ LANG ] E:\xampp\htdocs\tenflyer\thinkphp\lang\zh-cn.php
[ info ] [ ROUTE ] array (
  'type' => 'module',
  'module' => 
  array (
    0 => 'admin',
    1 => 'login',
    2 => 'login',
  ),
)
[ info ] [ HEADER ] array (
  'host' => '127.0.0.1:8888',
  'connection' => 'keep-alive',
  'accept' => '*/*',
  'x-requested-with' => 'XMLHttpRequest',
  'user-agent' => 'Mozilla/5.0 (Windows NT 6.1; WOW64) AppleWebKit/537.36 (KHTML, like Gecko) Chrome/69.0.3497.92 Safari/537.36',
  'referer' => 'http://127.0.0.1:8888/tenflyer/public/admin/index/index.html',
  'accept-encoding' => 'gzip, deflate, br',
  'accept-language' => 'zh-CN,zh;q=0.9',
  'cookie' => 'USER_NAME_COOKIE=yuwb; PHPSESSID=7jj932u3ell68nculk7jdhluc7; OA_USER_ID=yuwb; LOGIN_USER_ID=yuwb; BJYADMIN=0f3r5ct47umiqho36rt2ur3qse; LAST_OPERATION_TIME=1539763851',
)
[ info ] [ PARAM ] array (
)
[ info ] [ RUN ] app\admin\controller\Login->login[ E:\xampp\htdocs\tenflyer\application\admin\controller\Login.php ]
[ info ] [ VIEW ] E:\xampp\htdocs\tenflyer\public/../application/admin\view\login\login.html [ array (
) ]
[ info ] [ LOG ] INIT File
---------------------------------------------------------------
[ 2018-10-17T16:20:38+08:00 ] 127.0.0.1 GET /tenflyer/public/admin/login/verify.html
[ info ] 127.0.0.1:8888/tenflyer/public/admin/login/verify.html [è¿è¡Œæ—¶é—´ï¼š0.021001s][åžåçŽ‡ï¼š47.62req/s] [å†…å­˜æ¶ˆè€—ï¼š1,366.23kb] [æ–‡ä»¶åŠ è½½ï¼š45]
[ info ] [ LANG ] E:\xampp\htdocs\tenflyer\thinkphp\lang\zh-cn.php
[ info ] [ ROUTE ] array (
  'type' => 'module',
  'module' => 
  array (
    0 => 'admin',
    1 => 'login',
    2 => 'verify',
  ),
)
[ info ] [ HEADER ] array (
  'host' => '127.0.0.1:8888',
  'connection' => 'keep-alive',
  'user-agent' => 'Mozilla/5.0 (Windows NT 6.1; WOW64) AppleWebKit/537.36 (KHTML, like Gecko) Chrome/69.0.3497.92 Safari/537.36',
  'accept' => 'image/webp,image/apng,image/*,*/*;q=0.8',
  'referer' => 'http://127.0.0.1:8888/tenflyer/public/admin/index/index.html',
  'accept-encoding' => 'gzip, deflate, br',
  'accept-language' => 'zh-CN,zh;q=0.9',
  'cookie' => 'USER_NAME_COOKIE=yuwb; PHPSESSID=7jj932u3ell68nculk7jdhluc7; OA_USER_ID=yuwb; LOGIN_USER_ID=yuwb; BJYADMIN=0f3r5ct47umiqho36rt2ur3qse; LAST_OPERATION_TIME=1539763851',
)
[ info ] [ PARAM ] array (
)
[ info ] [ RUN ] app\admin\controller\Login->verify[ E:\xampp\htdocs\tenflyer\application\admin\controller\Login.php ]
[ info ] [ SESSION ] INIT array (
  'id' => '',
  'var_session_id' => '',
  'prefix' => 'admin',
  'type' => '',
  'auto_start' => true,
)
[ info ] [ LOG ] INIT File
