---------------------------------------------------------------
[ 2018-08-28T10:37:05+08:00 ] 127.0.0.1 GET /tenflyer/public/
[ info ] 127.0.0.1:8088/tenflyer/public/ [运行时间：0.074003s][吞吐率：13.51req/s] [内存消耗：1,682.88kb] [文件加载：48]
[ info ] [ LANG ] E:\xampp\htdocs\tenflyer\thinkphp\lang\zh-cn.php
[ info ] [ ROUTE ] array (
  'type' => 'module',
  'module' => 
  array (
    0 => '',
    1 => NULL,
    2 => NULL,
  ),
)
[ info ] [ HEADER ] array (
  'host' => '127.0.0.1:8088',
  'connection' => 'keep-alive',
  'upgrade-insecure-requests' => '1',
  'user-agent' => 'Mozilla/5.0 (Windows NT 6.1; WOW64) AppleWebKit/537.36 (KHTML, like Gecko) Chrome/68.0.3440.106 Safari/537.36',
  'accept' => 'text/html,application/xhtml+xml,application/xml;q=0.9,image/webp,image/apng,*/*;q=0.8',
  'referer' => 'http://127.0.0.1:8088/thsp/',
  'accept-encoding' => 'gzip, deflate, br',
  'accept-language' => 'zh-CN,zh;q=0.9',
  'cookie' => 'USER_NAME_COOKIE=yuwb; PHPSESSID=lasriqkp75aojbfb1slktt6bm4; OA_USER_ID=yuwb; LOGIN_USER_ID=yuwb; LAST_OPERATION_TIME=1535351210',
)
[ info ] [ PARAM ] array (
)
[ info ] [ SESSION ] INIT array (
  'id' => '',
  'var_session_id' => '',
  'prefix' => 'index',
  'type' => '',
  'auto_start' => true,
)
[ info ] [ LOG ] INIT File
---------------------------------------------------------------
[ 2018-08-28T10:37:05+08:00 ] 127.0.0.1 GET /tenflyer/public/index/login/login.html
[ info ] 127.0.0.1:8088/tenflyer/public/index/login/login.html [运行时间：0.023001s][吞吐率：43.48req/s] [内存消耗：1,675.91kb] [文件加载：47]
[ info ] [ LANG ] E:\xampp\htdocs\tenflyer\thinkphp\lang\zh-cn.php
[ info ] [ ROUTE ] array (
  'type' => 'module',
  'module' => 
  array (
    0 => 'index',
    1 => 'login',
    2 => 'login',
  ),
)
[ info ] [ HEADER ] array (
  'host' => '127.0.0.1:8088',
  'connection' => 'keep-alive',
  'upgrade-insecure-requests' => '1',
  'user-agent' => 'Mozilla/5.0 (Windows NT 6.1; WOW64) AppleWebKit/537.36 (KHTML, like Gecko) Chrome/68.0.3440.106 Safari/537.36',
  'accept' => 'text/html,application/xhtml+xml,application/xml;q=0.9,image/webp,image/apng,*/*;q=0.8',
  'referer' => 'http://127.0.0.1:8088/thsp/',
  'accept-encoding' => 'gzip, deflate, br',
  'accept-language' => 'zh-CN,zh;q=0.9',
  'cookie' => 'USER_NAME_COOKIE=yuwb; PHPSESSID=lasriqkp75aojbfb1slktt6bm4; OA_USER_ID=yuwb; LOGIN_USER_ID=yuwb; LAST_OPERATION_TIME=1535351210',
)
[ info ] [ PARAM ] array (
)
[ info ] [ RUN ] app\index\controller\Login->login[ E:\xampp\htdocs\tenflyer\application\index\controller\Login.php ]
[ info ] [ VIEW ] E:\xampp\htdocs\tenflyer\public/../application/index\view\login\login.html [ array (
) ]
[ info ] [ LOG ] INIT File
