---------------------------------------------------------------
[ 2018-09-18T17:41:43+08:00 ] 127.0.0.1 GET /tenflyer/public/admin/login/login.html
[ info ] 127.0.0.1:8888/tenflyer/public/admin/login/login.html [运行时间：0.071004s][吞吐率：14.08req/s] [内存消耗：1,374.06kb] [文件加载：47]
[ info ] [ LANG ] E:\xampp\htdocs\tenflyer\thinkphp\lang\zh-cn.php
[ info ] [ ROUTE ] array (
  'type' => 'module',
  'module' => 
  array (
    0 => 'admin',
    1 => 'login',
    2 => 'login',
  ),
)
[ info ] [ HEADER ] array (
  'host' => '127.0.0.1:8888',
  'connection' => 'keep-alive',
  'cache-control' => 'max-age=0',
  'upgrade-insecure-requests' => '1',
  'user-agent' => 'Mozilla/5.0 (Windows NT 6.1; WOW64) AppleWebKit/537.36 (KHTML, like Gecko) Chrome/68.0.3440.106 Safari/537.36',
  'accept' => 'text/html,application/xhtml+xml,application/xml;q=0.9,image/webp,image/apng,*/*;q=0.8',
  'accept-encoding' => 'gzip, deflate, br',
  'accept-language' => 'zh-CN,zh;q=0.9',
  'cookie' => 'USER_NAME_COOKIE=yuwb; PHPSESSID=lasriqkp75aojbfb1slktt6bm4; OA_USER_ID=yuwb; LOGIN_USER_ID=yuwb; LAST_OPERATION_TIME=1537263656',
)
[ info ] [ PARAM ] array (
)
[ info ] [ RUN ] app\admin\controller\Login->login[ E:\xampp\htdocs\tenflyer\application\admin\controller\Login.php ]
[ info ] [ VIEW ] E:\xampp\htdocs\tenflyer\public/../application/admin\view\login\login.html [ array (
) ]
[ info ] [ LOG ] INIT File
---------------------------------------------------------------
[ 2018-09-18T17:41:43+08:00 ] 127.0.0.1 GET /tenflyer/public/admin/login/verify.html
[ info ] 127.0.0.1:8888/tenflyer/public/admin/login/verify.html [运行时间：0.059003s][吞吐率：16.95req/s] [内存消耗：1,365.96kb] [文件加载：45]
[ info ] [ LANG ] E:\xampp\htdocs\tenflyer\thinkphp\lang\zh-cn.php
[ info ] [ ROUTE ] array (
  'type' => 'module',
  'module' => 
  array (
    0 => 'admin',
    1 => 'login',
    2 => 'verify',
  ),
)
[ info ] [ HEADER ] array (
  'host' => '127.0.0.1:8888',
  'connection' => 'keep-alive',
  'user-agent' => 'Mozilla/5.0 (Windows NT 6.1; WOW64) AppleWebKit/537.36 (KHTML, like Gecko) Chrome/68.0.3440.106 Safari/537.36',
  'accept' => 'image/webp,image/apng,image/*,*/*;q=0.8',
  'referer' => 'http://127.0.0.1:8888/tenflyer/public/admin/login/login.html',
  'accept-encoding' => 'gzip, deflate, br',
  'accept-language' => 'zh-CN,zh;q=0.9',
  'cookie' => 'USER_NAME_COOKIE=yuwb; PHPSESSID=lasriqkp75aojbfb1slktt6bm4; OA_USER_ID=yuwb; LOGIN_USER_ID=yuwb; LAST_OPERATION_TIME=1537263656',
)
[ info ] [ PARAM ] array (
)
[ info ] [ RUN ] app\admin\controller\Login->verify[ E:\xampp\htdocs\tenflyer\application\admin\controller\Login.php ]
[ info ] [ SESSION ] INIT array (
  'id' => '',
  'var_session_id' => '',
  'prefix' => 'admin',
  'type' => '',
  'auto_start' => true,
)
[ info ] [ LOG ] INIT File
