---------------------------------------------------------------
[ 2018-09-19T10:59:35+08:00 ] 127.0.0.1 GET /tenflyer/public/admin/login/login.html
[ info ] 127.0.0.1:8888/tenflyer/public/admin/login/login.html [运行时间：0.055004s][吞吐率：18.18req/s] [内存消耗：1,374.06kb] [文件加载：47]
[ info ] [ LANG ] E:\xampp\htdocs\tenflyer\thinkphp\lang\zh-cn.php
[ info ] [ ROUTE ] array (
  'type' => 'module',
  'module' => 
  array (
    0 => 'admin',
    1 => 'login',
    2 => 'login',
  ),
)
[ info ] [ HEADER ] array (
  'host' => '127.0.0.1:8888',
  'connection' => 'keep-alive',
  'cache-control' => 'max-age=0',
  'upgrade-insecure-requests' => '1',
  'user-agent' => 'Mozilla/5.0 (Windows NT 6.1; WOW64) AppleWebKit/537.36 (KHTML, like Gecko) Chrome/68.0.3440.106 Safari/537.36',
  'accept' => 'text/html,application/xhtml+xml,application/xml;q=0.9,image/webp,image/apng,*/*;q=0.8',
  'accept-encoding' => 'gzip, deflate, br',
  'accept-language' => 'zh-CN,zh;q=0.9',
  'cookie' => 'USER_NAME_COOKIE=yuwb; PHPSESSID=lasriqkp75aojbfb1slktt6bm4; OA_USER_ID=yuwb; LOGIN_USER_ID=yuwb; LAST_OPERATION_TIME=1537325869',
)
[ info ] [ PARAM ] array (
)
[ info ] [ RUN ] app\admin\controller\Login->login[ E:\xampp\htdocs\tenflyer\application\admin\controller\Login.php ]
[ info ] [ VIEW ] E:\xampp\htdocs\tenflyer\public/../application/admin\view\login\login.html [ array (
) ]
[ info ] [ LOG ] INIT File
---------------------------------------------------------------
[ 2018-09-19T10:59:35+08:00 ] 127.0.0.1 GET /tenflyer/public/admin/login/verify.html
[ info ] 127.0.0.1:8888/tenflyer/public/admin/login/verify.html [运行时间：0.038002s][吞吐率：26.31req/s] [内存消耗：1,365.96kb] [文件加载：45]
[ info ] [ LANG ] E:\xampp\htdocs\tenflyer\thinkphp\lang\zh-cn.php
[ info ] [ ROUTE ] array (
  'type' => 'module',
  'module' => 
  array (
    0 => 'admin',
    1 => 'login',
    2 => 'verify',
  ),
)
[ info ] [ HEADER ] array (
  'host' => '127.0.0.1:8888',
  'connection' => 'keep-alive',
  'user-agent' => 'Mozilla/5.0 (Windows NT 6.1; WOW64) AppleWebKit/537.36 (KHTML, like Gecko) Chrome/68.0.3440.106 Safari/537.36',
  'accept' => 'image/webp,image/apng,image/*,*/*;q=0.8',
  'referer' => 'http://127.0.0.1:8888/tenflyer/public/admin/login/login.html',
  'accept-encoding' => 'gzip, deflate, br',
  'accept-language' => 'zh-CN,zh;q=0.9',
  'cookie' => 'USER_NAME_COOKIE=yuwb; PHPSESSID=lasriqkp75aojbfb1slktt6bm4; OA_USER_ID=yuwb; LOGIN_USER_ID=yuwb; LAST_OPERATION_TIME=1537325869',
)
[ info ] [ PARAM ] array (
)
[ info ] [ RUN ] app\admin\controller\Login->verify[ E:\xampp\htdocs\tenflyer\application\admin\controller\Login.php ]
[ info ] [ SESSION ] INIT array (
  'id' => '',
  'var_session_id' => '',
  'prefix' => 'admin',
  'type' => '',
  'auto_start' => true,
)
[ info ] [ LOG ] INIT File
---------------------------------------------------------------
[ 2018-09-19T10:59:38+08:00 ] 127.0.0.1 GET /tenflyer/public/admin/login/verify.html?0.6743131150247292
[ info ] 127.0.0.1:8888/tenflyer/public/admin/login/verify.html?0.6743131150247292 [运行时间：0.027001s][吞吐率：37.04req/s] [内存消耗：1,366.70kb] [文件加载：45]
[ info ] [ LANG ] E:\xampp\htdocs\tenflyer\thinkphp\lang\zh-cn.php
[ info ] [ ROUTE ] array (
  'type' => 'module',
  'module' => 
  array (
    0 => 'admin',
    1 => 'login',
    2 => 'verify',
  ),
)
[ info ] [ HEADER ] array (
  'host' => '127.0.0.1:8888',
  'connection' => 'keep-alive',
  'user-agent' => 'Mozilla/5.0 (Windows NT 6.1; WOW64) AppleWebKit/537.36 (KHTML, like Gecko) Chrome/68.0.3440.106 Safari/537.36',
  'accept' => 'image/webp,image/apng,image/*,*/*;q=0.8',
  'referer' => 'http://127.0.0.1:8888/tenflyer/public/admin/login/login.html',
  'accept-encoding' => 'gzip, deflate, br',
  'accept-language' => 'zh-CN,zh;q=0.9',
  'cookie' => 'USER_NAME_COOKIE=yuwb; PHPSESSID=lasriqkp75aojbfb1slktt6bm4; OA_USER_ID=yuwb; LOGIN_USER_ID=yuwb; LAST_OPERATION_TIME=1537325869',
)
[ info ] [ PARAM ] array (
  '0_6743131150247292' => '',
)
[ info ] [ RUN ] app\admin\controller\Login->verify[ E:\xampp\htdocs\tenflyer\application\admin\controller\Login.php ]
[ info ] [ SESSION ] INIT array (
  'id' => '',
  'var_session_id' => '',
  'prefix' => 'admin',
  'type' => '',
  'auto_start' => true,
)
[ info ] [ LOG ] INIT File
---------------------------------------------------------------
[ 2018-09-19T10:59:41+08:00 ] 127.0.0.1 POST /tenflyer/public/admin/login/login
[ info ] 127.0.0.1:8888/tenflyer/public/admin/login/login [运行时间：0.064002s][吞吐率：15.62req/s] [内存消耗：2,046.47kb] [文件加载：53]
[ info ] [ LANG ] E:\xampp\htdocs\tenflyer\thinkphp\lang\zh-cn.php
[ info ] [ ROUTE ] array (
  'type' => 'module',
  'module' => 
  array (
    0 => 'admin',
    1 => 'login',
    2 => 'login',
  ),
)
[ info ] [ HEADER ] array (
  'host' => '127.0.0.1:8888',
  'connection' => 'keep-alive',
  'content-length' => '61',
  'accept' => 'application/json, text/javascript, */*; q=0.01',
  'origin' => 'http://127.0.0.1:8888',
  'x-requested-with' => 'XMLHttpRequest',
  'user-agent' => 'Mozilla/5.0 (Windows NT 6.1; WOW64) AppleWebKit/537.36 (KHTML, like Gecko) Chrome/68.0.3440.106 Safari/537.36',
  'content-type' => 'application/x-www-form-urlencoded; charset=UTF-8',
  'referer' => 'http://127.0.0.1:8888/tenflyer/public/admin/login/login.html',
  'accept-encoding' => 'gzip, deflate, br',
  'accept-language' => 'zh-CN,zh;q=0.9',
  'cookie' => 'USER_NAME_COOKIE=yuwb; PHPSESSID=lasriqkp75aojbfb1slktt6bm4; OA_USER_ID=yuwb; LOGIN_USER_ID=yuwb; LAST_OPERATION_TIME=1537325869',
)
[ info ] [ PARAM ] array (
  'action' => 'loginVerify',
  'username' => 'admin',
  'password' => '123456',
  'verify' => '6539',
)
[ info ] [ RUN ] app\admin\controller\Login->login[ E:\xampp\htdocs\tenflyer\application\admin\controller\Login.php ]
[ info ] [ SESSION ] INIT array (
  'id' => '',
  'var_session_id' => '',
  'prefix' => 'admin',
  'type' => '',
  'auto_start' => true,
)
[ info ] [ DB ] INIT mysql
[ info ] [ LOG ] INIT File
[ sql ] [ DB ] CONNECT:[ UseTime:0.001000s ] mysql:host=127.0.0.1;port=3306;dbname=tenflyer_sup;charset=utf8
[ sql ] [ SQL ] SHOW COLUMNS FROM `sup_user` [ RunTime:0.000000s ]
[ sql ] [ DB ] CONNECT:[ UseTime:0.010000s ] mysql:host=127.0.0.1;port=3306;dbname=tenflyer_sup;charset=utf8
[ sql ] [ SQL ] SELECT * FROM `sup_user` WHERE  `username` = 'admin'  AND `password` = 'e10adc3949ba59abbe56e057f20f883e' LIMIT 1 [ RunTime:0.000000s ]
[ sql ] [ SQL ] SHOW COLUMNS FROM `sup_menu` [ RunTime:0.000000s ]
[ sql ] [ SQL ] SELECT * FROM `sup_menu` WHERE  (  name="个人中心" and pid=0 ) LIMIT 1 [ RunTime:0.000000s ]
---------------------------------------------------------------
[ 2018-09-19T10:59:41+08:00 ] 127.0.0.1 GET /tenflyer/public/admin/login/verify.html?0.5304548134119458
[ info ] 127.0.0.1:8888/tenflyer/public/admin/login/verify.html?0.5304548134119458 [运行时间：0.033001s][吞吐率：30.30req/s] [内存消耗：1,368.04kb] [文件加载：45]
[ info ] [ LANG ] E:\xampp\htdocs\tenflyer\thinkphp\lang\zh-cn.php
[ info ] [ ROUTE ] array (
  'type' => 'module',
  'module' => 
  array (
    0 => 'admin',
    1 => 'login',
    2 => 'verify',
  ),
)
[ info ] [ HEADER ] array (
  'host' => '127.0.0.1:8888',
  'connection' => 'keep-alive',
  'user-agent' => 'Mozilla/5.0 (Windows NT 6.1; WOW64) AppleWebKit/537.36 (KHTML, like Gecko) Chrome/68.0.3440.106 Safari/537.36',
  'accept' => 'image/webp,image/apng,image/*,*/*;q=0.8',
  'referer' => 'http://127.0.0.1:8888/tenflyer/public/admin/login/login.html',
  'accept-encoding' => 'gzip, deflate, br',
  'accept-language' => 'zh-CN,zh;q=0.9',
  'cookie' => 'USER_NAME_COOKIE=yuwb; PHPSESSID=lasriqkp75aojbfb1slktt6bm4; OA_USER_ID=yuwb; LOGIN_USER_ID=yuwb; LAST_OPERATION_TIME=1537325869',
)
[ info ] [ PARAM ] array (
  '0_5304548134119458' => '',
)
[ info ] [ RUN ] app\admin\controller\Login->verify[ E:\xampp\htdocs\tenflyer\application\admin\controller\Login.php ]
[ info ] [ SESSION ] INIT array (
  'id' => '',
  'var_session_id' => '',
  'prefix' => 'admin',
  'type' => '',
  'auto_start' => true,
)
[ info ] [ LOG ] INIT File
---------------------------------------------------------------
[ 2018-09-19T10:59:41+08:00 ] 127.0.0.1 GET /tenflyer/public/admin/index/index.html
[ info ] 127.0.0.1:8888/tenflyer/public/admin/index/index.html [运行时间：0.072004s][吞吐率：13.89req/s] [内存消耗：2,406.48kb] [文件加载：57]
[ info ] [ LANG ] E:\xampp\htdocs\tenflyer\thinkphp\lang\zh-cn.php
[ info ] [ ROUTE ] array (
  'type' => 'module',
  'module' => 
  array (
    0 => 'admin',
    1 => 'index',
    2 => 'index',
  ),
)
[ info ] [ HEADER ] array (
  'host' => '127.0.0.1:8888',
  'connection' => 'keep-alive',
  'upgrade-insecure-requests' => '1',
  'user-agent' => 'Mozilla/5.0 (Windows NT 6.1; WOW64) AppleWebKit/537.36 (KHTML, like Gecko) Chrome/68.0.3440.106 Safari/537.36',
  'accept' => 'text/html,application/xhtml+xml,application/xml;q=0.9,image/webp,image/apng,*/*;q=0.8',
  'referer' => 'http://127.0.0.1:8888/tenflyer/public/admin/login/login.html',
  'accept-encoding' => 'gzip, deflate, br',
  'accept-language' => 'zh-CN,zh;q=0.9',
  'cookie' => 'dwz_theme=default; USER_NAME_COOKIE=yuwb; PHPSESSID=lasriqkp75aojbfb1slktt6bm4; OA_USER_ID=yuwb; LOGIN_USER_ID=yuwb; LAST_OPERATION_TIME=1537325869',
)
[ info ] [ PARAM ] array (
)
[ info ] [ SESSION ] INIT array (
  'id' => '',
  'var_session_id' => '',
  'prefix' => 'admin',
  'type' => '',
  'auto_start' => true,
)
[ info ] [ DB ] INIT mysql
[ info ] [ RUN ] app\admin\controller\Index->index[ E:\xampp\htdocs\tenflyer\application\admin\controller\Index.php ]
[ info ] [ VIEW ] E:\xampp\htdocs\tenflyer\public/../application/admin\view\index\index.html [ array (
  0 => 'main_menu',
  1 => 'current_main_menu',
  2 => 'current_menu',
) ]
[ info ] [ LOG ] INIT File
[ sql ] [ DB ] CONNECT:[ UseTime:0.011000s ] mysql:host=127.0.0.1;port=3306;dbname=tenflyer_sup;charset=utf8
[ sql ] [ SQL ] SHOW COLUMNS FROM `sup_auth` [ RunTime:0.003000s ]
[ sql ] [ DB ] CONNECT:[ UseTime:0.000000s ] mysql:host=127.0.0.1;port=3306;dbname=tenflyer_sup;charset=utf8
[ sql ] [ SQL ] SELECT * FROM `sup_auth` WHERE  `auth_code` = 'Index@index' LIMIT 1 [ RunTime:0.001001s ]
[ sql ] [ SQL ] SHOW COLUMNS FROM `sup_menu` [ RunTime:0.005000s ]
[ sql ] [ SQL ] SELECT * FROM `sup_menu` WHERE  (  status=1 and pid=0 and name<>"个人中心" ) ORDER BY `sort`  asc [ RunTime:0.001000s ]
[ sql ] [ SQL ] SELECT * FROM `sup_menu` WHERE  (  name="个人中心" and pid=0 ) ORDER BY `sort`  asc LIMIT 1 [ RunTime:0.000000s ]
[ sql ] [ SQL ] SELECT * FROM `sup_menu` WHERE  (  status=1 and name<>'个人中心' ) ORDER BY `sort`  asc [ RunTime:0.001000s ]
---------------------------------------------------------------
[ 2018-09-19T10:59:44+08:00 ] 127.0.0.1 POST /tenflyer/public/admin/index/sonmenu.html?id=1
[ info ] 127.0.0.1:8888/tenflyer/public/admin/index/sonmenu.html?id=1 [运行时间：0.078004s][吞吐率：12.82req/s] [内存消耗：2,354.55kb] [文件加载：56]
[ info ] [ LANG ] E:\xampp\htdocs\tenflyer\thinkphp\lang\zh-cn.php
[ info ] [ ROUTE ] array (
  'type' => 'module',
  'module' => 
  array (
    0 => 'admin',
    1 => 'index',
    2 => 'sonmenu',
  ),
)
[ info ] [ HEADER ] array (
  'host' => '127.0.0.1:8888',
  'connection' => 'keep-alive',
  'content-length' => '0',
  'accept' => '*/*',
  'origin' => 'http://127.0.0.1:8888',
  'x-requested-with' => 'XMLHttpRequest',
  'user-agent' => 'Mozilla/5.0 (Windows NT 6.1; WOW64) AppleWebKit/537.36 (KHTML, like Gecko) Chrome/68.0.3440.106 Safari/537.36',
  'referer' => 'http://127.0.0.1:8888/tenflyer/public/admin/index/index.html',
  'accept-encoding' => 'gzip, deflate, br',
  'accept-language' => 'zh-CN,zh;q=0.9',
  'cookie' => 'dwz_theme=default; USER_NAME_COOKIE=yuwb; PHPSESSID=lasriqkp75aojbfb1slktt6bm4; OA_USER_ID=yuwb; LOGIN_USER_ID=yuwb; LAST_OPERATION_TIME=1537325869',
)
[ info ] [ PARAM ] array (
  'id' => '1',
)
[ info ] [ SESSION ] INIT array (
  'id' => '',
  'var_session_id' => '',
  'prefix' => 'admin',
  'type' => '',
  'auto_start' => true,
)
[ info ] [ DB ] INIT mysql
[ info ] [ RUN ] app\admin\controller\Index->sonMenu[ E:\xampp\htdocs\tenflyer\application\admin\controller\Index.php ]
[ info ] [ LOG ] INIT File
[ sql ] [ DB ] CONNECT:[ UseTime:0.000000s ] mysql:host=127.0.0.1;port=3306;dbname=tenflyer_sup;charset=utf8
[ sql ] [ SQL ] SHOW COLUMNS FROM `sup_auth` [ RunTime:0.005000s ]
[ sql ] [ DB ] CONNECT:[ UseTime:0.011001s ] mysql:host=127.0.0.1;port=3306;dbname=tenflyer_sup;charset=utf8
[ sql ] [ SQL ] SELECT * FROM `sup_auth` WHERE  `auth_code` = 'Index@sonmenu' LIMIT 1 [ RunTime:0.000000s ]
[ sql ] [ SQL ] SHOW COLUMNS FROM `sup_menu` [ RunTime:0.003000s ]
[ sql ] [ SQL ] SELECT * FROM `sup_menu` WHERE  (  status=1 and name<>'个人中心' ) ORDER BY `sort`  asc [ RunTime:0.001000s ]
---------------------------------------------------------------
[ 2018-09-19T10:59:48+08:00 ] 127.0.0.1 GET /tenflyer/public/admin/system/user.html?_=1537325982024
[ info ] 127.0.0.1:8888/tenflyer/public/admin/system/user.html?_=1537325982024 [运行时间：0.057003s][吞吐率：17.54req/s] [内存消耗：2,073.42kb] [文件加载：55]
[ info ] [ LANG ] E:\xampp\htdocs\tenflyer\thinkphp\lang\zh-cn.php
[ info ] [ ROUTE ] array (
  'type' => 'module',
  'module' => 
  array (
    0 => 'admin',
    1 => 'system',
    2 => 'user',
  ),
)
[ info ] [ HEADER ] array (
  'host' => '127.0.0.1:8888',
  'connection' => 'keep-alive',
  'accept' => '*/*',
  'x-requested-with' => 'XMLHttpRequest',
  'user-agent' => 'Mozilla/5.0 (Windows NT 6.1; WOW64) AppleWebKit/537.36 (KHTML, like Gecko) Chrome/68.0.3440.106 Safari/537.36',
  'referer' => 'http://127.0.0.1:8888/tenflyer/public/admin/index/index.html',
  'accept-encoding' => 'gzip, deflate, br',
  'accept-language' => 'zh-CN,zh;q=0.9',
  'cookie' => 'USER_NAME_COOKIE=yuwb; PHPSESSID=lasriqkp75aojbfb1slktt6bm4; OA_USER_ID=yuwb; LOGIN_USER_ID=yuwb; LAST_OPERATION_TIME=1537325869',
)
[ info ] [ PARAM ] array (
  '_' => '1537325982024',
)
[ info ] [ SESSION ] INIT array (
  'id' => '',
  'var_session_id' => '',
  'prefix' => 'admin',
  'type' => '',
  'auto_start' => true,
)
[ info ] [ DB ] INIT mysql
[ info ] [ RUN ] app\admin\controller\System->user[ E:\xampp\htdocs\tenflyer\application\admin\controller\System.php ]
[ info ] [ VIEW ] E:\xampp\htdocs\tenflyer\public/../application/admin\view\system\user_list.html [ array (
  0 => 'user_list',
) ]
[ info ] [ LOG ] INIT File
[ sql ] [ DB ] CONNECT:[ UseTime:0.001000s ] mysql:host=127.0.0.1;port=3306;dbname=tenflyer_sup;charset=utf8
[ sql ] [ SQL ] SHOW COLUMNS FROM `sup_auth` [ RunTime:0.004000s ]
[ sql ] [ DB ] CONNECT:[ UseTime:0.001000s ] mysql:host=127.0.0.1;port=3306;dbname=tenflyer_sup;charset=utf8
[ sql ] [ SQL ] SELECT * FROM `sup_auth` WHERE  `auth_code` = 'System@user' LIMIT 1 [ RunTime:0.001001s ]
[ sql ] [ SQL ] SHOW COLUMNS FROM `sup_user` [ RunTime:0.005000s ]
[ sql ] [ SQL ] SELECT * FROM `sup_user` [ RunTime:0.000000s ]
---------------------------------------------------------------
[ 2018-09-19T10:59:53+08:00 ] 127.0.0.1 GET /tenflyer/public/admin/system/adduser.html?_=1537325982026
[ info ] 127.0.0.1:8888/tenflyer/public/admin/system/adduser.html?_=1537325982026 [运行时间：0.119007s][吞吐率：8.40req/s] [内存消耗：2,490.13kb] [文件加载：59]
[ info ] [ LANG ] E:\xampp\htdocs\tenflyer\thinkphp\lang\zh-cn.php
[ info ] [ ROUTE ] array (
  'type' => 'module',
  'module' => 
  array (
    0 => 'admin',
    1 => 'system',
    2 => 'adduser',
  ),
)
[ info ] [ HEADER ] array (
  'host' => '127.0.0.1:8888',
  'connection' => 'keep-alive',
  'accept' => '*/*',
  'x-requested-with' => 'XMLHttpRequest',
  'user-agent' => 'Mozilla/5.0 (Windows NT 6.1; WOW64) AppleWebKit/537.36 (KHTML, like Gecko) Chrome/68.0.3440.106 Safari/537.36',
  'referer' => 'http://127.0.0.1:8888/tenflyer/public/admin/index/index.html',
  'accept-encoding' => 'gzip, deflate, br',
  'accept-language' => 'zh-CN,zh;q=0.9',
  'cookie' => 'USER_NAME_COOKIE=yuwb; PHPSESSID=lasriqkp75aojbfb1slktt6bm4; OA_USER_ID=yuwb; LOGIN_USER_ID=yuwb; LAST_OPERATION_TIME=1537325869',
)
[ info ] [ PARAM ] array (
  '_' => '1537325982026',
)
[ info ] [ SESSION ] INIT array (
  'id' => '',
  'var_session_id' => '',
  'prefix' => 'admin',
  'type' => '',
  'auto_start' => true,
)
[ info ] [ DB ] INIT mysql
[ info ] [ RUN ] app\admin\controller\System->addUser[ E:\xampp\htdocs\tenflyer\application\admin\controller\System.php ]
[ info ] [ VIEW ] E:\xampp\htdocs\tenflyer\public/../application/admin\view\system\add_user.html [ array (
  0 => 'status',
  1 => 'group_list',
  2 => 'menu_table_tree',
  3 => 'auth_menu_tree',
) ]
[ info ] [ LOG ] INIT File
[ sql ] [ DB ] CONNECT:[ UseTime:0.001000s ] mysql:host=127.0.0.1;port=3306;dbname=tenflyer_sup;charset=utf8
[ sql ] [ SQL ] SHOW COLUMNS FROM `sup_auth` [ RunTime:0.003000s ]
[ sql ] [ DB ] CONNECT:[ UseTime:0.000000s ] mysql:host=127.0.0.1;port=3306;dbname=tenflyer_sup;charset=utf8
[ sql ] [ SQL ] SELECT * FROM `sup_auth` WHERE  `auth_code` = 'System@adduser' LIMIT 1 [ RunTime:0.001001s ]
[ sql ] [ SQL ] SHOW COLUMNS FROM `sup_menu` [ RunTime:0.003000s ]
[ sql ] [ SQL ] SELECT * FROM `sup_menu` WHERE  (  status=1 and pid=0 and name<>"个人中心" ) ORDER BY `sort`  asc [ RunTime:0.001000s ]
[ sql ] [ SQL ] SELECT * FROM `sup_menu` WHERE  (  status=1 and name<>'个人中心' ) ORDER BY `sort`  asc [ RunTime:0.000000s ]
[ sql ] [ SQL ] SELECT * FROM `sup_menu` WHERE  `id` = 2 LIMIT 1 [ RunTime:0.001000s ]
[ sql ] [ SQL ] SELECT * FROM `sup_menu` WHERE  `id` = 1 LIMIT 1 [ RunTime:0.000000s ]
[ sql ] [ SQL ] SELECT * FROM `sup_menu` WHERE  `id` = 3 LIMIT 1 [ RunTime:0.001000s ]
[ sql ] [ SQL ] SELECT * FROM `sup_menu` WHERE  `id` = 2 LIMIT 1 [ RunTime:0.000000s ]
[ sql ] [ SQL ] SELECT * FROM `sup_menu` WHERE  `id` = 1 LIMIT 1 [ RunTime:0.000000s ]
[ sql ] [ SQL ] SELECT * FROM `sup_menu` WHERE  `id` = 4 LIMIT 1 [ RunTime:0.001000s ]
[ sql ] [ SQL ] SELECT * FROM `sup_menu` WHERE  `id` = 2 LIMIT 1 [ RunTime:0.000000s ]
[ sql ] [ SQL ] SELECT * FROM `sup_menu` WHERE  `id` = 1 LIMIT 1 [ RunTime:0.000000s ]
[ sql ] [ SQL ] SELECT * FROM `sup_menu` WHERE  `id` = 12 LIMIT 1 [ RunTime:0.000000s ]
[ sql ] [ SQL ] SELECT * FROM `sup_menu` WHERE  `id` = 1 LIMIT 1 [ RunTime:0.000000s ]
[ sql ] [ SQL ] SELECT * FROM `sup_menu` WHERE  `id` = 13 LIMIT 1 [ RunTime:0.001001s ]
[ sql ] [ SQL ] SELECT * FROM `sup_menu` WHERE  `id` = 12 LIMIT 1 [ RunTime:0.000000s ]
[ sql ] [ SQL ] SELECT * FROM `sup_menu` WHERE  `id` = 1 LIMIT 1 [ RunTime:0.001000s ]
[ sql ] [ SQL ] SELECT * FROM `sup_menu` WHERE  `id` = 14 LIMIT 1 [ RunTime:0.001000s ]
[ sql ] [ SQL ] SELECT * FROM `sup_menu` WHERE  `id` = 12 LIMIT 1 [ RunTime:0.001000s ]
[ sql ] [ SQL ] SELECT * FROM `sup_menu` WHERE  `id` = 1 LIMIT 1 [ RunTime:0.000000s ]
[ sql ] [ SQL ] SELECT * FROM `sup_menu` WHERE  `id` = 16 LIMIT 1 [ RunTime:0.000000s ]
[ sql ] [ SQL ] SELECT * FROM `sup_menu` WHERE  `id` = 1 LIMIT 1 [ RunTime:0.001000s ]
[ sql ] [ SQL ] SELECT * FROM `sup_menu` WHERE  `id` = 21 LIMIT 1 [ RunTime:0.000000s ]
[ sql ] [ SQL ] SELECT * FROM `sup_menu` WHERE  `id` = 16 LIMIT 1 [ RunTime:0.000000s ]
[ sql ] [ SQL ] SELECT * FROM `sup_menu` WHERE  `id` = 1 LIMIT 1 [ RunTime:0.000000s ]
[ sql ] [ SQL ] SELECT * FROM `sup_menu` WHERE  `id` = 22 LIMIT 1 [ RunTime:0.000000s ]
[ sql ] [ SQL ] SELECT * FROM `sup_menu` WHERE  `id` = 16 LIMIT 1 [ RunTime:0.001000s ]
[ sql ] [ SQL ] SELECT * FROM `sup_menu` WHERE  `id` = 1 LIMIT 1 [ RunTime:0.000000s ]
[ sql ] [ SQL ] SELECT * FROM `sup_menu` WHERE  `id` = 23 LIMIT 1 [ RunTime:0.000000s ]
[ sql ] [ SQL ] SELECT * FROM `sup_menu` WHERE  `id` = 1 LIMIT 1 [ RunTime:0.001000s ]
[ sql ] [ SQL ] SELECT * FROM `sup_menu` WHERE  `id` = 24 LIMIT 1 [ RunTime:0.000000s ]
[ sql ] [ SQL ] SELECT * FROM `sup_menu` WHERE  `id` = 23 LIMIT 1 [ RunTime:0.001000s ]
[ sql ] [ SQL ] SELECT * FROM `sup_menu` WHERE  `id` = 1 LIMIT 1 [ RunTime:0.000000s ]
[ sql ] [ SQL ] SELECT * FROM `sup_menu` WHERE  `id` = 25 LIMIT 1 [ RunTime:0.000000s ]
[ sql ] [ SQL ] SELECT * FROM `sup_menu` WHERE  `id` = 23 LIMIT 1 [ RunTime:0.000000s ]
[ sql ] [ SQL ] SELECT * FROM `sup_menu` WHERE  `id` = 1 LIMIT 1 [ RunTime:0.000000s ]
[ sql ] [ SQL ] SELECT * FROM `sup_menu` WHERE  `id` = 8 LIMIT 1 [ RunTime:0.001000s ]
[ sql ] [ SQL ] SELECT * FROM `sup_menu` WHERE  `id` = 7 LIMIT 1 [ RunTime:0.000000s ]
[ sql ] [ SQL ] SELECT * FROM `sup_menu` WHERE  `id` = 15 LIMIT 1 [ RunTime:0.001000s ]
[ sql ] [ SQL ] SELECT * FROM `sup_menu` WHERE  `id` = 8 LIMIT 1 [ RunTime:0.000000s ]
[ sql ] [ SQL ] SELECT * FROM `sup_menu` WHERE  `id` = 7 LIMIT 1 [ RunTime:0.000000s ]
[ sql ] [ SQL ] SELECT * FROM `sup_menu` WHERE  `id` = 9 LIMIT 1 [ RunTime:0.001000s ]
[ sql ] [ SQL ] SELECT * FROM `sup_menu` WHERE  `id` = 7 LIMIT 1 [ RunTime:0.000000s ]
[ sql ] [ SQL ] SELECT * FROM `sup_menu` WHERE  `id` = 10 LIMIT 1 [ RunTime:0.000000s ]
[ sql ] [ SQL ] SELECT * FROM `sup_menu` WHERE  `id` = 9 LIMIT 1 [ RunTime:0.001000s ]
[ sql ] [ SQL ] SELECT * FROM `sup_menu` WHERE  `id` = 7 LIMIT 1 [ RunTime:0.000000s ]
[ sql ] [ SQL ] SELECT * FROM `sup_menu` WHERE  `id` = 11 LIMIT 1 [ RunTime:0.001000s ]
[ sql ] [ SQL ] SELECT * FROM `sup_menu` WHERE  `id` = 9 LIMIT 1 [ RunTime:0.000000s ]
[ sql ] [ SQL ] SELECT * FROM `sup_menu` WHERE  `id` = 7 LIMIT 1 [ RunTime:0.000000s ]
[ sql ] [ SQL ] SELECT * FROM `sup_menu` WHERE  (  status=1 and name<>'个人中心' ) ORDER BY `sort`  asc [ RunTime:0.001000s ]
[ sql ] [ SQL ] SELECT * FROM `sup_menu` WHERE  `id` = 1 LIMIT 1 [ RunTime:0.000000s ]
[ sql ] [ SQL ] SELECT * FROM `sup_menu` WHERE  `id` = 2 LIMIT 1 [ RunTime:0.001001s ]
[ sql ] [ SQL ] SELECT * FROM `sup_menu` WHERE  `id` = 1 LIMIT 1 [ RunTime:0.000000s ]
[ sql ] [ SQL ] SELECT * FROM `sup_menu` WHERE  `id` = 3 LIMIT 1 [ RunTime:0.001000s ]
[ sql ] [ SQL ] SELECT * FROM `sup_menu` WHERE  `id` = 2 LIMIT 1 [ RunTime:0.000000s ]
[ sql ] [ SQL ] SELECT * FROM `sup_menu` WHERE  `id` = 1 LIMIT 1 [ RunTime:0.000000s ]
[ sql ] [ SQL ] SELECT * FROM `sup_auth` WHERE  `menu_id` = 3 ORDER BY `id` [ RunTime:0.001000s ]
[ sql ] [ SQL ] SELECT * FROM `sup_menu` WHERE  `id` = 4 LIMIT 1 [ RunTime:0.000000s ]
[ sql ] [ SQL ] SELECT * FROM `sup_menu` WHERE  `id` = 2 LIMIT 1 [ RunTime:0.000000s ]
[ sql ] [ SQL ] SELECT * FROM `sup_menu` WHERE  `id` = 1 LIMIT 1 [ RunTime:0.000000s ]
[ sql ] [ SQL ] SELECT * FROM `sup_auth` WHERE  `menu_id` = 4 ORDER BY `id` [ RunTime:0.000000s ]
[ sql ] [ SQL ] SELECT * FROM `sup_menu` WHERE  `id` = 12 LIMIT 1 [ RunTime:0.001000s ]
[ sql ] [ SQL ] SELECT * FROM `sup_menu` WHERE  `id` = 1 LIMIT 1 [ RunTime:0.000000s ]
[ sql ] [ SQL ] SELECT * FROM `sup_menu` WHERE  `id` = 13 LIMIT 1 [ RunTime:0.000000s ]
[ sql ] [ SQL ] SELECT * FROM `sup_menu` WHERE  `id` = 12 LIMIT 1 [ RunTime:0.001000s ]
[ sql ] [ SQL ] SELECT * FROM `sup_menu` WHERE  `id` = 1 LIMIT 1 [ RunTime:0.000000s ]
[ sql ] [ SQL ] SELECT * FROM `sup_auth` WHERE  `menu_id` = 13 ORDER BY `id` [ RunTime:0.000000s ]
[ sql ] [ SQL ] SELECT * FROM `sup_menu` WHERE  `id` = 14 LIMIT 1 [ RunTime:0.000000s ]
[ sql ] [ SQL ] SELECT * FROM `sup_menu` WHERE  `id` = 12 LIMIT 1 [ RunTime:0.000000s ]
[ sql ] [ SQL ] SELECT * FROM `sup_menu` WHERE  `id` = 1 LIMIT 1 [ RunTime:0.001000s ]
[ sql ] [ SQL ] SELECT * FROM `sup_auth` WHERE  `menu_id` = 14 ORDER BY `id` [ RunTime:0.000000s ]
[ sql ] [ SQL ] SELECT * FROM `sup_menu` WHERE  `id` = 16 LIMIT 1 [ RunTime:0.000000s ]
[ sql ] [ SQL ] SELECT * FROM `sup_menu` WHERE  `id` = 1 LIMIT 1 [ RunTime:0.000000s ]
[ sql ] [ SQL ] SELECT * FROM `sup_menu` WHERE  `id` = 21 LIMIT 1 [ RunTime:0.000000s ]
[ sql ] [ SQL ] SELECT * FROM `sup_menu` WHERE  `id` = 16 LIMIT 1 [ RunTime:0.001000s ]
[ sql ] [ SQL ] SELECT * FROM `sup_menu` WHERE  `id` = 1 LIMIT 1 [ RunTime:0.000000s ]
[ sql ] [ SQL ] SELECT * FROM `sup_auth` WHERE  `menu_id` = 21 ORDER BY `id` [ RunTime:0.000000s ]
[ sql ] [ SQL ] SELECT * FROM `sup_menu` WHERE  `id` = 22 LIMIT 1 [ RunTime:0.001000s ]
[ sql ] [ SQL ] SELECT * FROM `sup_menu` WHERE  `id` = 16 LIMIT 1 [ RunTime:0.000000s ]
[ sql ] [ SQL ] SELECT * FROM `sup_menu` WHERE  `id` = 1 LIMIT 1 [ RunTime:0.000000s ]
[ sql ] [ SQL ] SELECT * FROM `sup_auth` WHERE  `menu_id` = 22 ORDER BY `id` [ RunTime:0.000000s ]
[ sql ] [ SQL ] SELECT * FROM `sup_menu` WHERE  `id` = 23 LIMIT 1 [ RunTime:0.000000s ]
[ sql ] [ SQL ] SELECT * FROM `sup_menu` WHERE  `id` = 1 LIMIT 1 [ RunTime:0.001000s ]
[ sql ] [ SQL ] SELECT * FROM `sup_menu` WHERE  `id` = 24 LIMIT 1 [ RunTime:0.000000s ]
[ sql ] [ SQL ] SELECT * FROM `sup_menu` WHERE  `id` = 23 LIMIT 1 [ RunTime:0.001000s ]
[ sql ] [ SQL ] SELECT * FROM `sup_menu` WHERE  `id` = 1 LIMIT 1 [ RunTime:0.000000s ]
[ sql ] [ SQL ] SELECT * FROM `sup_auth` WHERE  `menu_id` = 24 ORDER BY `id` [ RunTime:0.000000s ]
[ sql ] [ SQL ] SELECT * FROM `sup_menu` WHERE  `id` = 25 LIMIT 1 [ RunTime:0.001000s ]
[ sql ] [ SQL ] SELECT * FROM `sup_menu` WHERE  `id` = 23 LIMIT 1 [ RunTime:0.000000s ]
[ sql ] [ SQL ] SELECT * FROM `sup_menu` WHERE  `id` = 1 LIMIT 1 [ RunTime:0.000000s ]
[ sql ] [ SQL ] SELECT * FROM `sup_auth` WHERE  `menu_id` = 25 ORDER BY `id` [ RunTime:0.000000s ]
[ sql ] [ SQL ] SELECT * FROM `sup_menu` WHERE  `id` = 7 LIMIT 1 [ RunTime:0.000000s ]
[ sql ] [ SQL ] SELECT * FROM `sup_menu` WHERE  `id` = 8 LIMIT 1 [ RunTime:0.001000s ]
[ sql ] [ SQL ] SELECT * FROM `sup_menu` WHERE  `id` = 7 LIMIT 1 [ RunTime:0.000000s ]
[ sql ] [ SQL ] SELECT * FROM `sup_menu` WHERE  `id` = 15 LIMIT 1 [ RunTime:0.000000s ]
[ sql ] [ SQL ] SELECT * FROM `sup_menu` WHERE  `id` = 8 LIMIT 1 [ RunTime:0.001000s ]
[ sql ] [ SQL ] SELECT * FROM `sup_menu` WHERE  `id` = 7 LIMIT 1 [ RunTime:0.000000s ]
[ sql ] [ SQL ] SELECT * FROM `sup_auth` WHERE  `menu_id` = 15 ORDER BY `id` [ RunTime:0.000000s ]
[ sql ] [ SQL ] SELECT * FROM `sup_menu` WHERE  `id` = 9 LIMIT 1 [ RunTime:0.000000s ]
[ sql ] [ SQL ] SELECT * FROM `sup_menu` WHERE  `id` = 7 LIMIT 1 [ RunTime:0.000000s ]
[ sql ] [ SQL ] SELECT * FROM `sup_menu` WHERE  `id` = 10 LIMIT 1 [ RunTime:0.001000s ]
[ sql ] [ SQL ] SELECT * FROM `sup_menu` WHERE  `id` = 9 LIMIT 1 [ RunTime:0.000000s ]
[ sql ] [ SQL ] SELECT * FROM `sup_menu` WHERE  `id` = 7 LIMIT 1 [ RunTime:0.000000s ]
[ sql ] [ SQL ] SELECT * FROM `sup_auth` WHERE  `menu_id` = 10 ORDER BY `id` [ RunTime:0.000000s ]
[ sql ] [ SQL ] SELECT * FROM `sup_menu` WHERE  `id` = 11 LIMIT 1 [ RunTime:0.001000s ]
[ sql ] [ SQL ] SELECT * FROM `sup_menu` WHERE  `id` = 9 LIMIT 1 [ RunTime:0.000000s ]
[ sql ] [ SQL ] SELECT * FROM `sup_menu` WHERE  `id` = 7 LIMIT 1 [ RunTime:0.000000s ]
[ sql ] [ SQL ] SELECT * FROM `sup_auth` WHERE  `menu_id` = 11 ORDER BY `id` [ RunTime:0.001000s ]
[ sql ] [ SQL ] SHOW COLUMNS FROM `sup_user_group` [ RunTime:0.003000s ]
[ sql ] [ SQL ] SELECT * FROM `sup_user_group` WHERE  (  status=1 ) ORDER BY `id`  asc [ RunTime:0.001000s ]
---------------------------------------------------------------
[ 2018-09-19T10:59:54+08:00 ] 127.0.0.1 GET /tenflyer/public/admin/system/user.html?_=1537325982028
[ info ] 127.0.0.1:8888/tenflyer/public/admin/system/user.html?_=1537325982028 [运行时间：0.070004s][吞吐率：14.28req/s] [内存消耗：2,073.42kb] [文件加载：55]
[ info ] [ LANG ] E:\xampp\htdocs\tenflyer\thinkphp\lang\zh-cn.php
[ info ] [ ROUTE ] array (
  'type' => 'module',
  'module' => 
  array (
    0 => 'admin',
    1 => 'system',
    2 => 'user',
  ),
)
[ info ] [ HEADER ] array (
  'host' => '127.0.0.1:8888',
  'connection' => 'keep-alive',
  'accept' => '*/*',
  'x-requested-with' => 'XMLHttpRequest',
  'user-agent' => 'Mozilla/5.0 (Windows NT 6.1; WOW64) AppleWebKit/537.36 (KHTML, like Gecko) Chrome/68.0.3440.106 Safari/537.36',
  'referer' => 'http://127.0.0.1:8888/tenflyer/public/admin/index/index.html',
  'accept-encoding' => 'gzip, deflate, br',
  'accept-language' => 'zh-CN,zh;q=0.9',
  'cookie' => 'USER_NAME_COOKIE=yuwb; PHPSESSID=lasriqkp75aojbfb1slktt6bm4; OA_USER_ID=yuwb; LOGIN_USER_ID=yuwb; LAST_OPERATION_TIME=1537325869',
)
[ info ] [ PARAM ] array (
  '_' => '1537325982028',
)
[ info ] [ SESSION ] INIT array (
  'id' => '',
  'var_session_id' => '',
  'prefix' => 'admin',
  'type' => '',
  'auto_start' => true,
)
[ info ] [ DB ] INIT mysql
[ info ] [ RUN ] app\admin\controller\System->user[ E:\xampp\htdocs\tenflyer\application\admin\controller\System.php ]
[ info ] [ VIEW ] E:\xampp\htdocs\tenflyer\public/../application/admin\view\system\user_list.html [ array (
  0 => 'user_list',
) ]
[ info ] [ LOG ] INIT File
[ sql ] [ DB ] CONNECT:[ UseTime:0.011001s ] mysql:host=127.0.0.1;port=3306;dbname=tenflyer_sup;charset=utf8
[ sql ] [ SQL ] SHOW COLUMNS FROM `sup_auth` [ RunTime:0.004000s ]
[ sql ] [ DB ] CONNECT:[ UseTime:0.000000s ] mysql:host=127.0.0.1;port=3306;dbname=tenflyer_sup;charset=utf8
[ sql ] [ SQL ] SELECT * FROM `sup_auth` WHERE  `auth_code` = 'System@user' LIMIT 1 [ RunTime:0.000000s ]
[ sql ] [ SQL ] SHOW COLUMNS FROM `sup_user` [ RunTime:0.005000s ]
[ sql ] [ SQL ] SELECT * FROM `sup_user` [ RunTime:0.001000s ]
---------------------------------------------------------------
[ 2018-09-19T10:59:57+08:00 ] 127.0.0.1 GET /tenflyer/public/admin/system/adduser.html?_=1537325982030
[ info ] 127.0.0.1:8888/tenflyer/public/admin/system/adduser.html?_=1537325982030 [运行时间：0.131007s][吞吐率：7.63req/s] [内存消耗：2,490.13kb] [文件加载：59]
[ info ] [ LANG ] E:\xampp\htdocs\tenflyer\thinkphp\lang\zh-cn.php
[ info ] [ ROUTE ] array (
  'type' => 'module',
  'module' => 
  array (
    0 => 'admin',
    1 => 'system',
    2 => 'adduser',
  ),
)
[ info ] [ HEADER ] array (
  'host' => '127.0.0.1:8888',
  'connection' => 'keep-alive',
  'accept' => '*/*',
  'x-requested-with' => 'XMLHttpRequest',
  'user-agent' => 'Mozilla/5.0 (Windows NT 6.1; WOW64) AppleWebKit/537.36 (KHTML, like Gecko) Chrome/68.0.3440.106 Safari/537.36',
  'referer' => 'http://127.0.0.1:8888/tenflyer/public/admin/index/index.html',
  'accept-encoding' => 'gzip, deflate, br',
  'accept-language' => 'zh-CN,zh;q=0.9',
  'cookie' => 'USER_NAME_COOKIE=yuwb; PHPSESSID=lasriqkp75aojbfb1slktt6bm4; OA_USER_ID=yuwb; LOGIN_USER_ID=yuwb; LAST_OPERATION_TIME=1537325869',
)
[ info ] [ PARAM ] array (
  '_' => '1537325982030',
)
[ info ] [ SESSION ] INIT array (
  'id' => '',
  'var_session_id' => '',
  'prefix' => 'admin',
  'type' => '',
  'auto_start' => true,
)
[ info ] [ DB ] INIT mysql
[ info ] [ RUN ] app\admin\controller\System->addUser[ E:\xampp\htdocs\tenflyer\application\admin\controller\System.php ]
[ info ] [ VIEW ] E:\xampp\htdocs\tenflyer\public/../application/admin\view\system\add_user.html [ array (
  0 => 'status',
  1 => 'group_list',
  2 => 'menu_table_tree',
  3 => 'auth_menu_tree',
) ]
[ info ] [ LOG ] INIT File
[ sql ] [ DB ] CONNECT:[ UseTime:0.004000s ] mysql:host=127.0.0.1;port=3306;dbname=tenflyer_sup;charset=utf8
[ sql ] [ SQL ] SHOW COLUMNS FROM `sup_auth` [ RunTime:0.006000s ]
[ sql ] [ DB ] CONNECT:[ UseTime:0.000000s ] mysql:host=127.0.0.1;port=3306;dbname=tenflyer_sup;charset=utf8
[ sql ] [ SQL ] SELECT * FROM `sup_auth` WHERE  `auth_code` = 'System@adduser' LIMIT 1 [ RunTime:0.001000s ]
[ sql ] [ SQL ] SHOW COLUMNS FROM `sup_menu` [ RunTime:0.008001s ]
[ sql ] [ SQL ] SELECT * FROM `sup_menu` WHERE  (  status=1 and pid=0 and name<>"个人中心" ) ORDER BY `sort`  asc [ RunTime:0.001000s ]
[ sql ] [ SQL ] SELECT * FROM `sup_menu` WHERE  (  status=1 and name<>'个人中心' ) ORDER BY `sort`  asc [ RunTime:0.001000s ]
[ sql ] [ SQL ] SELECT * FROM `sup_menu` WHERE  `id` = 2 LIMIT 1 [ RunTime:0.001000s ]
[ sql ] [ SQL ] SELECT * FROM `sup_menu` WHERE  `id` = 1 LIMIT 1 [ RunTime:0.000000s ]
[ sql ] [ SQL ] SELECT * FROM `sup_menu` WHERE  `id` = 3 LIMIT 1 [ RunTime:0.001000s ]
[ sql ] [ SQL ] SELECT * FROM `sup_menu` WHERE  `id` = 2 LIMIT 1 [ RunTime:0.000000s ]
[ sql ] [ SQL ] SELECT * FROM `sup_menu` WHERE  `id` = 1 LIMIT 1 [ RunTime:0.001000s ]
[ sql ] [ SQL ] SELECT * FROM `sup_menu` WHERE  `id` = 4 LIMIT 1 [ RunTime:0.000000s ]
[ sql ] [ SQL ] SELECT * FROM `sup_menu` WHERE  `id` = 2 LIMIT 1 [ RunTime:0.000000s ]
[ sql ] [ SQL ] SELECT * FROM `sup_menu` WHERE  `id` = 1 LIMIT 1 [ RunTime:0.000000s ]
[ sql ] [ SQL ] SELECT * FROM `sup_menu` WHERE  `id` = 12 LIMIT 1 [ RunTime:0.001000s ]
[ sql ] [ SQL ] SELECT * FROM `sup_menu` WHERE  `id` = 1 LIMIT 1 [ RunTime:0.000000s ]
[ sql ] [ SQL ] SELECT * FROM `sup_menu` WHERE  `id` = 13 LIMIT 1 [ RunTime:0.001000s ]
[ sql ] [ SQL ] SELECT * FROM `sup_menu` WHERE  `id` = 12 LIMIT 1 [ RunTime:0.001000s ]
[ sql ] [ SQL ] SELECT * FROM `sup_menu` WHERE  `id` = 1 LIMIT 1 [ RunTime:0.000000s ]
[ sql ] [ SQL ] SELECT * FROM `sup_menu` WHERE  `id` = 14 LIMIT 1 [ RunTime:0.000000s ]
[ sql ] [ SQL ] SELECT * FROM `sup_menu` WHERE  `id` = 12 LIMIT 1 [ RunTime:0.001000s ]
[ sql ] [ SQL ] SELECT * FROM `sup_menu` WHERE  `id` = 1 LIMIT 1 [ RunTime:0.000000s ]
[ sql ] [ SQL ] SELECT * FROM `sup_menu` WHERE  `id` = 16 LIMIT 1 [ RunTime:0.000000s ]
[ sql ] [ SQL ] SELECT * FROM `sup_menu` WHERE  `id` = 1 LIMIT 1 [ RunTime:0.000000s ]
[ sql ] [ SQL ] SELECT * FROM `sup_menu` WHERE  `id` = 21 LIMIT 1 [ RunTime:0.001000s ]
[ sql ] [ SQL ] SELECT * FROM `sup_menu` WHERE  `id` = 16 LIMIT 1 [ RunTime:0.000000s ]
[ sql ] [ SQL ] SELECT * FROM `sup_menu` WHERE  `id` = 1 LIMIT 1 [ RunTime:0.001000s ]
[ sql ] [ SQL ] SELECT * FROM `sup_menu` WHERE  `id` = 22 LIMIT 1 [ RunTime:0.000000s ]
[ sql ] [ SQL ] SELECT * FROM `sup_menu` WHERE  `id` = 16 LIMIT 1 [ RunTime:0.001000s ]
[ sql ] [ SQL ] SELECT * FROM `sup_menu` WHERE  `id` = 1 LIMIT 1 [ RunTime:0.000000s ]
[ sql ] [ SQL ] SELECT * FROM `sup_menu` WHERE  `id` = 23 LIMIT 1 [ RunTime:0.001000s ]
[ sql ] [ SQL ] SELECT * FROM `sup_menu` WHERE  `id` = 1 LIMIT 1 [ RunTime:0.000000s ]
[ sql ] [ SQL ] SELECT * FROM `sup_menu` WHERE  `id` = 24 LIMIT 1 [ RunTime:0.001000s ]
[ sql ] [ SQL ] SELECT * FROM `sup_menu` WHERE  `id` = 23 LIMIT 1 [ RunTime:0.000000s ]
[ sql ] [ SQL ] SELECT * FROM `sup_menu` WHERE  `id` = 1 LIMIT 1 [ RunTime:0.001000s ]
[ sql ] [ SQL ] SELECT * FROM `sup_menu` WHERE  `id` = 25 LIMIT 1 [ RunTime:0.000000s ]
[ sql ] [ SQL ] SELECT * FROM `sup_menu` WHERE  `id` = 23 LIMIT 1 [ RunTime:0.000000s ]
[ sql ] [ SQL ] SELECT * FROM `sup_menu` WHERE  `id` = 1 LIMIT 1 [ RunTime:0.001000s ]
[ sql ] [ SQL ] SELECT * FROM `sup_menu` WHERE  `id` = 8 LIMIT 1 [ RunTime:0.000000s ]
[ sql ] [ SQL ] SELECT * FROM `sup_menu` WHERE  `id` = 7 LIMIT 1 [ RunTime:0.000000s ]
[ sql ] [ SQL ] SELECT * FROM `sup_menu` WHERE  `id` = 15 LIMIT 1 [ RunTime:0.000000s ]
[ sql ] [ SQL ] SELECT * FROM `sup_menu` WHERE  `id` = 8 LIMIT 1 [ RunTime:0.001000s ]
[ sql ] [ SQL ] SELECT * FROM `sup_menu` WHERE  `id` = 7 LIMIT 1 [ RunTime:0.000000s ]
[ sql ] [ SQL ] SELECT * FROM `sup_menu` WHERE  `id` = 9 LIMIT 1 [ RunTime:0.001000s ]
[ sql ] [ SQL ] SELECT * FROM `sup_menu` WHERE  `id` = 7 LIMIT 1 [ RunTime:0.000000s ]
[ sql ] [ SQL ] SELECT * FROM `sup_menu` WHERE  `id` = 10 LIMIT 1 [ RunTime:0.000000s ]
[ sql ] [ SQL ] SELECT * FROM `sup_menu` WHERE  `id` = 9 LIMIT 1 [ RunTime:0.001000s ]
[ sql ] [ SQL ] SELECT * FROM `sup_menu` WHERE  `id` = 7 LIMIT 1 [ RunTime:0.000000s ]
[ sql ] [ SQL ] SELECT * FROM `sup_menu` WHERE  `id` = 11 LIMIT 1 [ RunTime:0.001001s ]
[ sql ] [ SQL ] SELECT * FROM `sup_menu` WHERE  `id` = 9 LIMIT 1 [ RunTime:0.000000s ]
[ sql ] [ SQL ] SELECT * FROM `sup_menu` WHERE  `id` = 7 LIMIT 1 [ RunTime:0.000000s ]
[ sql ] [ SQL ] SELECT * FROM `sup_menu` WHERE  (  status=1 and name<>'个人中心' ) ORDER BY `sort`  asc [ RunTime:0.001000s ]
[ sql ] [ SQL ] SELECT * FROM `sup_menu` WHERE  `id` = 1 LIMIT 1 [ RunTime:0.000000s ]
[ sql ] [ SQL ] SELECT * FROM `sup_menu` WHERE  `id` = 2 LIMIT 1 [ RunTime:0.000000s ]
[ sql ] [ SQL ] SELECT * FROM `sup_menu` WHERE  `id` = 1 LIMIT 1 [ RunTime:0.000000s ]
[ sql ] [ SQL ] SELECT * FROM `sup_menu` WHERE  `id` = 3 LIMIT 1 [ RunTime:0.000000s ]
[ sql ] [ SQL ] SELECT * FROM `sup_menu` WHERE  `id` = 2 LIMIT 1 [ RunTime:0.001000s ]
[ sql ] [ SQL ] SELECT * FROM `sup_menu` WHERE  `id` = 1 LIMIT 1 [ RunTime:0.000000s ]
[ sql ] [ SQL ] SELECT * FROM `sup_auth` WHERE  `menu_id` = 3 ORDER BY `id` [ RunTime:0.000000s ]
[ sql ] [ SQL ] SELECT * FROM `sup_menu` WHERE  `id` = 4 LIMIT 1 [ RunTime:0.001000s ]
[ sql ] [ SQL ] SELECT * FROM `sup_menu` WHERE  `id` = 2 LIMIT 1 [ RunTime:0.000000s ]
[ sql ] [ SQL ] SELECT * FROM `sup_menu` WHERE  `id` = 1 LIMIT 1 [ RunTime:0.000000s ]
[ sql ] [ SQL ] SELECT * FROM `sup_auth` WHERE  `menu_id` = 4 ORDER BY `id` [ RunTime:0.000000s ]
[ sql ] [ SQL ] SELECT * FROM `sup_menu` WHERE  `id` = 12 LIMIT 1 [ RunTime:0.000000s ]
[ sql ] [ SQL ] SELECT * FROM `sup_menu` WHERE  `id` = 1 LIMIT 1 [ RunTime:0.001000s ]
[ sql ] [ SQL ] SELECT * FROM `sup_menu` WHERE  `id` = 13 LIMIT 1 [ RunTime:0.000000s ]
[ sql ] [ SQL ] SELECT * FROM `sup_menu` WHERE  `id` = 12 LIMIT 1 [ RunTime:0.000000s ]
[ sql ] [ SQL ] SELECT * FROM `sup_menu` WHERE  `id` = 1 LIMIT 1 [ RunTime:0.001000s ]
[ sql ] [ SQL ] SELECT * FROM `sup_auth` WHERE  `menu_id` = 13 ORDER BY `id` [ RunTime:0.000000s ]
[ sql ] [ SQL ] SELECT * FROM `sup_menu` WHERE  `id` = 14 LIMIT 1 [ RunTime:0.001000s ]
[ sql ] [ SQL ] SELECT * FROM `sup_menu` WHERE  `id` = 12 LIMIT 1 [ RunTime:0.000000s ]
[ sql ] [ SQL ] SELECT * FROM `sup_menu` WHERE  `id` = 1 LIMIT 1 [ RunTime:0.001000s ]
[ sql ] [ SQL ] SELECT * FROM `sup_auth` WHERE  `menu_id` = 14 ORDER BY `id` [ RunTime:0.001000s ]
[ sql ] [ SQL ] SELECT * FROM `sup_menu` WHERE  `id` = 16 LIMIT 1 [ RunTime:0.001000s ]
[ sql ] [ SQL ] SELECT * FROM `sup_menu` WHERE  `id` = 1 LIMIT 1 [ RunTime:0.000000s ]
[ sql ] [ SQL ] SELECT * FROM `sup_menu` WHERE  `id` = 21 LIMIT 1 [ RunTime:0.001000s ]
[ sql ] [ SQL ] SELECT * FROM `sup_menu` WHERE  `id` = 16 LIMIT 1 [ RunTime:0.000000s ]
[ sql ] [ SQL ] SELECT * FROM `sup_menu` WHERE  `id` = 1 LIMIT 1 [ RunTime:0.000000s ]
[ sql ] [ SQL ] SELECT * FROM `sup_auth` WHERE  `menu_id` = 21 ORDER BY `id` [ RunTime:0.000000s ]
[ sql ] [ SQL ] SELECT * FROM `sup_menu` WHERE  `id` = 22 LIMIT 1 [ RunTime:0.000000s ]
[ sql ] [ SQL ] SELECT * FROM `sup_menu` WHERE  `id` = 16 LIMIT 1 [ RunTime:0.001000s ]
[ sql ] [ SQL ] SELECT * FROM `sup_menu` WHERE  `id` = 1 LIMIT 1 [ RunTime:0.000000s ]
[ sql ] [ SQL ] SELECT * FROM `sup_auth` WHERE  `menu_id` = 22 ORDER BY `id` [ RunTime:0.000000s ]
[ sql ] [ SQL ] SELECT * FROM `sup_menu` WHERE  `id` = 23 LIMIT 1 [ RunTime:0.000000s ]
[ sql ] [ SQL ] SELECT * FROM `sup_menu` WHERE  `id` = 1 LIMIT 1 [ RunTime:0.000000s ]
[ sql ] [ SQL ] SELECT * FROM `sup_menu` WHERE  `id` = 24 LIMIT 1 [ RunTime:0.001000s ]
[ sql ] [ SQL ] SELECT * FROM `sup_menu` WHERE  `id` = 23 LIMIT 1 [ RunTime:0.000000s ]
[ sql ] [ SQL ] SELECT * FROM `sup_menu` WHERE  `id` = 1 LIMIT 1 [ RunTime:0.000000s ]
[ sql ] [ SQL ] SELECT * FROM `sup_auth` WHERE  `menu_id` = 24 ORDER BY `id` [ RunTime:0.001000s ]
[ sql ] [ SQL ] SELECT * FROM `sup_menu` WHERE  `id` = 25 LIMIT 1 [ RunTime:0.000000s ]
[ sql ] [ SQL ] SELECT * FROM `sup_menu` WHERE  `id` = 23 LIMIT 1 [ RunTime:0.001000s ]
[ sql ] [ SQL ] SELECT * FROM `sup_menu` WHERE  `id` = 1 LIMIT 1 [ RunTime:0.000000s ]
[ sql ] [ SQL ] SELECT * FROM `sup_auth` WHERE  `menu_id` = 25 ORDER BY `id` [ RunTime:0.000000s ]
[ sql ] [ SQL ] SELECT * FROM `sup_menu` WHERE  `id` = 7 LIMIT 1 [ RunTime:0.001000s ]
[ sql ] [ SQL ] SELECT * FROM `sup_menu` WHERE  `id` = 8 LIMIT 1 [ RunTime:0.000000s ]
[ sql ] [ SQL ] SELECT * FROM `sup_menu` WHERE  `id` = 7 LIMIT 1 [ RunTime:0.000000s ]
[ sql ] [ SQL ] SELECT * FROM `sup_menu` WHERE  `id` = 15 LIMIT 1 [ RunTime:0.001000s ]
[ sql ] [ SQL ] SELECT * FROM `sup_menu` WHERE  `id` = 8 LIMIT 1 [ RunTime:0.000000s ]
[ sql ] [ SQL ] SELECT * FROM `sup_menu` WHERE  `id` = 7 LIMIT 1 [ RunTime:0.001000s ]
[ sql ] [ SQL ] SELECT * FROM `sup_auth` WHERE  `menu_id` = 15 ORDER BY `id` [ RunTime:0.000000s ]
[ sql ] [ SQL ] SELECT * FROM `sup_menu` WHERE  `id` = 9 LIMIT 1 [ RunTime:0.000000s ]
[ sql ] [ SQL ] SELECT * FROM `sup_menu` WHERE  `id` = 7 LIMIT 1 [ RunTime:0.001000s ]
[ sql ] [ SQL ] SELECT * FROM `sup_menu` WHERE  `id` = 10 LIMIT 1 [ RunTime:0.000000s ]
[ sql ] [ SQL ] SELECT * FROM `sup_menu` WHERE  `id` = 9 LIMIT 1 [ RunTime:0.000000s ]
[ sql ] [ SQL ] SELECT * FROM `sup_menu` WHERE  `id` = 7 LIMIT 1 [ RunTime:0.001000s ]
[ sql ] [ SQL ] SELECT * FROM `sup_auth` WHERE  `menu_id` = 10 ORDER BY `id` [ RunTime:0.000000s ]
[ sql ] [ SQL ] SELECT * FROM `sup_menu` WHERE  `id` = 11 LIMIT 1 [ RunTime:0.001000s ]
[ sql ] [ SQL ] SELECT * FROM `sup_menu` WHERE  `id` = 9 LIMIT 1 [ RunTime:0.000000s ]
[ sql ] [ SQL ] SELECT * FROM `sup_menu` WHERE  `id` = 7 LIMIT 1 [ RunTime:0.000000s ]
[ sql ] [ SQL ] SELECT * FROM `sup_auth` WHERE  `menu_id` = 11 ORDER BY `id` [ RunTime:0.000000s ]
[ sql ] [ SQL ] SHOW COLUMNS FROM `sup_user_group` [ RunTime:0.003000s ]
[ sql ] [ SQL ] SELECT * FROM `sup_user_group` WHERE  (  status=1 ) ORDER BY `id`  asc [ RunTime:0.001000s ]
---------------------------------------------------------------
[ 2018-09-19T11:00:57+08:00 ] 127.0.0.1 GET /tenflyer/public/admin/system/auth.html?_=1537325982032
[ info ] 127.0.0.1:8888/tenflyer/public/admin/system/auth.html?_=1537325982032 [运行时间：0.052003s][吞吐率：19.23req/s] [内存消耗：2,254.68kb] [文件加载：57]
[ info ] [ LANG ] E:\xampp\htdocs\tenflyer\thinkphp\lang\zh-cn.php
[ info ] [ ROUTE ] array (
  'type' => 'module',
  'module' => 
  array (
    0 => 'admin',
    1 => 'system',
    2 => 'auth',
  ),
)
[ info ] [ HEADER ] array (
  'host' => '127.0.0.1:8888',
  'connection' => 'keep-alive',
  'accept' => '*/*',
  'x-requested-with' => 'XMLHttpRequest',
  'user-agent' => 'Mozilla/5.0 (Windows NT 6.1; WOW64) AppleWebKit/537.36 (KHTML, like Gecko) Chrome/68.0.3440.106 Safari/537.36',
  'referer' => 'http://127.0.0.1:8888/tenflyer/public/admin/index/index.html',
  'accept-encoding' => 'gzip, deflate, br',
  'accept-language' => 'zh-CN,zh;q=0.9',
  'cookie' => 'USER_NAME_COOKIE=yuwb; PHPSESSID=lasriqkp75aojbfb1slktt6bm4; OA_USER_ID=yuwb; LOGIN_USER_ID=yuwb; LAST_OPERATION_TIME=1537325869',
)
[ info ] [ PARAM ] array (
  '_' => '1537325982032',
)
[ info ] [ SESSION ] INIT array (
  'id' => '',
  'var_session_id' => '',
  'prefix' => 'admin',
  'type' => '',
  'auto_start' => true,
)
[ info ] [ DB ] INIT mysql
[ info ] [ RUN ] app\admin\controller\System->auth[ E:\xampp\htdocs\tenflyer\application\admin\controller\System.php ]
[ info ] [ VIEW ] E:\xampp\htdocs\tenflyer\public/../application/admin\view\system\auth_list.html [ array (
  0 => 'auth_list',
) ]
[ info ] [ LOG ] INIT File
[ sql ] [ DB ] CONNECT:[ UseTime:0.001000s ] mysql:host=127.0.0.1;port=3306;dbname=tenflyer_sup;charset=utf8
[ sql ] [ SQL ] SHOW COLUMNS FROM `sup_auth` [ RunTime:0.003000s ]
[ sql ] [ DB ] CONNECT:[ UseTime:0.000000s ] mysql:host=127.0.0.1;port=3306;dbname=tenflyer_sup;charset=utf8
[ sql ] [ SQL ] SELECT * FROM `sup_auth` WHERE  `auth_code` = 'System@auth' LIMIT 1 [ RunTime:0.001000s ]
[ sql ] [ SQL ] SELECT * FROM `sup_auth` [ RunTime:0.001000s ]
---------------------------------------------------------------
[ 2018-09-19T11:01:05+08:00 ] 127.0.0.1 GET /tenflyer/public/admin/system/addauth.html?_=1537325982034
[ info ] 127.0.0.1:8888/tenflyer/public/admin/system/addauth.html?_=1537325982034 [运行时间：0.100005s][吞吐率：10.00req/s] [内存消耗：2,386.81kb] [文件加载：57]
[ info ] [ LANG ] E:\xampp\htdocs\tenflyer\thinkphp\lang\zh-cn.php
[ info ] [ ROUTE ] array (
  'type' => 'module',
  'module' => 
  array (
    0 => 'admin',
    1 => 'system',
    2 => 'addauth',
  ),
)
[ info ] [ HEADER ] array (
  'host' => '127.0.0.1:8888',
  'connection' => 'keep-alive',
  'accept' => '*/*',
  'x-requested-with' => 'XMLHttpRequest',
  'user-agent' => 'Mozilla/5.0 (Windows NT 6.1; WOW64) AppleWebKit/537.36 (KHTML, like Gecko) Chrome/68.0.3440.106 Safari/537.36',
  'referer' => 'http://127.0.0.1:8888/tenflyer/public/admin/index/index.html',
  'accept-encoding' => 'gzip, deflate, br',
  'accept-language' => 'zh-CN,zh;q=0.9',
  'cookie' => 'USER_NAME_COOKIE=yuwb; PHPSESSID=lasriqkp75aojbfb1slktt6bm4; OA_USER_ID=yuwb; LOGIN_USER_ID=yuwb; LAST_OPERATION_TIME=1537325869',
)
[ info ] [ PARAM ] array (
  '_' => '1537325982034',
)
[ info ] [ SESSION ] INIT array (
  'id' => '',
  'var_session_id' => '',
  'prefix' => 'admin',
  'type' => '',
  'auto_start' => true,
)
[ info ] [ DB ] INIT mysql
[ info ] [ RUN ] app\admin\controller\System->addAuth[ E:\xampp\htdocs\tenflyer\application\admin\controller\System.php ]
[ info ] [ VIEW ] E:\xampp\htdocs\tenflyer\public/../application/admin\view\system\add_auth.html [ array (
  0 => 'menu_tree',
  1 => 'controller_list',
) ]
[ info ] [ LOG ] INIT File
[ sql ] [ DB ] CONNECT:[ UseTime:0.001000s ] mysql:host=127.0.0.1;port=3306;dbname=tenflyer_sup;charset=utf8
[ sql ] [ SQL ] SHOW COLUMNS FROM `sup_auth` [ RunTime:0.004000s ]
[ sql ] [ DB ] CONNECT:[ UseTime:0.001000s ] mysql:host=127.0.0.1;port=3306;dbname=tenflyer_sup;charset=utf8
[ sql ] [ SQL ] SELECT * FROM `sup_auth` WHERE  `auth_code` = 'System@addauth' LIMIT 1 [ RunTime:0.000000s ]
[ sql ] [ SQL ] SHOW COLUMNS FROM `sup_menu` [ RunTime:0.003000s ]
[ sql ] [ SQL ] SELECT * FROM `sup_menu` WHERE  (  status=1 and name<>'个人中心' ) ORDER BY `sort`  asc [ RunTime:0.001000s ]
[ sql ] [ SQL ] SELECT * FROM `sup_menu` WHERE  `id` = 1 LIMIT 1 [ RunTime:0.002000s ]
[ sql ] [ SQL ] SELECT * FROM `sup_menu` WHERE  `id` = 2 LIMIT 1 [ RunTime:0.001000s ]
[ sql ] [ SQL ] SELECT * FROM `sup_menu` WHERE  `id` = 1 LIMIT 1 [ RunTime:0.000000s ]
[ sql ] [ SQL ] SELECT * FROM `sup_menu` WHERE  `id` = 3 LIMIT 1 [ RunTime:0.000000s ]
[ sql ] [ SQL ] SELECT * FROM `sup_menu` WHERE  `id` = 2 LIMIT 1 [ RunTime:0.001000s ]
[ sql ] [ SQL ] SELECT * FROM `sup_menu` WHERE  `id` = 1 LIMIT 1 [ RunTime:0.000000s ]
[ sql ] [ SQL ] SELECT * FROM `sup_menu` WHERE  `id` = 4 LIMIT 1 [ RunTime:0.001000s ]
[ sql ] [ SQL ] SELECT * FROM `sup_menu` WHERE  `id` = 2 LIMIT 1 [ RunTime:0.000000s ]
[ sql ] [ SQL ] SELECT * FROM `sup_menu` WHERE  `id` = 1 LIMIT 1 [ RunTime:0.000000s ]
[ sql ] [ SQL ] SELECT * FROM `sup_menu` WHERE  `id` = 12 LIMIT 1 [ RunTime:0.000000s ]
[ sql ] [ SQL ] SELECT * FROM `sup_menu` WHERE  `id` = 1 LIMIT 1 [ RunTime:0.000000s ]
[ sql ] [ SQL ] SELECT * FROM `sup_menu` WHERE  `id` = 13 LIMIT 1 [ RunTime:0.001000s ]
[ sql ] [ SQL ] SELECT * FROM `sup_menu` WHERE  `id` = 12 LIMIT 1 [ RunTime:0.000000s ]
[ sql ] [ SQL ] SELECT * FROM `sup_menu` WHERE  `id` = 1 LIMIT 1 [ RunTime:0.000000s ]
[ sql ] [ SQL ] SELECT * FROM `sup_menu` WHERE  `id` = 14 LIMIT 1 [ RunTime:0.001000s ]
[ sql ] [ SQL ] SELECT * FROM `sup_menu` WHERE  `id` = 12 LIMIT 1 [ RunTime:0.001001s ]
[ sql ] [ SQL ] SELECT * FROM `sup_menu` WHERE  `id` = 1 LIMIT 1 [ RunTime:0.000000s ]
[ sql ] [ SQL ] SELECT * FROM `sup_menu` WHERE  `id` = 16 LIMIT 1 [ RunTime:0.000000s ]
[ sql ] [ SQL ] SELECT * FROM `sup_menu` WHERE  `id` = 1 LIMIT 1 [ RunTime:0.000000s ]
[ sql ] [ SQL ] SELECT * FROM `sup_menu` WHERE  `id` = 21 LIMIT 1 [ RunTime:0.001000s ]
[ sql ] [ SQL ] SELECT * FROM `sup_menu` WHERE  `id` = 16 LIMIT 1 [ RunTime:0.000000s ]
[ sql ] [ SQL ] SELECT * FROM `sup_menu` WHERE  `id` = 1 LIMIT 1 [ RunTime:0.001000s ]
[ sql ] [ SQL ] SELECT * FROM `sup_menu` WHERE  `id` = 22 LIMIT 1 [ RunTime:0.000000s ]
[ sql ] [ SQL ] SELECT * FROM `sup_menu` WHERE  `id` = 16 LIMIT 1 [ RunTime:0.000000s ]
[ sql ] [ SQL ] SELECT * FROM `sup_menu` WHERE  `id` = 1 LIMIT 1 [ RunTime:0.001000s ]
[ sql ] [ SQL ] SELECT * FROM `sup_menu` WHERE  `id` = 23 LIMIT 1 [ RunTime:0.000000s ]
[ sql ] [ SQL ] SELECT * FROM `sup_menu` WHERE  `id` = 1 LIMIT 1 [ RunTime:0.001000s ]
[ sql ] [ SQL ] SELECT * FROM `sup_menu` WHERE  `id` = 24 LIMIT 1 [ RunTime:0.001000s ]
[ sql ] [ SQL ] SELECT * FROM `sup_menu` WHERE  `id` = 23 LIMIT 1 [ RunTime:0.000000s ]
[ sql ] [ SQL ] SELECT * FROM `sup_menu` WHERE  `id` = 1 LIMIT 1 [ RunTime:0.001000s ]
[ sql ] [ SQL ] SELECT * FROM `sup_menu` WHERE  `id` = 25 LIMIT 1 [ RunTime:0.000000s ]
[ sql ] [ SQL ] SELECT * FROM `sup_menu` WHERE  `id` = 23 LIMIT 1 [ RunTime:0.000000s ]
[ sql ] [ SQL ] SELECT * FROM `sup_menu` WHERE  `id` = 1 LIMIT 1 [ RunTime:0.001000s ]
[ sql ] [ SQL ] SELECT * FROM `sup_menu` WHERE  `id` = 7 LIMIT 1 [ RunTime:0.000000s ]
[ sql ] [ SQL ] SELECT * FROM `sup_menu` WHERE  `id` = 8 LIMIT 1 [ RunTime:0.000000s ]
[ sql ] [ SQL ] SELECT * FROM `sup_menu` WHERE  `id` = 7 LIMIT 1 [ RunTime:0.000000s ]
[ sql ] [ SQL ] SELECT * FROM `sup_menu` WHERE  `id` = 15 LIMIT 1 [ RunTime:0.001000s ]
[ sql ] [ SQL ] SELECT * FROM `sup_menu` WHERE  `id` = 8 LIMIT 1 [ RunTime:0.000000s ]
[ sql ] [ SQL ] SELECT * FROM `sup_menu` WHERE  `id` = 7 LIMIT 1 [ RunTime:0.000000s ]
[ sql ] [ SQL ] SELECT * FROM `sup_menu` WHERE  `id` = 9 LIMIT 1 [ RunTime:0.000000s ]
[ sql ] [ SQL ] SELECT * FROM `sup_menu` WHERE  `id` = 7 LIMIT 1 [ RunTime:0.000000s ]
[ sql ] [ SQL ] SELECT * FROM `sup_menu` WHERE  `id` = 10 LIMIT 1 [ RunTime:0.001000s ]
[ sql ] [ SQL ] SELECT * FROM `sup_menu` WHERE  `id` = 9 LIMIT 1 [ RunTime:0.000000s ]
[ sql ] [ SQL ] SELECT * FROM `sup_menu` WHERE  `id` = 7 LIMIT 1 [ RunTime:0.000000s ]
[ sql ] [ SQL ] SELECT * FROM `sup_menu` WHERE  `id` = 11 LIMIT 1 [ RunTime:0.001000s ]
[ sql ] [ SQL ] SELECT * FROM `sup_menu` WHERE  `id` = 9 LIMIT 1 [ RunTime:0.000000s ]
[ sql ] [ SQL ] SELECT * FROM `sup_menu` WHERE  `id` = 7 LIMIT 1 [ RunTime:0.000000s ]
---------------------------------------------------------------
[ 2018-09-19T11:01:08+08:00 ] 127.0.0.1 POST /tenflyer/public/admin/system/ajaxgetaction.html
[ info ] 127.0.0.1:8888/tenflyer/public/admin/system/ajaxgetaction.html [运行时间：0.052003s][吞吐率：19.23req/s] [内存消耗：2,015.01kb] [文件加载：52]
[ info ] [ LANG ] E:\xampp\htdocs\tenflyer\thinkphp\lang\zh-cn.php
[ info ] [ ROUTE ] array (
  'type' => 'module',
  'module' => 
  array (
    0 => 'admin',
    1 => 'system',
    2 => 'ajaxgetaction',
  ),
)
[ info ] [ HEADER ] array (
  'host' => '127.0.0.1:8888',
  'connection' => 'keep-alive',
  'content-length' => '23',
  'accept' => 'text/html, */*; q=0.01',
  'origin' => 'http://127.0.0.1:8888',
  'x-requested-with' => 'XMLHttpRequest',
  'user-agent' => 'Mozilla/5.0 (Windows NT 6.1; WOW64) AppleWebKit/537.36 (KHTML, like Gecko) Chrome/68.0.3440.106 Safari/537.36',
  'content-type' => 'application/x-www-form-urlencoded; charset=UTF-8',
  'referer' => 'http://127.0.0.1:8888/tenflyer/public/admin/index/index.html',
  'accept-encoding' => 'gzip, deflate, br',
  'accept-language' => 'zh-CN,zh;q=0.9',
  'cookie' => 'USER_NAME_COOKIE=yuwb; PHPSESSID=lasriqkp75aojbfb1slktt6bm4; OA_USER_ID=yuwb; LOGIN_USER_ID=yuwb; LAST_OPERATION_TIME=1537325869',
)
[ info ] [ PARAM ] array (
  'type' => '0',
  'controller' => 'Index',
)
[ info ] [ SESSION ] INIT array (
  'id' => '',
  'var_session_id' => '',
  'prefix' => 'admin',
  'type' => '',
  'auto_start' => true,
)
[ info ] [ DB ] INIT mysql
[ info ] [ RUN ] app\admin\controller\System->ajaxGetAction[ E:\xampp\htdocs\tenflyer\application\admin\controller\System.php ]
[ info ] [ LOG ] INIT File
[ sql ] [ DB ] CONNECT:[ UseTime:0.000000s ] mysql:host=127.0.0.1;port=3306;dbname=tenflyer_sup;charset=utf8
[ sql ] [ SQL ] SHOW COLUMNS FROM `sup_auth` [ RunTime:0.004001s ]
[ sql ] [ DB ] CONNECT:[ UseTime:0.000000s ] mysql:host=127.0.0.1;port=3306;dbname=tenflyer_sup;charset=utf8
[ sql ] [ SQL ] SELECT * FROM `sup_auth` WHERE  `auth_code` = 'System@ajaxgetaction' LIMIT 1 [ RunTime:0.001000s ]
---------------------------------------------------------------
[ 2018-09-19T11:02:16+08:00 ] 127.0.0.1 GET /tenflyer/public/static/dwz/themes/purple/images/listLine.png
[ info ] 127.0.0.1:8888/tenflyer/public/static/dwz/themes/purple/images/listLine.png [运行时间：0.031002s][吞吐率：32.26req/s] [内存消耗：1,116.43kb] [文件加载：39]
[ info ] [ LANG ] E:\xampp\htdocs\tenflyer\thinkphp\lang\zh-cn.php
[ info ] [ ROUTE ] array (
  'type' => 'module',
  'module' => 
  array (
    0 => 'static',
    1 => 'dwz',
    2 => 'themes',
  ),
)
[ info ] [ HEADER ] array (
  'host' => '127.0.0.1:8888',
  'connection' => 'keep-alive',
  'user-agent' => 'Mozilla/5.0 (Windows NT 6.1; WOW64) AppleWebKit/537.36 (KHTML, like Gecko) Chrome/68.0.3440.106 Safari/537.36',
  'accept' => 'image/webp,image/apng,image/*,*/*;q=0.8',
  'referer' => 'http://127.0.0.1:8888/tenflyer/public/static/dwz/themes/purple/style.css',
  'accept-encoding' => 'gzip, deflate, br',
  'accept-language' => 'zh-CN,zh;q=0.9',
  'cookie' => 'USER_NAME_COOKIE=yuwb; PHPSESSID=lasriqkp75aojbfb1slktt6bm4; OA_USER_ID=yuwb; LOGIN_USER_ID=yuwb; LAST_OPERATION_TIME=1537326109',
)
[ info ] [ PARAM ] array (
  'purple' => 'images',
)
[ info ] [ LOG ] INIT File
---------------------------------------------------------------
[ 2018-09-19T13:24:15+08:00 ] 127.0.0.1 GET /tenflyer/public/static/dwz/themes/purple/images/listLine.png
[ info ] 127.0.0.1:8888/tenflyer/public/static/dwz/themes/purple/images/listLine.png [运行时间：0.031001s][吞吐率：32.26req/s] [内存消耗：1,116.43kb] [文件加载：39]
[ info ] [ LANG ] E:\xampp\htdocs\tenflyer\thinkphp\lang\zh-cn.php
[ info ] [ ROUTE ] array (
  'type' => 'module',
  'module' => 
  array (
    0 => 'static',
    1 => 'dwz',
    2 => 'themes',
  ),
)
[ info ] [ HEADER ] array (
  'host' => '127.0.0.1:8888',
  'connection' => 'keep-alive',
  'user-agent' => 'Mozilla/5.0 (Windows NT 6.1; WOW64) AppleWebKit/537.36 (KHTML, like Gecko) Chrome/68.0.3440.106 Safari/537.36',
  'accept' => 'image/webp,image/apng,image/*,*/*;q=0.8',
  'referer' => 'http://127.0.0.1:8888/tenflyer/public/static/dwz/themes/purple/style.css',
  'accept-encoding' => 'gzip, deflate, br',
  'accept-language' => 'zh-CN,zh;q=0.9',
  'cookie' => 'USER_NAME_COOKIE=yuwb; PHPSESSID=lasriqkp75aojbfb1slktt6bm4; OA_USER_ID=yuwb; LOGIN_USER_ID=yuwb; LAST_OPERATION_TIME=1537334516',
)
[ info ] [ PARAM ] array (
  'purple' => 'images',
)
[ info ] [ LOG ] INIT File
---------------------------------------------------------------
[ 2018-09-19T13:24:27+08:00 ] 127.0.0.1 GET /tenflyer/public/admin/index/main.html?_=1537325982035
[ info ] 127.0.0.1:8888/tenflyer/public/admin/index/main.html?_=1537325982035 [运行时间：0.060004s][吞吐率：16.67req/s] [内存消耗：2,182.26kb] [文件加载：56]
[ info ] [ LANG ] E:\xampp\htdocs\tenflyer\thinkphp\lang\zh-cn.php
[ info ] [ ROUTE ] array (
  'type' => 'module',
  'module' => 
  array (
    0 => 'admin',
    1 => 'index',
    2 => 'main',
  ),
)
[ info ] [ HEADER ] array (
  'host' => '127.0.0.1:8888',
  'connection' => 'keep-alive',
  'accept' => '*/*',
  'x-requested-with' => 'XMLHttpRequest',
  'user-agent' => 'Mozilla/5.0 (Windows NT 6.1; WOW64) AppleWebKit/537.36 (KHTML, like Gecko) Chrome/68.0.3440.106 Safari/537.36',
  'referer' => 'http://127.0.0.1:8888/tenflyer/public/admin/index/index.html',
  'accept-encoding' => 'gzip, deflate, br',
  'accept-language' => 'zh-CN,zh;q=0.9',
  'cookie' => 'dwz_theme=azure; USER_NAME_COOKIE=yuwb; PHPSESSID=lasriqkp75aojbfb1slktt6bm4; OA_USER_ID=yuwb; LOGIN_USER_ID=yuwb; LAST_OPERATION_TIME=1537334516',
)
[ info ] [ PARAM ] array (
  '_' => '1537325982035',
)
[ info ] [ SESSION ] INIT array (
  'id' => '',
  'var_session_id' => '',
  'prefix' => 'admin',
  'type' => '',
  'auto_start' => true,
)
[ info ] [ DB ] INIT mysql
[ info ] [ RUN ] app\admin\controller\Index->main[ E:\xampp\htdocs\tenflyer\application\admin\controller\Index.php ]
[ info ] [ VIEW ] E:\xampp\htdocs\tenflyer\public/../application/admin\view\index\main.html [ array (
  0 => 'info',
) ]
[ info ] [ LOG ] INIT File
[ sql ] [ DB ] CONNECT:[ UseTime:0.001000s ] mysql:host=127.0.0.1;port=3306;dbname=tenflyer_sup;charset=utf8
[ sql ] [ SQL ] SHOW COLUMNS FROM `sup_auth` [ RunTime:0.006000s ]
[ sql ] [ DB ] CONNECT:[ UseTime:0.001000s ] mysql:host=127.0.0.1;port=3306;dbname=tenflyer_sup;charset=utf8
[ sql ] [ SQL ] SELECT * FROM `sup_auth` WHERE  `auth_code` = 'Index@main' LIMIT 1 [ RunTime:0.000000s ]
---------------------------------------------------------------
[ 2018-09-19T13:25:23+08:00 ] 127.0.0.1 POST /tenflyer/public/admin/system/auth.html
[ info ] 127.0.0.1:8888/tenflyer/public/admin/system/auth.html [运行时间：0.067003s][吞吐率：14.92req/s] [内存消耗：2,065.63kb] [文件加载：55]
[ info ] [ LANG ] E:\xampp\htdocs\tenflyer\thinkphp\lang\zh-cn.php
[ info ] [ ROUTE ] array (
  'type' => 'module',
  'module' => 
  array (
    0 => 'admin',
    1 => 'system',
    2 => 'auth',
  ),
)
[ info ] [ HEADER ] array (
  'host' => '127.0.0.1:8888',
  'connection' => 'keep-alive',
  'content-length' => '79',
  'accept' => '*/*',
  'origin' => 'http://127.0.0.1:8888',
  'x-requested-with' => 'XMLHttpRequest',
  'user-agent' => 'Mozilla/5.0 (Windows NT 6.1; WOW64) AppleWebKit/537.36 (KHTML, like Gecko) Chrome/68.0.3440.106 Safari/537.36',
  'content-type' => 'application/x-www-form-urlencoded; charset=UTF-8',
  'referer' => 'http://127.0.0.1:8888/tenflyer/public/admin/index/index.html',
  'accept-encoding' => 'gzip, deflate, br',
  'accept-language' => 'zh-CN,zh;q=0.9',
  'cookie' => 'USER_NAME_COOKIE=yuwb; PHPSESSID=lasriqkp75aojbfb1slktt6bm4; OA_USER_ID=yuwb; LOGIN_USER_ID=yuwb; LAST_OPERATION_TIME=1537334516',
)
[ info ] [ PARAM ] array (
  'name' => '',
  'province' => 'all',
  'city' => 'all',
  'region' => 'all',
  'type' => '3',
  'startDate' => '',
  'endDate' => '',
  'numPerPage' => '20',
)
[ info ] [ SESSION ] INIT array (
  'id' => '',
  'var_session_id' => '',
  'prefix' => 'admin',
  'type' => '',
  'auto_start' => true,
)
[ info ] [ DB ] INIT mysql
[ info ] [ RUN ] app\admin\controller\System->auth[ E:\xampp\htdocs\tenflyer\application\admin\controller\System.php ]
[ info ] [ VIEW ] E:\xampp\htdocs\tenflyer\public/../application/admin\view\system\auth_list.html [ array (
  0 => 'auth_list',
) ]
[ info ] [ LOG ] INIT File
[ sql ] [ DB ] CONNECT:[ UseTime:0.003000s ] mysql:host=127.0.0.1;port=3306;dbname=tenflyer_sup;charset=utf8
[ sql ] [ SQL ] SHOW COLUMNS FROM `sup_auth` [ RunTime:0.004001s ]
[ sql ] [ DB ] CONNECT:[ UseTime:0.010000s ] mysql:host=127.0.0.1;port=3306;dbname=tenflyer_sup;charset=utf8
[ sql ] [ SQL ] SELECT * FROM `sup_auth` WHERE  `auth_code` = 'System@auth' LIMIT 1 [ RunTime:0.001000s ]
[ sql ] [ SQL ] SELECT * FROM `sup_auth` [ RunTime:0.000000s ]
---------------------------------------------------------------
[ 2018-09-19T13:25:24+08:00 ] 127.0.0.1 POST /tenflyer/public/admin/system/auth.html
[ info ] 127.0.0.1:8888/tenflyer/public/admin/system/auth.html [运行时间：0.095006s][吞吐率：10.53req/s] [内存消耗：2,065.63kb] [文件加载：55]
[ info ] [ LANG ] E:\xampp\htdocs\tenflyer\thinkphp\lang\zh-cn.php
[ info ] [ ROUTE ] array (
  'type' => 'module',
  'module' => 
  array (
    0 => 'admin',
    1 => 'system',
    2 => 'auth',
  ),
)
[ info ] [ HEADER ] array (
  'host' => '127.0.0.1:8888',
  'connection' => 'keep-alive',
  'content-length' => '79',
  'accept' => '*/*',
  'origin' => 'http://127.0.0.1:8888',
  'x-requested-with' => 'XMLHttpRequest',
  'user-agent' => 'Mozilla/5.0 (Windows NT 6.1; WOW64) AppleWebKit/537.36 (KHTML, like Gecko) Chrome/68.0.3440.106 Safari/537.36',
  'content-type' => 'application/x-www-form-urlencoded; charset=UTF-8',
  'referer' => 'http://127.0.0.1:8888/tenflyer/public/admin/index/index.html',
  'accept-encoding' => 'gzip, deflate, br',
  'accept-language' => 'zh-CN,zh;q=0.9',
  'cookie' => 'USER_NAME_COOKIE=yuwb; PHPSESSID=lasriqkp75aojbfb1slktt6bm4; OA_USER_ID=yuwb; LOGIN_USER_ID=yuwb; LAST_OPERATION_TIME=1537334516',
)
[ info ] [ PARAM ] array (
  'name' => '',
  'province' => 'all',
  'city' => 'all',
  'region' => 'all',
  'type' => '3',
  'startDate' => '',
  'endDate' => '',
  'numPerPage' => '20',
)
[ info ] [ SESSION ] INIT array (
  'id' => '',
  'var_session_id' => '',
  'prefix' => 'admin',
  'type' => '',
  'auto_start' => true,
)
[ info ] [ DB ] INIT mysql
[ info ] [ RUN ] app\admin\controller\System->auth[ E:\xampp\htdocs\tenflyer\application\admin\controller\System.php ]
[ info ] [ VIEW ] E:\xampp\htdocs\tenflyer\public/../application/admin\view\system\auth_list.html [ array (
  0 => 'auth_list',
) ]
[ info ] [ LOG ] INIT File
[ sql ] [ DB ] CONNECT:[ UseTime:0.011000s ] mysql:host=127.0.0.1;port=3306;dbname=tenflyer_sup;charset=utf8
[ sql ] [ SQL ] SHOW COLUMNS FROM `sup_auth` [ RunTime:0.007001s ]
[ sql ] [ DB ] CONNECT:[ UseTime:0.001000s ] mysql:host=127.0.0.1;port=3306;dbname=tenflyer_sup;charset=utf8
[ sql ] [ SQL ] SELECT * FROM `sup_auth` WHERE  `auth_code` = 'System@auth' LIMIT 1 [ RunTime:0.002000s ]
[ sql ] [ SQL ] SELECT * FROM `sup_auth` [ RunTime:0.002000s ]
---------------------------------------------------------------
[ 2018-09-19T13:25:25+08:00 ] 127.0.0.1 GET /tenflyer/public/admin/index/demo_page6.html?_=1537325982038
[ info ] 127.0.0.1:8888/tenflyer/public/admin/index/demo_page6.html?_=1537325982038 [运行时间：0.065003s][吞吐率：15.38req/s] [内存消耗：2,094.56kb] [文件加载：55]
[ info ] [ LANG ] E:\xampp\htdocs\tenflyer\thinkphp\lang\zh-cn.php
[ info ] [ ROUTE ] array (
  'type' => 'module',
  'module' => 
  array (
    0 => 'admin',
    1 => 'index',
    2 => 'demo_page6',
  ),
)
[ info ] [ HEADER ] array (
  'host' => '127.0.0.1:8888',
  'connection' => 'keep-alive',
  'accept' => '*/*',
  'x-requested-with' => 'XMLHttpRequest',
  'user-agent' => 'Mozilla/5.0 (Windows NT 6.1; WOW64) AppleWebKit/537.36 (KHTML, like Gecko) Chrome/68.0.3440.106 Safari/537.36',
  'referer' => 'http://127.0.0.1:8888/tenflyer/public/admin/index/index.html',
  'accept-encoding' => 'gzip, deflate, br',
  'accept-language' => 'zh-CN,zh;q=0.9',
  'cookie' => 'dwz_theme=default; USER_NAME_COOKIE=yuwb; PHPSESSID=lasriqkp75aojbfb1slktt6bm4; OA_USER_ID=yuwb; LOGIN_USER_ID=yuwb; LAST_OPERATION_TIME=1537334516',
)
[ info ] [ PARAM ] array (
  '_' => '1537325982038',
)
[ info ] [ SESSION ] INIT array (
  'id' => '',
  'var_session_id' => '',
  'prefix' => 'admin',
  'type' => '',
  'auto_start' => true,
)
[ info ] [ DB ] INIT mysql
[ info ] [ LOG ] INIT File
[ sql ] [ DB ] CONNECT:[ UseTime:0.011000s ] mysql:host=127.0.0.1;port=3306;dbname=tenflyer_sup;charset=utf8
[ sql ] [ SQL ] SHOW COLUMNS FROM `sup_auth` [ RunTime:0.005001s ]
[ sql ] [ DB ] CONNECT:[ UseTime:0.010000s ] mysql:host=127.0.0.1;port=3306;dbname=tenflyer_sup;charset=utf8
[ sql ] [ SQL ] SELECT * FROM `sup_auth` WHERE  `auth_code` = 'Index@demo_page6' LIMIT 1 [ RunTime:0.001000s ]
---------------------------------------------------------------
[ 2018-09-19T13:25:28+08:00 ] 127.0.0.1 GET /tenflyer/public/admin/index/index.html
[ info ] 127.0.0.1:8888/tenflyer/public/admin/index/index.html [运行时间：0.076004s][吞吐率：13.16req/s] [内存消耗：2,406.69kb] [文件加载：57]
[ info ] [ LANG ] E:\xampp\htdocs\tenflyer\thinkphp\lang\zh-cn.php
[ info ] [ ROUTE ] array (
  'type' => 'module',
  'module' => 
  array (
    0 => 'admin',
    1 => 'index',
    2 => 'index',
  ),
)
[ info ] [ HEADER ] array (
  'host' => '127.0.0.1:8888',
  'connection' => 'keep-alive',
  'cache-control' => 'max-age=0',
  'upgrade-insecure-requests' => '1',
  'user-agent' => 'Mozilla/5.0 (Windows NT 6.1; WOW64) AppleWebKit/537.36 (KHTML, like Gecko) Chrome/68.0.3440.106 Safari/537.36',
  'accept' => 'text/html,application/xhtml+xml,application/xml;q=0.9,image/webp,image/apng,*/*;q=0.8',
  'referer' => 'http://127.0.0.1:8888/tenflyer/public/admin/login/login.html',
  'accept-encoding' => 'gzip, deflate, br',
  'accept-language' => 'zh-CN,zh;q=0.9',
  'cookie' => 'dwz_theme=default; USER_NAME_COOKIE=yuwb; PHPSESSID=lasriqkp75aojbfb1slktt6bm4; OA_USER_ID=yuwb; LOGIN_USER_ID=yuwb; LAST_OPERATION_TIME=1537334516',
)
[ info ] [ PARAM ] array (
)
[ info ] [ SESSION ] INIT array (
  'id' => '',
  'var_session_id' => '',
  'prefix' => 'admin',
  'type' => '',
  'auto_start' => true,
)
[ info ] [ DB ] INIT mysql
[ info ] [ RUN ] app\admin\controller\Index->index[ E:\xampp\htdocs\tenflyer\application\admin\controller\Index.php ]
[ info ] [ VIEW ] E:\xampp\htdocs\tenflyer\public/../application/admin\view\index\index.html [ array (
  0 => 'main_menu',
  1 => 'current_main_menu',
  2 => 'current_menu',
) ]
[ info ] [ LOG ] INIT File
[ sql ] [ DB ] CONNECT:[ UseTime:0.011001s ] mysql:host=127.0.0.1;port=3306;dbname=tenflyer_sup;charset=utf8
[ sql ] [ SQL ] SHOW COLUMNS FROM `sup_auth` [ RunTime:0.003000s ]
[ sql ] [ DB ] CONNECT:[ UseTime:0.010001s ] mysql:host=127.0.0.1;port=3306;dbname=tenflyer_sup;charset=utf8
[ sql ] [ SQL ] SELECT * FROM `sup_auth` WHERE  `auth_code` = 'Index@index' LIMIT 1 [ RunTime:0.002000s ]
[ sql ] [ SQL ] SHOW COLUMNS FROM `sup_menu` [ RunTime:0.004000s ]
[ sql ] [ SQL ] SELECT * FROM `sup_menu` WHERE  (  status=1 and pid=0 and name<>"个人中心" ) ORDER BY `sort`  asc [ RunTime:0.001000s ]
[ sql ] [ SQL ] SELECT * FROM `sup_menu` WHERE  (  name="个人中心" and pid=0 ) ORDER BY `sort`  asc LIMIT 1 [ RunTime:0.001000s ]
[ sql ] [ SQL ] SELECT * FROM `sup_menu` WHERE  (  status=1 and name<>'个人中心' ) ORDER BY `sort`  asc [ RunTime:0.001000s ]
---------------------------------------------------------------
[ 2018-09-19T13:25:31+08:00 ] 127.0.0.1 POST /tenflyer/public/admin/index/sonmenu.html?id=1
[ info ] 127.0.0.1:8888/tenflyer/public/admin/index/sonmenu.html?id=1 [运行时间：0.069004s][吞吐率：14.49req/s] [内存消耗：2,354.55kb] [文件加载：56]
[ info ] [ LANG ] E:\xampp\htdocs\tenflyer\thinkphp\lang\zh-cn.php
[ info ] [ ROUTE ] array (
  'type' => 'module',
  'module' => 
  array (
    0 => 'admin',
    1 => 'index',
    2 => 'sonmenu',
  ),
)
[ info ] [ HEADER ] array (
  'host' => '127.0.0.1:8888',
  'connection' => 'keep-alive',
  'content-length' => '0',
  'accept' => '*/*',
  'origin' => 'http://127.0.0.1:8888',
  'x-requested-with' => 'XMLHttpRequest',
  'user-agent' => 'Mozilla/5.0 (Windows NT 6.1; WOW64) AppleWebKit/537.36 (KHTML, like Gecko) Chrome/68.0.3440.106 Safari/537.36',
  'referer' => 'http://127.0.0.1:8888/tenflyer/public/admin/index/index.html',
  'accept-encoding' => 'gzip, deflate, br',
  'accept-language' => 'zh-CN,zh;q=0.9',
  'cookie' => 'dwz_theme=default; USER_NAME_COOKIE=yuwb; PHPSESSID=lasriqkp75aojbfb1slktt6bm4; OA_USER_ID=yuwb; LOGIN_USER_ID=yuwb; LAST_OPERATION_TIME=1537334516',
)
[ info ] [ PARAM ] array (
  'id' => '1',
)
[ info ] [ SESSION ] INIT array (
  'id' => '',
  'var_session_id' => '',
  'prefix' => 'admin',
  'type' => '',
  'auto_start' => true,
)
[ info ] [ DB ] INIT mysql
[ info ] [ RUN ] app\admin\controller\Index->sonMenu[ E:\xampp\htdocs\tenflyer\application\admin\controller\Index.php ]
[ info ] [ LOG ] INIT File
[ sql ] [ DB ] CONNECT:[ UseTime:0.001000s ] mysql:host=127.0.0.1;port=3306;dbname=tenflyer_sup;charset=utf8
[ sql ] [ SQL ] SHOW COLUMNS FROM `sup_auth` [ RunTime:0.005000s ]
[ sql ] [ DB ] CONNECT:[ UseTime:0.010001s ] mysql:host=127.0.0.1;port=3306;dbname=tenflyer_sup;charset=utf8
[ sql ] [ SQL ] SELECT * FROM `sup_auth` WHERE  `auth_code` = 'Index@sonmenu' LIMIT 1 [ RunTime:0.001000s ]
[ sql ] [ SQL ] SHOW COLUMNS FROM `sup_menu` [ RunTime:0.004000s ]
[ sql ] [ SQL ] SELECT * FROM `sup_menu` WHERE  (  status=1 and name<>'个人中心' ) ORDER BY `sort`  asc [ RunTime:0.001000s ]
---------------------------------------------------------------
[ 2018-09-19T13:31:46+08:00 ] 127.0.0.1 GET /tenflyer/public/admin/system/user.html?_=1537334728529
[ info ] 127.0.0.1:8888/tenflyer/public/admin/system/user.html?_=1537334728529 [运行时间：0.065004s][吞吐率：15.38req/s] [内存消耗：2,073.42kb] [文件加载：55]
[ info ] [ LANG ] E:\xampp\htdocs\tenflyer\thinkphp\lang\zh-cn.php
[ info ] [ ROUTE ] array (
  'type' => 'module',
  'module' => 
  array (
    0 => 'admin',
    1 => 'system',
    2 => 'user',
  ),
)
[ info ] [ HEADER ] array (
  'host' => '127.0.0.1:8888',
  'connection' => 'keep-alive',
  'accept' => '*/*',
  'x-requested-with' => 'XMLHttpRequest',
  'user-agent' => 'Mozilla/5.0 (Windows NT 6.1; WOW64) AppleWebKit/537.36 (KHTML, like Gecko) Chrome/68.0.3440.106 Safari/537.36',
  'referer' => 'http://127.0.0.1:8888/tenflyer/public/admin/index/index.html',
  'accept-encoding' => 'gzip, deflate, br',
  'accept-language' => 'zh-CN,zh;q=0.9',
  'cookie' => 'USER_NAME_COOKIE=yuwb; PHPSESSID=lasriqkp75aojbfb1slktt6bm4; OA_USER_ID=yuwb; LOGIN_USER_ID=yuwb; LAST_OPERATION_TIME=1537334516',
)
[ info ] [ PARAM ] array (
  '_' => '1537334728529',
)
[ info ] [ SESSION ] INIT array (
  'id' => '',
  'var_session_id' => '',
  'prefix' => 'admin',
  'type' => '',
  'auto_start' => true,
)
[ info ] [ DB ] INIT mysql
[ info ] [ RUN ] app\admin\controller\System->user[ E:\xampp\htdocs\tenflyer\application\admin\controller\System.php ]
[ info ] [ VIEW ] E:\xampp\htdocs\tenflyer\public/../application/admin\view\system\user_list.html [ array (
  0 => 'user_list',
) ]
[ info ] [ LOG ] INIT File
[ sql ] [ DB ] CONNECT:[ UseTime:0.001000s ] mysql:host=127.0.0.1;port=3306;dbname=tenflyer_sup;charset=utf8
[ sql ] [ SQL ] SHOW COLUMNS FROM `sup_auth` [ RunTime:0.004000s ]
[ sql ] [ DB ] CONNECT:[ UseTime:0.000000s ] mysql:host=127.0.0.1;port=3306;dbname=tenflyer_sup;charset=utf8
[ sql ] [ SQL ] SELECT * FROM `sup_auth` WHERE  `auth_code` = 'System@user' LIMIT 1 [ RunTime:0.001001s ]
[ sql ] [ SQL ] SHOW COLUMNS FROM `sup_user` [ RunTime:0.005000s ]
[ sql ] [ SQL ] SELECT * FROM `sup_user` [ RunTime:0.001000s ]
---------------------------------------------------------------
[ 2018-09-19T13:31:47+08:00 ] 127.0.0.1 GET /tenflyer/public/admin/system/adduser.html?_=1537334728531
[ info ] 127.0.0.1:8888/tenflyer/public/admin/system/adduser.html?_=1537334728531 [运行时间：0.123007s][吞吐率：8.13req/s] [内存消耗：2,490.13kb] [文件加载：59]
[ info ] [ LANG ] E:\xampp\htdocs\tenflyer\thinkphp\lang\zh-cn.php
[ info ] [ ROUTE ] array (
  'type' => 'module',
  'module' => 
  array (
    0 => 'admin',
    1 => 'system',
    2 => 'adduser',
  ),
)
[ info ] [ HEADER ] array (
  'host' => '127.0.0.1:8888',
  'connection' => 'keep-alive',
  'accept' => '*/*',
  'x-requested-with' => 'XMLHttpRequest',
  'user-agent' => 'Mozilla/5.0 (Windows NT 6.1; WOW64) AppleWebKit/537.36 (KHTML, like Gecko) Chrome/68.0.3440.106 Safari/537.36',
  'referer' => 'http://127.0.0.1:8888/tenflyer/public/admin/index/index.html',
  'accept-encoding' => 'gzip, deflate, br',
  'accept-language' => 'zh-CN,zh;q=0.9',
  'cookie' => 'USER_NAME_COOKIE=yuwb; PHPSESSID=lasriqkp75aojbfb1slktt6bm4; OA_USER_ID=yuwb; LOGIN_USER_ID=yuwb; LAST_OPERATION_TIME=1537334516',
)
[ info ] [ PARAM ] array (
  '_' => '1537334728531',
)
[ info ] [ SESSION ] INIT array (
  'id' => '',
  'var_session_id' => '',
  'prefix' => 'admin',
  'type' => '',
  'auto_start' => true,
)
[ info ] [ DB ] INIT mysql
[ info ] [ RUN ] app\admin\controller\System->addUser[ E:\xampp\htdocs\tenflyer\application\admin\controller\System.php ]
[ info ] [ VIEW ] E:\xampp\htdocs\tenflyer\public/../application/admin\view\system\add_user.html [ array (
  0 => 'status',
  1 => 'group_list',
  2 => 'menu_table_tree',
  3 => 'auth_menu_tree',
) ]
[ info ] [ LOG ] INIT File
[ sql ] [ DB ] CONNECT:[ UseTime:0.000000s ] mysql:host=127.0.0.1;port=3306;dbname=tenflyer_sup;charset=utf8
[ sql ] [ SQL ] SHOW COLUMNS FROM `sup_auth` [ RunTime:0.003000s ]
[ sql ] [ DB ] CONNECT:[ UseTime:0.001000s ] mysql:host=127.0.0.1;port=3306;dbname=tenflyer_sup;charset=utf8
[ sql ] [ SQL ] SELECT * FROM `sup_auth` WHERE  `auth_code` = 'System@adduser' LIMIT 1 [ RunTime:0.000000s ]
[ sql ] [ SQL ] SHOW COLUMNS FROM `sup_menu` [ RunTime:0.003000s ]
[ sql ] [ SQL ] SELECT * FROM `sup_menu` WHERE  (  status=1 and pid=0 and name<>"个人中心" ) ORDER BY `sort`  asc [ RunTime:0.001000s ]
[ sql ] [ SQL ] SELECT * FROM `sup_menu` WHERE  (  status=1 and name<>'个人中心' ) ORDER BY `sort`  asc [ RunTime:0.001001s ]
[ sql ] [ SQL ] SELECT * FROM `sup_menu` WHERE  `id` = 2 LIMIT 1 [ RunTime:0.001000s ]
[ sql ] [ SQL ] SELECT * FROM `sup_menu` WHERE  `id` = 1 LIMIT 1 [ RunTime:0.002000s ]
[ sql ] [ SQL ] SELECT * FROM `sup_menu` WHERE  `id` = 3 LIMIT 1 [ RunTime:0.001000s ]
[ sql ] [ SQL ] SELECT * FROM `sup_menu` WHERE  `id` = 2 LIMIT 1 [ RunTime:0.001000s ]
[ sql ] [ SQL ] SELECT * FROM `sup_menu` WHERE  `id` = 1 LIMIT 1 [ RunTime:0.000000s ]
[ sql ] [ SQL ] SELECT * FROM `sup_menu` WHERE  `id` = 4 LIMIT 1 [ RunTime:0.000000s ]
[ sql ] [ SQL ] SELECT * FROM `sup_menu` WHERE  `id` = 2 LIMIT 1 [ RunTime:0.000000s ]
[ sql ] [ SQL ] SELECT * FROM `sup_menu` WHERE  `id` = 1 LIMIT 1 [ RunTime:0.000000s ]
[ sql ] [ SQL ] SELECT * FROM `sup_menu` WHERE  `id` = 12 LIMIT 1 [ RunTime:0.001000s ]
[ sql ] [ SQL ] SELECT * FROM `sup_menu` WHERE  `id` = 1 LIMIT 1 [ RunTime:0.000000s ]
[ sql ] [ SQL ] SELECT * FROM `sup_menu` WHERE  `id` = 13 LIMIT 1 [ RunTime:0.000000s ]
[ sql ] [ SQL ] SELECT * FROM `sup_menu` WHERE  `id` = 12 LIMIT 1 [ RunTime:0.001000s ]
[ sql ] [ SQL ] SELECT * FROM `sup_menu` WHERE  `id` = 1 LIMIT 1 [ RunTime:0.000000s ]
[ sql ] [ SQL ] SELECT * FROM `sup_menu` WHERE  `id` = 14 LIMIT 1 [ RunTime:0.001000s ]
[ sql ] [ SQL ] SELECT * FROM `sup_menu` WHERE  `id` = 12 LIMIT 1 [ RunTime:0.000000s ]
[ sql ] [ SQL ] SELECT * FROM `sup_menu` WHERE  `id` = 1 LIMIT 1 [ RunTime:0.001000s ]
[ sql ] [ SQL ] SELECT * FROM `sup_menu` WHERE  `id` = 16 LIMIT 1 [ RunTime:0.000000s ]
[ sql ] [ SQL ] SELECT * FROM `sup_menu` WHERE  `id` = 1 LIMIT 1 [ RunTime:0.001000s ]
[ sql ] [ SQL ] SELECT * FROM `sup_menu` WHERE  `id` = 21 LIMIT 1 [ RunTime:0.000000s ]
[ sql ] [ SQL ] SELECT * FROM `sup_menu` WHERE  `id` = 16 LIMIT 1 [ RunTime:0.001000s ]
[ sql ] [ SQL ] SELECT * FROM `sup_menu` WHERE  `id` = 1 LIMIT 1 [ RunTime:0.000000s ]
[ sql ] [ SQL ] SELECT * FROM `sup_menu` WHERE  `id` = 22 LIMIT 1 [ RunTime:0.001000s ]
[ sql ] [ SQL ] SELECT * FROM `sup_menu` WHERE  `id` = 16 LIMIT 1 [ RunTime:0.000000s ]
[ sql ] [ SQL ] SELECT * FROM `sup_menu` WHERE  `id` = 1 LIMIT 1 [ RunTime:0.000000s ]
[ sql ] [ SQL ] SELECT * FROM `sup_menu` WHERE  `id` = 23 LIMIT 1 [ RunTime:0.001000s ]
[ sql ] [ SQL ] SELECT * FROM `sup_menu` WHERE  `id` = 1 LIMIT 1 [ RunTime:0.000000s ]
[ sql ] [ SQL ] SELECT * FROM `sup_menu` WHERE  `id` = 24 LIMIT 1 [ RunTime:0.000000s ]
[ sql ] [ SQL ] SELECT * FROM `sup_menu` WHERE  `id` = 23 LIMIT 1 [ RunTime:0.000000s ]
[ sql ] [ SQL ] SELECT * FROM `sup_menu` WHERE  `id` = 1 LIMIT 1 [ RunTime:0.000000s ]
[ sql ] [ SQL ] SELECT * FROM `sup_menu` WHERE  `id` = 25 LIMIT 1 [ RunTime:0.000000s ]
[ sql ] [ SQL ] SELECT * FROM `sup_menu` WHERE  `id` = 23 LIMIT 1 [ RunTime:0.001001s ]
[ sql ] [ SQL ] SELECT * FROM `sup_menu` WHERE  `id` = 1 LIMIT 1 [ RunTime:0.002000s ]
[ sql ] [ SQL ] SELECT * FROM `sup_menu` WHERE  `id` = 8 LIMIT 1 [ RunTime:0.002000s ]
[ sql ] [ SQL ] SELECT * FROM `sup_menu` WHERE  `id` = 7 LIMIT 1 [ RunTime:0.001000s ]
[ sql ] [ SQL ] SELECT * FROM `sup_menu` WHERE  `id` = 15 LIMIT 1 [ RunTime:0.001000s ]
[ sql ] [ SQL ] SELECT * FROM `sup_menu` WHERE  `id` = 8 LIMIT 1 [ RunTime:0.000000s ]
[ sql ] [ SQL ] SELECT * FROM `sup_menu` WHERE  `id` = 7 LIMIT 1 [ RunTime:0.001000s ]
[ sql ] [ SQL ] SELECT * FROM `sup_menu` WHERE  `id` = 9 LIMIT 1 [ RunTime:0.000000s ]
[ sql ] [ SQL ] SELECT * FROM `sup_menu` WHERE  `id` = 7 LIMIT 1 [ RunTime:0.000000s ]
[ sql ] [ SQL ] SELECT * FROM `sup_menu` WHERE  `id` = 10 LIMIT 1 [ RunTime:0.001000s ]
[ sql ] [ SQL ] SELECT * FROM `sup_menu` WHERE  `id` = 9 LIMIT 1 [ RunTime:0.000000s ]
[ sql ] [ SQL ] SELECT * FROM `sup_menu` WHERE  `id` = 7 LIMIT 1 [ RunTime:0.001000s ]
[ sql ] [ SQL ] SELECT * FROM `sup_menu` WHERE  `id` = 11 LIMIT 1 [ RunTime:0.000000s ]
[ sql ] [ SQL ] SELECT * FROM `sup_menu` WHERE  `id` = 9 LIMIT 1 [ RunTime:0.001000s ]
[ sql ] [ SQL ] SELECT * FROM `sup_menu` WHERE  `id` = 7 LIMIT 1 [ RunTime:0.000000s ]
[ sql ] [ SQL ] SELECT * FROM `sup_menu` WHERE  (  status=1 and name<>'个人中心' ) ORDER BY `sort`  asc [ RunTime:0.001000s ]
[ sql ] [ SQL ] SELECT * FROM `sup_menu` WHERE  `id` = 1 LIMIT 1 [ RunTime:0.001000s ]
[ sql ] [ SQL ] SELECT * FROM `sup_menu` WHERE  `id` = 2 LIMIT 1 [ RunTime:0.000000s ]
[ sql ] [ SQL ] SELECT * FROM `sup_menu` WHERE  `id` = 1 LIMIT 1 [ RunTime:0.000000s ]
[ sql ] [ SQL ] SELECT * FROM `sup_menu` WHERE  `id` = 3 LIMIT 1 [ RunTime:0.000000s ]
[ sql ] [ SQL ] SELECT * FROM `sup_menu` WHERE  `id` = 2 LIMIT 1 [ RunTime:0.000000s ]
[ sql ] [ SQL ] SELECT * FROM `sup_menu` WHERE  `id` = 1 LIMIT 1 [ RunTime:0.001000s ]
[ sql ] [ SQL ] SELECT * FROM `sup_auth` WHERE  `menu_id` = 3 ORDER BY `id` [ RunTime:0.000000s ]
[ sql ] [ SQL ] SELECT * FROM `sup_menu` WHERE  `id` = 4 LIMIT 1 [ RunTime:0.001001s ]
[ sql ] [ SQL ] SELECT * FROM `sup_menu` WHERE  `id` = 2 LIMIT 1 [ RunTime:0.000000s ]
[ sql ] [ SQL ] SELECT * FROM `sup_menu` WHERE  `id` = 1 LIMIT 1 [ RunTime:0.001000s ]
[ sql ] [ SQL ] SELECT * FROM `sup_auth` WHERE  `menu_id` = 4 ORDER BY `id` [ RunTime:0.000000s ]
[ sql ] [ SQL ] SELECT * FROM `sup_menu` WHERE  `id` = 12 LIMIT 1 [ RunTime:0.001000s ]
[ sql ] [ SQL ] SELECT * FROM `sup_menu` WHERE  `id` = 1 LIMIT 1 [ RunTime:0.000000s ]
[ sql ] [ SQL ] SELECT * FROM `sup_menu` WHERE  `id` = 13 LIMIT 1 [ RunTime:0.000000s ]
[ sql ] [ SQL ] SELECT * FROM `sup_menu` WHERE  `id` = 12 LIMIT 1 [ RunTime:0.000000s ]
[ sql ] [ SQL ] SELECT * FROM `sup_menu` WHERE  `id` = 1 LIMIT 1 [ RunTime:0.000000s ]
[ sql ] [ SQL ] SELECT * FROM `sup_auth` WHERE  `menu_id` = 13 ORDER BY `id` [ RunTime:0.001000s ]
[ sql ] [ SQL ] SELECT * FROM `sup_menu` WHERE  `id` = 14 LIMIT 1 [ RunTime:0.000000s ]
[ sql ] [ SQL ] SELECT * FROM `sup_menu` WHERE  `id` = 12 LIMIT 1 [ RunTime:0.001000s ]
[ sql ] [ SQL ] SELECT * FROM `sup_menu` WHERE  `id` = 1 LIMIT 1 [ RunTime:0.000000s ]
[ sql ] [ SQL ] SELECT * FROM `sup_auth` WHERE  `menu_id` = 14 ORDER BY `id` [ RunTime:0.000000s ]
[ sql ] [ SQL ] SELECT * FROM `sup_menu` WHERE  `id` = 16 LIMIT 1 [ RunTime:0.000000s ]
[ sql ] [ SQL ] SELECT * FROM `sup_menu` WHERE  `id` = 1 LIMIT 1 [ RunTime:0.000000s ]
[ sql ] [ SQL ] SELECT * FROM `sup_menu` WHERE  `id` = 21 LIMIT 1 [ RunTime:0.001000s ]
[ sql ] [ SQL ] SELECT * FROM `sup_menu` WHERE  `id` = 16 LIMIT 1 [ RunTime:0.000000s ]
[ sql ] [ SQL ] SELECT * FROM `sup_menu` WHERE  `id` = 1 LIMIT 1 [ RunTime:0.000000s ]
[ sql ] [ SQL ] SELECT * FROM `sup_auth` WHERE  `menu_id` = 21 ORDER BY `id` [ RunTime:0.000000s ]
[ sql ] [ SQL ] SELECT * FROM `sup_menu` WHERE  `id` = 22 LIMIT 1 [ RunTime:0.000000s ]
[ sql ] [ SQL ] SELECT * FROM `sup_menu` WHERE  `id` = 16 LIMIT 1 [ RunTime:0.000000s ]
[ sql ] [ SQL ] SELECT * FROM `sup_menu` WHERE  `id` = 1 LIMIT 1 [ RunTime:0.001000s ]
[ sql ] [ SQL ] SELECT * FROM `sup_auth` WHERE  `menu_id` = 22 ORDER BY `id` [ RunTime:0.000000s ]
[ sql ] [ SQL ] SELECT * FROM `sup_menu` WHERE  `id` = 23 LIMIT 1 [ RunTime:0.001000s ]
[ sql ] [ SQL ] SELECT * FROM `sup_menu` WHERE  `id` = 1 LIMIT 1 [ RunTime:0.000000s ]
[ sql ] [ SQL ] SELECT * FROM `sup_menu` WHERE  `id` = 24 LIMIT 1 [ RunTime:0.001000s ]
[ sql ] [ SQL ] SELECT * FROM `sup_menu` WHERE  `id` = 23 LIMIT 1 [ RunTime:0.000000s ]
[ sql ] [ SQL ] SELECT * FROM `sup_menu` WHERE  `id` = 1 LIMIT 1 [ RunTime:0.001000s ]
[ sql ] [ SQL ] SELECT * FROM `sup_auth` WHERE  `menu_id` = 24 ORDER BY `id` [ RunTime:0.001000s ]
[ sql ] [ SQL ] SELECT * FROM `sup_menu` WHERE  `id` = 25 LIMIT 1 [ RunTime:0.001000s ]
[ sql ] [ SQL ] SELECT * FROM `sup_menu` WHERE  `id` = 23 LIMIT 1 [ RunTime:0.001001s ]
[ sql ] [ SQL ] SELECT * FROM `sup_menu` WHERE  `id` = 1 LIMIT 1 [ RunTime:0.000000s ]
[ sql ] [ SQL ] SELECT * FROM `sup_auth` WHERE  `menu_id` = 25 ORDER BY `id` [ RunTime:0.001000s ]
[ sql ] [ SQL ] SELECT * FROM `sup_menu` WHERE  `id` = 7 LIMIT 1 [ RunTime:0.000000s ]
[ sql ] [ SQL ] SELECT * FROM `sup_menu` WHERE  `id` = 8 LIMIT 1 [ RunTime:0.000000s ]
[ sql ] [ SQL ] SELECT * FROM `sup_menu` WHERE  `id` = 7 LIMIT 1 [ RunTime:0.000000s ]
[ sql ] [ SQL ] SELECT * FROM `sup_menu` WHERE  `id` = 15 LIMIT 1 [ RunTime:0.001000s ]
[ sql ] [ SQL ] SELECT * FROM `sup_menu` WHERE  `id` = 8 LIMIT 1 [ RunTime:0.000000s ]
[ sql ] [ SQL ] SELECT * FROM `sup_menu` WHERE  `id` = 7 LIMIT 1 [ RunTime:0.000000s ]
[ sql ] [ SQL ] SELECT * FROM `sup_auth` WHERE  `menu_id` = 15 ORDER BY `id` [ RunTime:0.000000s ]
[ sql ] [ SQL ] SELECT * FROM `sup_menu` WHERE  `id` = 9 LIMIT 1 [ RunTime:0.000000s ]
[ sql ] [ SQL ] SELECT * FROM `sup_menu` WHERE  `id` = 7 LIMIT 1 [ RunTime:0.001000s ]
[ sql ] [ SQL ] SELECT * FROM `sup_menu` WHERE  `id` = 10 LIMIT 1 [ RunTime:0.000000s ]
[ sql ] [ SQL ] SELECT * FROM `sup_menu` WHERE  `id` = 9 LIMIT 1 [ RunTime:0.000000s ]
[ sql ] [ SQL ] SELECT * FROM `sup_menu` WHERE  `id` = 7 LIMIT 1 [ RunTime:0.000000s ]
[ sql ] [ SQL ] SELECT * FROM `sup_auth` WHERE  `menu_id` = 10 ORDER BY `id` [ RunTime:0.000000s ]
[ sql ] [ SQL ] SELECT * FROM `sup_menu` WHERE  `id` = 11 LIMIT 1 [ RunTime:0.001000s ]
[ sql ] [ SQL ] SELECT * FROM `sup_menu` WHERE  `id` = 9 LIMIT 1 [ RunTime:0.000000s ]
[ sql ] [ SQL ] SELECT * FROM `sup_menu` WHERE  `id` = 7 LIMIT 1 [ RunTime:0.000000s ]
[ sql ] [ SQL ] SELECT * FROM `sup_auth` WHERE  `menu_id` = 11 ORDER BY `id` [ RunTime:0.001000s ]
[ sql ] [ SQL ] SHOW COLUMNS FROM `sup_user_group` [ RunTime:0.003000s ]
[ sql ] [ SQL ] SELECT * FROM `sup_user_group` WHERE  (  status=1 ) ORDER BY `id`  asc [ RunTime:0.001000s ]
