---------------------------------------------------------------
[ 2018-09-20T17:30:36+08:00 ] 127.0.0.1 GET /tenflyer/public/admin/index/index.html
[ info ] 127.0.0.1:8888/tenflyer/public/admin/index/index.html [运行时间：0.720041s][吞吐率：1.39req/s] [内存消耗：2,405.89kb] [文件加载：57]
[ info ] [ LANG ] E:\xampp\htdocs\tenflyer\thinkphp\lang\zh-cn.php
[ info ] [ ROUTE ] array (
  'type' => 'module',
  'module' => 
  array (
    0 => 'admin',
    1 => 'index',
    2 => 'index',
  ),
)
[ info ] [ HEADER ] array (
  'host' => '127.0.0.1:8888',
  'connection' => 'keep-alive',
  'upgrade-insecure-requests' => '1',
  'user-agent' => 'Mozilla/5.0 (Windows NT 6.1; WOW64) AppleWebKit/537.36 (KHTML, like Gecko) Chrome/69.0.3497.92 Safari/537.36',
  'accept' => 'text/html,application/xhtml+xml,application/xml;q=0.9,image/webp,image/apng,*/*;q=0.8',
  'referer' => 'http://127.0.0.1:8888/tenflyer/public/admin/login/login.html',
  'accept-encoding' => 'gzip, deflate, br',
  'accept-language' => 'zh-CN,zh;q=0.9',
  'cookie' => 'dwz_theme=default; USER_NAME_COOKIE=yuwb; PHPSESSID=lasriqkp75aojbfb1slktt6bm4; OA_USER_ID=yuwb; LOGIN_USER_ID=yuwb; LAST_OPERATION_TIME=1537435835',
)
[ info ] [ PARAM ] array (
)
[ info ] [ SESSION ] INIT array (
  'id' => '',
  'var_session_id' => '',
  'prefix' => 'admin',
  'type' => '',
  'auto_start' => true,
)
[ info ] [ DB ] INIT mysql
[ info ] [ RUN ] app\admin\controller\Index->index[ E:\xampp\htdocs\tenflyer\application\admin\controller\Index.php ]
[ info ] [ VIEW ] E:\xampp\htdocs\tenflyer\public/../application/admin\view\index\index.html [ array (
  0 => 'main_menu',
  1 => 'current_main_menu',
  2 => 'current_menu',
) ]
[ info ] [ LOG ] INIT File
[ sql ] [ DB ] CONNECT:[ UseTime:0.002000s ] mysql:host=127.0.0.1;port=3306;dbname=tenflyer_sup;charset=utf8
[ sql ] [ SQL ] SHOW COLUMNS FROM `sup_auth` [ RunTime:0.006000s ]
[ sql ] [ DB ] CONNECT:[ UseTime:0.001000s ] mysql:host=127.0.0.1;port=3306;dbname=tenflyer_sup;charset=utf8
[ sql ] [ SQL ] SELECT * FROM `sup_auth` WHERE  `auth_code` = 'Index@index' LIMIT 1 [ RunTime:0.004000s ]
[ sql ] [ SQL ] SHOW COLUMNS FROM `sup_menu` [ RunTime:0.007000s ]
[ sql ] [ SQL ] SELECT * FROM `sup_menu` WHERE  (  status=1 and pid=0 and name<>"个人中心" ) ORDER BY `sort`  asc [ RunTime:0.001000s ]
[ sql ] [ SQL ] SELECT * FROM `sup_menu` WHERE  (  name="个人中心" and pid=0 ) ORDER BY `sort`  asc LIMIT 1 [ RunTime:0.001000s ]
[ sql ] [ SQL ] SELECT * FROM `sup_menu` WHERE  (  status=1 and name<>'个人中心' ) ORDER BY `sort`  asc [ RunTime:0.000000s ]
---------------------------------------------------------------
[ 2018-09-20T17:30:58+08:00 ] 127.0.0.1 GET /tenflyer/public/admin/index/index.html
[ info ] 127.0.0.1:8888/tenflyer/public/admin/index/index.html [运行时间：0.155009s][吞吐率：6.45req/s] [内存消耗：1,437.57kb] [文件加载：48]
[ info ] [ LANG ] E:\xampp\htdocs\tenflyer\thinkphp\lang\zh-cn.php
[ info ] [ ROUTE ] array (
  'type' => 'module',
  'module' => 
  array (
    0 => 'admin',
    1 => 'index',
    2 => 'index',
  ),
)
[ info ] [ HEADER ] array (
  'host' => '127.0.0.1:8888',
  'connection' => 'keep-alive',
  'upgrade-insecure-requests' => '1',
  'user-agent' => 'Mozilla/5.0 (Windows NT 6.1; WOW64) AppleWebKit/537.36 (KHTML, like Gecko) Chrome/69.0.3497.92 Safari/537.36',
  'accept' => 'text/html,application/xhtml+xml,application/xml;q=0.9,image/webp,image/apng,*/*;q=0.8',
  'referer' => 'http://127.0.0.1:8888/tenflyer/public/admin/login/login.html',
  'accept-encoding' => 'gzip, deflate, br',
  'accept-language' => 'zh-CN,zh;q=0.9',
  'cookie' => 'dwz_theme=default; USER_NAME_COOKIE=yuwb; PHPSESSID=lasriqkp75aojbfb1slktt6bm4; OA_USER_ID=yuwb; LOGIN_USER_ID=yuwb; LAST_OPERATION_TIME=1537435858',
)
[ info ] [ PARAM ] array (
)
[ info ] [ SESSION ] INIT array (
  'id' => '',
  'var_session_id' => '',
  'prefix' => 'admin',
  'type' => '',
  'auto_start' => true,
)
[ info ] [ LOG ] INIT File
---------------------------------------------------------------
[ 2018-09-20T17:31:00+08:00 ] 127.0.0.1 GET /tenflyer/public/admin/login/verify.html
[ info ] 127.0.0.1:8888/tenflyer/public/admin/login/verify.html [运行时间：0.092005s][吞吐率：10.87req/s] [内存消耗：1,365.80kb] [文件加载：45]
[ info ] [ LANG ] E:\xampp\htdocs\tenflyer\thinkphp\lang\zh-cn.php
[ info ] [ ROUTE ] array (
  'type' => 'module',
  'module' => 
  array (
    0 => 'admin',
    1 => 'login',
    2 => 'verify',
  ),
)
[ info ] [ HEADER ] array (
  'host' => '127.0.0.1:8888',
  'connection' => 'keep-alive',
  'user-agent' => 'Mozilla/5.0 (Windows NT 6.1; WOW64) AppleWebKit/537.36 (KHTML, like Gecko) Chrome/69.0.3497.92 Safari/537.36',
  'accept' => 'image/webp,image/apng,image/*,*/*;q=0.8',
  'referer' => 'http://127.0.0.1:8888/tenflyer/public/admin/login/login.html',
  'accept-encoding' => 'gzip, deflate, br',
  'accept-language' => 'zh-CN,zh;q=0.9',
  'cookie' => 'USER_NAME_COOKIE=yuwb; PHPSESSID=lasriqkp75aojbfb1slktt6bm4; OA_USER_ID=yuwb; LOGIN_USER_ID=yuwb; LAST_OPERATION_TIME=1537435859',
)
[ info ] [ PARAM ] array (
)
[ info ] [ RUN ] app\admin\controller\Login->verify[ E:\xampp\htdocs\tenflyer\application\admin\controller\Login.php ]
[ info ] [ SESSION ] INIT array (
  'id' => '',
  'var_session_id' => '',
  'prefix' => 'admin',
  'type' => '',
  'auto_start' => true,
)
[ info ] [ LOG ] INIT File
---------------------------------------------------------------
[ 2018-09-20T17:32:37+08:00 ] 127.0.0.1 GET /tenflyer/public/admin/login/verify.html
[ info ] 127.0.0.1:8888/tenflyer/public/admin/login/verify.html [运行时间：0.060004s][吞吐率：16.67req/s] [内存消耗：1,365.96kb] [文件加载：45]
[ info ] [ LANG ] E:\xampp\htdocs\tenflyer\thinkphp\lang\zh-cn.php
[ info ] [ ROUTE ] array (
  'type' => 'module',
  'module' => 
  array (
    0 => 'admin',
    1 => 'login',
    2 => 'verify',
  ),
)
[ info ] [ HEADER ] array (
  'host' => '127.0.0.1:8888',
  'connection' => 'keep-alive',
  'user-agent' => 'Mozilla/5.0 (Windows NT 6.1; WOW64) AppleWebKit/537.36 (KHTML, like Gecko) Chrome/69.0.3497.92 Safari/537.36',
  'accept' => 'image/webp,image/apng,image/*,*/*;q=0.8',
  'referer' => 'http://127.0.0.1:8888/tenflyer/public/admin/login/login.html',
  'accept-encoding' => 'gzip, deflate, br',
  'accept-language' => 'zh-CN,zh;q=0.9',
  'cookie' => 'USER_NAME_COOKIE=yuwb; PHPSESSID=lasriqkp75aojbfb1slktt6bm4; OA_USER_ID=yuwb; LOGIN_USER_ID=yuwb; LAST_OPERATION_TIME=1537435957',
)
[ info ] [ PARAM ] array (
)
[ info ] [ RUN ] app\admin\controller\Login->verify[ E:\xampp\htdocs\tenflyer\application\admin\controller\Login.php ]
[ info ] [ SESSION ] INIT array (
  'id' => '',
  'var_session_id' => '',
  'prefix' => 'admin',
  'type' => '',
  'auto_start' => true,
)
[ info ] [ LOG ] INIT File
