---------------------------------------------------------------
[ 2018-09-21T11:51:23+08:00 ] 127.0.0.1 GET /tenflyer/public/admin/login/login.html
[ info ] 127.0.0.1:8888/tenflyer/public/admin/login/login.html [运行时间：0.069004s][吞吐率：14.49req/s] [内存消耗：1,374.40kb] [文件加载：47]
[ info ] [ LANG ] E:\xampp\htdocs\tenflyer\thinkphp\lang\zh-cn.php
[ info ] [ ROUTE ] array (
  'type' => 'module',
  'module' => 
  array (
    0 => 'admin',
    1 => 'login',
    2 => 'login',
  ),
)
[ info ] [ HEADER ] array (
  'host' => '127.0.0.1:8888',
  'connection' => 'keep-alive',
  'upgrade-insecure-requests' => '1',
  'user-agent' => 'Mozilla/5.0 (Windows NT 6.1; WOW64) AppleWebKit/537.36 (KHTML, like Gecko) Chrome/69.0.3497.92 Safari/537.36',
  'accept' => 'text/html,application/xhtml+xml,application/xml;q=0.9,image/webp,image/apng,*/*;q=0.8',
  'referer' => 'http://127.0.0.1:8888/tenflyer/public/admin/login/login.html',
  'accept-encoding' => 'gzip, deflate, br',
  'accept-language' => 'zh-CN,zh;q=0.9',
  'cookie' => 'USER_NAME_COOKIE=yuwb; PHPSESSID=lasriqkp75aojbfb1slktt6bm4; OA_USER_ID=yuwb; LOGIN_USER_ID=yuwb; BJYADMIN=qnm13qkhk720vfcgsqpbi7jjks; LAST_OPERATION_TIME=1537498922',
)
[ info ] [ PARAM ] array (
)
[ info ] [ RUN ] app\admin\controller\Login->login[ E:\xampp\htdocs\tenflyer\application\admin\controller\Login.php ]
[ info ] [ VIEW ] E:\xampp\htdocs\tenflyer\public/../application/admin\view\login\login.html [ array (
) ]
[ info ] [ LOG ] INIT File
---------------------------------------------------------------
[ 2018-09-21T11:51:23+08:00 ] 127.0.0.1 GET /tenflyer/public/admin/login/verify.html
[ info ] 127.0.0.1:8888/tenflyer/public/admin/login/verify.html [运行时间：0.087005s][吞吐率：11.49req/s] [内存消耗：1,366.05kb] [文件加载：45]
[ info ] [ LANG ] E:\xampp\htdocs\tenflyer\thinkphp\lang\zh-cn.php
[ info ] [ ROUTE ] array (
  'type' => 'module',
  'module' => 
  array (
    0 => 'admin',
    1 => 'login',
    2 => 'verify',
  ),
)
[ info ] [ HEADER ] array (
  'host' => '127.0.0.1:8888',
  'connection' => 'keep-alive',
  'user-agent' => 'Mozilla/5.0 (Windows NT 6.1; WOW64) AppleWebKit/537.36 (KHTML, like Gecko) Chrome/69.0.3497.92 Safari/537.36',
  'accept' => 'image/webp,image/apng,image/*,*/*;q=0.8',
  'referer' => 'http://127.0.0.1:8888/tenflyer/public/admin/login/login.html',
  'accept-encoding' => 'gzip, deflate, br',
  'accept-language' => 'zh-CN,zh;q=0.9',
  'cookie' => 'USER_NAME_COOKIE=yuwb; PHPSESSID=lasriqkp75aojbfb1slktt6bm4; OA_USER_ID=yuwb; LOGIN_USER_ID=yuwb; BJYADMIN=qnm13qkhk720vfcgsqpbi7jjks; LAST_OPERATION_TIME=1537498922',
)
[ info ] [ PARAM ] array (
)
[ info ] [ RUN ] app\admin\controller\Login->verify[ E:\xampp\htdocs\tenflyer\application\admin\controller\Login.php ]
[ info ] [ SESSION ] INIT array (
  'id' => '',
  'var_session_id' => '',
  'prefix' => 'admin',
  'type' => '',
  'auto_start' => true,
)
[ info ] [ LOG ] INIT File
---------------------------------------------------------------
[ 2018-09-21T13:28:19+08:00 ] 127.0.0.1 GET /tenflyer/public/admin/login/verify.html
[ info ] 127.0.0.1:8888/tenflyer/public/admin/login/verify.html [运行时间：0.035002s][吞吐率：28.57req/s] [内存消耗：1,366.05kb] [文件加载：45]
[ info ] [ LANG ] E:\xampp\htdocs\tenflyer\thinkphp\lang\zh-cn.php
[ info ] [ ROUTE ] array (
  'type' => 'module',
  'module' => 
  array (
    0 => 'admin',
    1 => 'login',
    2 => 'verify',
  ),
)
[ info ] [ HEADER ] array (
  'host' => '127.0.0.1:8888',
  'connection' => 'keep-alive',
  'user-agent' => 'Mozilla/5.0 (Windows NT 6.1; WOW64) AppleWebKit/537.36 (KHTML, like Gecko) Chrome/69.0.3497.92 Safari/537.36',
  'accept' => 'image/webp,image/apng,image/*,*/*;q=0.8',
  'referer' => 'http://127.0.0.1:8888/tenflyer/public/admin/login/login.html',
  'accept-encoding' => 'gzip, deflate, br',
  'accept-language' => 'zh-CN,zh;q=0.9',
  'cookie' => 'USER_NAME_COOKIE=yuwb; PHPSESSID=lasriqkp75aojbfb1slktt6bm4; OA_USER_ID=yuwb; LOGIN_USER_ID=yuwb; BJYADMIN=qnm13qkhk720vfcgsqpbi7jjks; LAST_OPERATION_TIME=1537498922',
)
[ info ] [ PARAM ] array (
)
[ info ] [ RUN ] app\admin\controller\Login->verify[ E:\xampp\htdocs\tenflyer\application\admin\controller\Login.php ]
[ info ] [ SESSION ] INIT array (
  'id' => '',
  'var_session_id' => '',
  'prefix' => 'admin',
  'type' => '',
  'auto_start' => true,
)
[ info ] [ LOG ] INIT File
---------------------------------------------------------------
[ 2018-09-21T13:34:14+08:00 ] 127.0.0.1 POST /tenflyer/public/admin/login/login
[ info ] 127.0.0.1:8888/tenflyer/public/admin/login/login [运行时间：0.030002s][吞吐率：33.33req/s] [内存消耗：1,371.13kb] [文件加载：46]
[ info ] [ LANG ] E:\xampp\htdocs\tenflyer\thinkphp\lang\zh-cn.php
[ info ] [ ROUTE ] array (
  'type' => 'module',
  'module' => 
  array (
    0 => 'admin',
    1 => 'login',
    2 => 'login',
  ),
)
[ info ] [ HEADER ] array (
  'host' => '127.0.0.1:8888',
  'connection' => 'keep-alive',
  'content-length' => '61',
  'accept' => 'application/json, text/javascript, */*; q=0.01',
  'origin' => 'http://127.0.0.1:8888',
  'x-requested-with' => 'XMLHttpRequest',
  'user-agent' => 'Mozilla/5.0 (Windows NT 6.1; WOW64) AppleWebKit/537.36 (KHTML, like Gecko) Chrome/69.0.3497.92 Safari/537.36',
  'content-type' => 'application/x-www-form-urlencoded; charset=UTF-8',
  'referer' => 'http://127.0.0.1:8888/tenflyer/public/admin/login/login.html',
  'accept-encoding' => 'gzip, deflate, br',
  'accept-language' => 'zh-CN,zh;q=0.9',
  'cookie' => 'USER_NAME_COOKIE=yuwb; PHPSESSID=lasriqkp75aojbfb1slktt6bm4; OA_USER_ID=yuwb; LOGIN_USER_ID=yuwb; BJYADMIN=qnm13qkhk720vfcgsqpbi7jjks; LAST_OPERATION_TIME=1537498922',
)
[ info ] [ PARAM ] array (
  'action' => 'loginVerify',
  'username' => 'admin',
  'password' => '123456',
  'verify' => '2864',
)
[ info ] [ RUN ] app\admin\controller\Login->login[ E:\xampp\htdocs\tenflyer\application\admin\controller\Login.php ]
[ info ] [ SESSION ] INIT array (
  'id' => '',
  'var_session_id' => '',
  'prefix' => 'admin',
  'type' => '',
  'auto_start' => true,
)
[ info ] [ LOG ] INIT File
---------------------------------------------------------------
[ 2018-09-21T13:34:14+08:00 ] 127.0.0.1 GET /tenflyer/public/admin/login/verify.html?0.6908815730614308
[ info ] 127.0.0.1:8888/tenflyer/public/admin/login/verify.html?0.6908815730614308 [运行时间：0.019000s][吞吐率：52.63req/s] [内存消耗：1,366.79kb] [文件加载：45]
[ info ] [ LANG ] E:\xampp\htdocs\tenflyer\thinkphp\lang\zh-cn.php
[ info ] [ ROUTE ] array (
  'type' => 'module',
  'module' => 
  array (
    0 => 'admin',
    1 => 'login',
    2 => 'verify',
  ),
)
[ info ] [ HEADER ] array (
  'host' => '127.0.0.1:8888',
  'connection' => 'keep-alive',
  'user-agent' => 'Mozilla/5.0 (Windows NT 6.1; WOW64) AppleWebKit/537.36 (KHTML, like Gecko) Chrome/69.0.3497.92 Safari/537.36',
  'accept' => 'image/webp,image/apng,image/*,*/*;q=0.8',
  'referer' => 'http://127.0.0.1:8888/tenflyer/public/admin/login/login.html',
  'accept-encoding' => 'gzip, deflate, br',
  'accept-language' => 'zh-CN,zh;q=0.9',
  'cookie' => 'USER_NAME_COOKIE=yuwb; PHPSESSID=lasriqkp75aojbfb1slktt6bm4; OA_USER_ID=yuwb; LOGIN_USER_ID=yuwb; BJYADMIN=qnm13qkhk720vfcgsqpbi7jjks; LAST_OPERATION_TIME=1537498922',
)
[ info ] [ PARAM ] array (
  '0_6908815730614308' => '',
)
[ info ] [ RUN ] app\admin\controller\Login->verify[ E:\xampp\htdocs\tenflyer\application\admin\controller\Login.php ]
[ info ] [ SESSION ] INIT array (
  'id' => '',
  'var_session_id' => '',
  'prefix' => 'admin',
  'type' => '',
  'auto_start' => true,
)
[ info ] [ LOG ] INIT File
---------------------------------------------------------------
[ 2018-09-21T13:34:18+08:00 ] 127.0.0.1 POST /tenflyer/public/admin/login/login
[ info ] 127.0.0.1:8888/tenflyer/public/admin/login/login [运行时间：0.200001s][吞吐率：5.00req/s] [内存消耗：2,046.56kb] [文件加载：53]
[ info ] [ LANG ] E:\xampp\htdocs\tenflyer\thinkphp\lang\zh-cn.php
[ info ] [ ROUTE ] array (
  'type' => 'module',
  'module' => 
  array (
    0 => 'admin',
    1 => 'login',
    2 => 'login',
  ),
)
[ info ] [ HEADER ] array (
  'host' => '127.0.0.1:8888',
  'connection' => 'keep-alive',
  'content-length' => '61',
  'accept' => 'application/json, text/javascript, */*; q=0.01',
  'origin' => 'http://127.0.0.1:8888',
  'x-requested-with' => 'XMLHttpRequest',
  'user-agent' => 'Mozilla/5.0 (Windows NT 6.1; WOW64) AppleWebKit/537.36 (KHTML, like Gecko) Chrome/69.0.3497.92 Safari/537.36',
  'content-type' => 'application/x-www-form-urlencoded; charset=UTF-8',
  'referer' => 'http://127.0.0.1:8888/tenflyer/public/admin/login/login.html',
  'accept-encoding' => 'gzip, deflate, br',
  'accept-language' => 'zh-CN,zh;q=0.9',
  'cookie' => 'USER_NAME_COOKIE=yuwb; PHPSESSID=lasriqkp75aojbfb1slktt6bm4; OA_USER_ID=yuwb; LOGIN_USER_ID=yuwb; BJYADMIN=qnm13qkhk720vfcgsqpbi7jjks; LAST_OPERATION_TIME=1537498922',
)
[ info ] [ PARAM ] array (
  'action' => 'loginVerify',
  'username' => 'admin',
  'password' => '123456',
  'verify' => '7644',
)
[ info ] [ RUN ] app\admin\controller\Login->login[ E:\xampp\htdocs\tenflyer\application\admin\controller\Login.php ]
[ info ] [ SESSION ] INIT array (
  'id' => '',
  'var_session_id' => '',
  'prefix' => 'admin',
  'type' => '',
  'auto_start' => true,
)
[ info ] [ DB ] INIT mysql
[ info ] [ LOG ] INIT File
[ sql ] [ DB ] CONNECT:[ UseTime:0.040000s ] mysql:host=127.0.0.1;port=3306;dbname=tenflyer_sup;charset=utf8
[ sql ] [ SQL ] SHOW COLUMNS FROM `sup_user` [ RunTime:0.072001s ]
[ sql ] [ DB ] CONNECT:[ UseTime:0.000000s ] mysql:host=127.0.0.1;port=3306;dbname=tenflyer_sup;charset=utf8
[ sql ] [ SQL ] SELECT * FROM `sup_user` WHERE  `username` = 'admin'  AND `password` = 'e10adc3949ba59abbe56e057f20f883e' LIMIT 1 [ RunTime:0.018000s ]
[ sql ] [ SQL ] SHOW COLUMNS FROM `sup_menu` [ RunTime:0.020000s ]
[ sql ] [ SQL ] SELECT * FROM `sup_menu` WHERE  (  name="个人中心" and pid=0 ) LIMIT 1 [ RunTime:0.000000s ]
---------------------------------------------------------------
[ 2018-09-21T13:34:18+08:00 ] 127.0.0.1 GET /tenflyer/public/admin/index/index.html
[ info ] 127.0.0.1:8888/tenflyer/public/admin/index/index.html [运行时间：0.067004s][吞吐率：14.92req/s] [内存消耗：2,405.92kb] [文件加载：57]
[ info ] [ LANG ] E:\xampp\htdocs\tenflyer\thinkphp\lang\zh-cn.php
[ info ] [ ROUTE ] array (
  'type' => 'module',
  'module' => 
  array (
    0 => 'admin',
    1 => 'index',
    2 => 'index',
  ),
)
[ info ] [ HEADER ] array (
  'host' => '127.0.0.1:8888',
  'connection' => 'keep-alive',
  'upgrade-insecure-requests' => '1',
  'user-agent' => 'Mozilla/5.0 (Windows NT 6.1; WOW64) AppleWebKit/537.36 (KHTML, like Gecko) Chrome/69.0.3497.92 Safari/537.36',
  'accept' => 'text/html,application/xhtml+xml,application/xml;q=0.9,image/webp,image/apng,*/*;q=0.8',
  'referer' => 'http://127.0.0.1:8888/tenflyer/public/admin/login/login.html',
  'accept-encoding' => 'gzip, deflate, br',
  'accept-language' => 'zh-CN,zh;q=0.9',
  'cookie' => 'USER_NAME_COOKIE=yuwb; PHPSESSID=lasriqkp75aojbfb1slktt6bm4; OA_USER_ID=yuwb; LOGIN_USER_ID=yuwb; BJYADMIN=qnm13qkhk720vfcgsqpbi7jjks; LAST_OPERATION_TIME=1537498922',
)
[ info ] [ PARAM ] array (
)
[ info ] [ SESSION ] INIT array (
  'id' => '',
  'var_session_id' => '',
  'prefix' => 'admin',
  'type' => '',
  'auto_start' => true,
)
[ info ] [ DB ] INIT mysql
[ info ] [ RUN ] app\admin\controller\Index->index[ E:\xampp\htdocs\tenflyer\application\admin\controller\Index.php ]
[ info ] [ VIEW ] E:\xampp\htdocs\tenflyer\public/../application/admin\view\index\index.html [ array (
  0 => 'main_menu',
  1 => 'current_main_menu',
  2 => 'current_menu',
) ]
[ info ] [ LOG ] INIT File
[ sql ] [ DB ] CONNECT:[ UseTime:0.001000s ] mysql:host=127.0.0.1;port=3306;dbname=tenflyer_sup;charset=utf8
[ sql ] [ SQL ] SHOW COLUMNS FROM `sup_auth` [ RunTime:0.005001s ]
[ sql ] [ DB ] CONNECT:[ UseTime:0.001000s ] mysql:host=127.0.0.1;port=3306;dbname=tenflyer_sup;charset=utf8
[ sql ] [ SQL ] SELECT * FROM `sup_auth` WHERE  `auth_code` = 'Index@index' LIMIT 1 [ RunTime:0.002000s ]
[ sql ] [ SQL ] SHOW COLUMNS FROM `sup_menu` [ RunTime:0.005001s ]
[ sql ] [ SQL ] SELECT * FROM `sup_menu` WHERE  (  status=1 and pid=0 and name<>"个人中心" ) ORDER BY `sort`  asc [ RunTime:0.004000s ]
[ sql ] [ SQL ] SELECT * FROM `sup_menu` WHERE  (  name="个人中心" and pid=0 ) ORDER BY `sort`  asc LIMIT 1 [ RunTime:0.001000s ]
[ sql ] [ SQL ] SELECT * FROM `sup_menu` WHERE  (  status=1 and name<>'个人中心' ) ORDER BY `sort`  asc [ RunTime:0.003000s ]
---------------------------------------------------------------
[ 2018-09-21T13:34:18+08:00 ] 127.0.0.1 GET /tenflyer/public/admin/login/verify.html?0.2910113501102094
[ info ] 127.0.0.1:8888/tenflyer/public/admin/login/verify.html?0.2910113501102094 [运行时间：0.070004s][吞吐率：14.28req/s] [内存消耗：1,368.13kb] [文件加载：45]
[ info ] [ LANG ] E:\xampp\htdocs\tenflyer\thinkphp\lang\zh-cn.php
[ info ] [ ROUTE ] array (
  'type' => 'module',
  'module' => 
  array (
    0 => 'admin',
    1 => 'login',
    2 => 'verify',
  ),
)
[ info ] [ HEADER ] array (
  'host' => '127.0.0.1:8888',
  'connection' => 'keep-alive',
  'user-agent' => 'Mozilla/5.0 (Windows NT 6.1; WOW64) AppleWebKit/537.36 (KHTML, like Gecko) Chrome/69.0.3497.92 Safari/537.36',
  'accept' => 'image/webp,image/apng,image/*,*/*;q=0.8',
  'referer' => 'http://127.0.0.1:8888/tenflyer/public/admin/login/login.html',
  'accept-encoding' => 'gzip, deflate, br',
  'accept-language' => 'zh-CN,zh;q=0.9',
  'cookie' => 'USER_NAME_COOKIE=yuwb; PHPSESSID=lasriqkp75aojbfb1slktt6bm4; OA_USER_ID=yuwb; LOGIN_USER_ID=yuwb; BJYADMIN=qnm13qkhk720vfcgsqpbi7jjks; LAST_OPERATION_TIME=1537498922',
)
[ info ] [ PARAM ] array (
  '0_2910113501102094' => '',
)
[ info ] [ RUN ] app\admin\controller\Login->verify[ E:\xampp\htdocs\tenflyer\application\admin\controller\Login.php ]
[ info ] [ SESSION ] INIT array (
  'id' => '',
  'var_session_id' => '',
  'prefix' => 'admin',
  'type' => '',
  'auto_start' => true,
)
[ info ] [ LOG ] INIT File
---------------------------------------------------------------
[ 2018-09-21T13:34:20+08:00 ] 127.0.0.1 POST /tenflyer/public/admin/index/sonmenu.html?id=1
[ info ] 127.0.0.1:8888/tenflyer/public/admin/index/sonmenu.html?id=1 [运行时间：0.074004s][吞吐率：13.51req/s] [内存消耗：2,354.55kb] [文件加载：56]
[ info ] [ LANG ] E:\xampp\htdocs\tenflyer\thinkphp\lang\zh-cn.php
[ info ] [ ROUTE ] array (
  'type' => 'module',
  'module' => 
  array (
    0 => 'admin',
    1 => 'index',
    2 => 'sonmenu',
  ),
)
[ info ] [ HEADER ] array (
  'host' => '127.0.0.1:8888',
  'connection' => 'keep-alive',
  'content-length' => '0',
  'accept' => '*/*',
  'origin' => 'http://127.0.0.1:8888',
  'x-requested-with' => 'XMLHttpRequest',
  'user-agent' => 'Mozilla/5.0 (Windows NT 6.1; WOW64) AppleWebKit/537.36 (KHTML, like Gecko) Chrome/69.0.3497.92 Safari/537.36',
  'referer' => 'http://127.0.0.1:8888/tenflyer/public/admin/index/index.html',
  'accept-encoding' => 'gzip, deflate, br',
  'accept-language' => 'zh-CN,zh;q=0.9',
  'cookie' => 'USER_NAME_COOKIE=yuwb; PHPSESSID=lasriqkp75aojbfb1slktt6bm4; OA_USER_ID=yuwb; LOGIN_USER_ID=yuwb; BJYADMIN=qnm13qkhk720vfcgsqpbi7jjks; LAST_OPERATION_TIME=1537498922',
)
[ info ] [ PARAM ] array (
  'id' => '1',
)
[ info ] [ SESSION ] INIT array (
  'id' => '',
  'var_session_id' => '',
  'prefix' => 'admin',
  'type' => '',
  'auto_start' => true,
)
[ info ] [ DB ] INIT mysql
[ info ] [ RUN ] app\admin\controller\Index->sonMenu[ E:\xampp\htdocs\tenflyer\application\admin\controller\Index.php ]
[ info ] [ LOG ] INIT File
[ sql ] [ DB ] CONNECT:[ UseTime:0.000000s ] mysql:host=127.0.0.1;port=3306;dbname=tenflyer_sup;charset=utf8
[ sql ] [ SQL ] SHOW COLUMNS FROM `sup_auth` [ RunTime:0.004000s ]
[ sql ] [ DB ] CONNECT:[ UseTime:0.010001s ] mysql:host=127.0.0.1;port=3306;dbname=tenflyer_sup;charset=utf8
[ sql ] [ SQL ] SELECT * FROM `sup_auth` WHERE  `auth_code` = 'Index@sonmenu' LIMIT 1 [ RunTime:0.001000s ]
[ sql ] [ SQL ] SHOW COLUMNS FROM `sup_menu` [ RunTime:0.003000s ]
[ sql ] [ SQL ] SELECT * FROM `sup_menu` WHERE  (  status=1 and name<>'个人中心' ) ORDER BY `sort`  asc [ RunTime:0.001000s ]
---------------------------------------------------------------
[ 2018-09-21T13:34:22+08:00 ] 127.0.0.1 GET /tenflyer/public/admin/system/menu.html?_=1537508058369
[ info ] 127.0.0.1:8888/tenflyer/public/admin/system/menu.html?_=1537508058369 [运行时间：0.083005s][吞吐率：12.05req/s] [内存消耗：2,426.49kb] [文件加载：57]
[ info ] [ LANG ] E:\xampp\htdocs\tenflyer\thinkphp\lang\zh-cn.php
[ info ] [ ROUTE ] array (
  'type' => 'module',
  'module' => 
  array (
    0 => 'admin',
    1 => 'system',
    2 => 'menu',
  ),
)
[ info ] [ HEADER ] array (
  'host' => '127.0.0.1:8888',
  'connection' => 'keep-alive',
  'accept' => '*/*',
  'x-requested-with' => 'XMLHttpRequest',
  'user-agent' => 'Mozilla/5.0 (Windows NT 6.1; WOW64) AppleWebKit/537.36 (KHTML, like Gecko) Chrome/69.0.3497.92 Safari/537.36',
  'referer' => 'http://127.0.0.1:8888/tenflyer/public/admin/index/index.html',
  'accept-encoding' => 'gzip, deflate, br',
  'accept-language' => 'zh-CN,zh;q=0.9',
  'cookie' => 'USER_NAME_COOKIE=yuwb; PHPSESSID=lasriqkp75aojbfb1slktt6bm4; OA_USER_ID=yuwb; LOGIN_USER_ID=yuwb; BJYADMIN=qnm13qkhk720vfcgsqpbi7jjks; LAST_OPERATION_TIME=1537498922',
)
[ info ] [ PARAM ] array (
  '_' => '1537508058369',
)
[ info ] [ SESSION ] INIT array (
  'id' => '',
  'var_session_id' => '',
  'prefix' => 'admin',
  'type' => '',
  'auto_start' => true,
)
[ info ] [ DB ] INIT mysql
[ info ] [ RUN ] app\admin\controller\System->menu[ E:\xampp\htdocs\tenflyer\application\admin\controller\System.php ]
[ info ] [ VIEW ] E:\xampp\htdocs\tenflyer\public/../application/admin\view\system\menu_list.html [ array (
  0 => 'menu_list',
) ]
[ info ] [ LOG ] INIT File
[ sql ] [ DB ] CONNECT:[ UseTime:0.012000s ] mysql:host=127.0.0.1;port=3306;dbname=tenflyer_sup;charset=utf8
[ sql ] [ SQL ] SHOW COLUMNS FROM `sup_auth` [ RunTime:0.003000s ]
[ sql ] [ DB ] CONNECT:[ UseTime:0.010000s ] mysql:host=127.0.0.1;port=3306;dbname=tenflyer_sup;charset=utf8
[ sql ] [ SQL ] SELECT * FROM `sup_auth` WHERE  `auth_code` = 'System@menu' LIMIT 1 [ RunTime:0.001001s ]
[ sql ] [ SQL ] SELECT * FROM `sup_auth` WHERE  `id` IN (0) [ RunTime:0.001000s ]
[ sql ] [ SQL ] SHOW COLUMNS FROM `sup_menu` [ RunTime:0.004001s ]
[ sql ] [ SQL ] SELECT * FROM `sup_menu` WHERE  (  status=1 and name<>'个人中心' ) ORDER BY `sort`  asc [ RunTime:0.001000s ]
---------------------------------------------------------------
[ 2018-09-21T13:34:23+08:00 ] 127.0.0.1 GET /tenflyer/public/admin/system/addmenu.html?_=1537508058370
[ info ] 127.0.0.1:8888/tenflyer/public/admin/system/addmenu.html?_=1537508058370 [运行时间：0.080005s][吞吐率：12.50req/s] [内存消耗：2,429.94kb] [文件加载：57]
[ info ] [ LANG ] E:\xampp\htdocs\tenflyer\thinkphp\lang\zh-cn.php
[ info ] [ ROUTE ] array (
  'type' => 'module',
  'module' => 
  array (
    0 => 'admin',
    1 => 'system',
    2 => 'addmenu',
  ),
)
[ info ] [ HEADER ] array (
  'host' => '127.0.0.1:8888',
  'connection' => 'keep-alive',
  'accept' => '*/*',
  'x-requested-with' => 'XMLHttpRequest',
  'user-agent' => 'Mozilla/5.0 (Windows NT 6.1; WOW64) AppleWebKit/537.36 (KHTML, like Gecko) Chrome/69.0.3497.92 Safari/537.36',
  'referer' => 'http://127.0.0.1:8888/tenflyer/public/admin/index/index.html',
  'accept-encoding' => 'gzip, deflate, br',
  'accept-language' => 'zh-CN,zh;q=0.9',
  'cookie' => 'USER_NAME_COOKIE=yuwb; PHPSESSID=lasriqkp75aojbfb1slktt6bm4; OA_USER_ID=yuwb; LOGIN_USER_ID=yuwb; BJYADMIN=qnm13qkhk720vfcgsqpbi7jjks; LAST_OPERATION_TIME=1537498922',
)
[ info ] [ PARAM ] array (
  '_' => '1537508058370',
)
[ info ] [ SESSION ] INIT array (
  'id' => '',
  'var_session_id' => '',
  'prefix' => 'admin',
  'type' => '',
  'auto_start' => true,
)
[ info ] [ DB ] INIT mysql
[ info ] [ RUN ] app\admin\controller\System->addmenu[ E:\xampp\htdocs\tenflyer\application\admin\controller\System.php ]
[ info ] [ VIEW ] E:\xampp\htdocs\tenflyer\public/../application/admin\view\system\add_menu.html [ array (
  0 => 'status',
  1 => 'menu_list',
  2 => 'menu',
) ]
[ info ] [ LOG ] INIT File
[ sql ] [ DB ] CONNECT:[ UseTime:0.001000s ] mysql:host=127.0.0.1;port=3306;dbname=tenflyer_sup;charset=utf8
[ sql ] [ SQL ] SHOW COLUMNS FROM `sup_auth` [ RunTime:0.004000s ]
[ sql ] [ DB ] CONNECT:[ UseTime:0.011001s ] mysql:host=127.0.0.1;port=3306;dbname=tenflyer_sup;charset=utf8
[ sql ] [ SQL ] SELECT * FROM `sup_auth` WHERE  `auth_code` = 'System@addmenu' LIMIT 1 [ RunTime:0.000000s ]
[ sql ] [ SQL ] SHOW COLUMNS FROM `sup_menu` [ RunTime:0.006000s ]
[ sql ] [ SQL ] SELECT * FROM `sup_menu` WHERE  (  status=1 and name<>'个人中心' ) ORDER BY `sort`  asc [ RunTime:0.002000s ]
---------------------------------------------------------------
[ 2018-09-21T13:34:27+08:00 ] 127.0.0.1 GET /tenflyer/public/admin/system/addauth.html?_=1537508058371
[ info ] 127.0.0.1:8888/tenflyer/public/admin/system/addauth.html?_=1537508058371 [运行时间：0.093006s][吞吐率：10.75req/s] [内存消耗：2,392.06kb] [文件加载：57]
[ info ] [ LANG ] E:\xampp\htdocs\tenflyer\thinkphp\lang\zh-cn.php
[ info ] [ ROUTE ] array (
  'type' => 'module',
  'module' => 
  array (
    0 => 'admin',
    1 => 'system',
    2 => 'addauth',
  ),
)
[ info ] [ HEADER ] array (
  'host' => '127.0.0.1:8888',
  'connection' => 'keep-alive',
  'accept' => '*/*',
  'x-requested-with' => 'XMLHttpRequest',
  'user-agent' => 'Mozilla/5.0 (Windows NT 6.1; WOW64) AppleWebKit/537.36 (KHTML, like Gecko) Chrome/69.0.3497.92 Safari/537.36',
  'referer' => 'http://127.0.0.1:8888/tenflyer/public/admin/index/index.html',
  'accept-encoding' => 'gzip, deflate, br',
  'accept-language' => 'zh-CN,zh;q=0.9',
  'cookie' => 'USER_NAME_COOKIE=yuwb; PHPSESSID=lasriqkp75aojbfb1slktt6bm4; OA_USER_ID=yuwb; LOGIN_USER_ID=yuwb; BJYADMIN=qnm13qkhk720vfcgsqpbi7jjks; LAST_OPERATION_TIME=1537498922',
)
[ info ] [ PARAM ] array (
  '_' => '1537508058371',
)
[ info ] [ SESSION ] INIT array (
  'id' => '',
  'var_session_id' => '',
  'prefix' => 'admin',
  'type' => '',
  'auto_start' => true,
)
[ info ] [ DB ] INIT mysql
[ info ] [ RUN ] app\admin\controller\System->addAuth[ E:\xampp\htdocs\tenflyer\application\admin\controller\System.php ]
[ info ] [ VIEW ] E:\xampp\htdocs\tenflyer\public/../application/admin\view\system\add_auth.html [ array (
  0 => 'menu_tree',
  1 => 'controller_list',
) ]
[ info ] [ LOG ] INIT File
[ sql ] [ DB ] CONNECT:[ UseTime:0.002000s ] mysql:host=127.0.0.1;port=3306;dbname=tenflyer_sup;charset=utf8
[ sql ] [ SQL ] SHOW COLUMNS FROM `sup_auth` [ RunTime:0.007000s ]
[ sql ] [ DB ] CONNECT:[ UseTime:0.001000s ] mysql:host=127.0.0.1;port=3306;dbname=tenflyer_sup;charset=utf8
[ sql ] [ SQL ] SELECT * FROM `sup_auth` WHERE  `auth_code` = 'System@addauth' LIMIT 1 [ RunTime:0.000000s ]
[ sql ] [ SQL ] SHOW COLUMNS FROM `sup_menu` [ RunTime:0.003000s ]
[ sql ] [ SQL ] SELECT * FROM `sup_menu` WHERE  (  status=1 and name<>'个人中心' ) ORDER BY `sort`  asc [ RunTime:0.001000s ]
[ sql ] [ SQL ] SELECT * FROM `sup_menu` WHERE  `id` = 1 LIMIT 1 [ RunTime:0.001000s ]
[ sql ] [ SQL ] SELECT * FROM `sup_menu` WHERE  `id` = 2 LIMIT 1 [ RunTime:0.001000s ]
[ sql ] [ SQL ] SELECT * FROM `sup_menu` WHERE  `id` = 1 LIMIT 1 [ RunTime:0.001000s ]
[ sql ] [ SQL ] SELECT * FROM `sup_menu` WHERE  `id` = 3 LIMIT 1 [ RunTime:0.001000s ]
[ sql ] [ SQL ] SELECT * FROM `sup_menu` WHERE  `id` = 2 LIMIT 1 [ RunTime:0.001000s ]
[ sql ] [ SQL ] SELECT * FROM `sup_menu` WHERE  `id` = 1 LIMIT 1 [ RunTime:0.000000s ]
[ sql ] [ SQL ] SELECT * FROM `sup_menu` WHERE  `id` = 4 LIMIT 1 [ RunTime:0.001000s ]
[ sql ] [ SQL ] SELECT * FROM `sup_menu` WHERE  `id` = 2 LIMIT 1 [ RunTime:0.000000s ]
[ sql ] [ SQL ] SELECT * FROM `sup_menu` WHERE  `id` = 1 LIMIT 1 [ RunTime:0.001000s ]
[ sql ] [ SQL ] SELECT * FROM `sup_menu` WHERE  `id` = 12 LIMIT 1 [ RunTime:0.000000s ]
[ sql ] [ SQL ] SELECT * FROM `sup_menu` WHERE  `id` = 1 LIMIT 1 [ RunTime:0.002000s ]
[ sql ] [ SQL ] SELECT * FROM `sup_menu` WHERE  `id` = 13 LIMIT 1 [ RunTime:0.000000s ]
[ sql ] [ SQL ] SELECT * FROM `sup_menu` WHERE  `id` = 12 LIMIT 1 [ RunTime:0.000000s ]
[ sql ] [ SQL ] SELECT * FROM `sup_menu` WHERE  `id` = 1 LIMIT 1 [ RunTime:0.000000s ]
[ sql ] [ SQL ] SELECT * FROM `sup_menu` WHERE  `id` = 14 LIMIT 1 [ RunTime:0.000000s ]
[ sql ] [ SQL ] SELECT * FROM `sup_menu` WHERE  `id` = 12 LIMIT 1 [ RunTime:0.001000s ]
[ sql ] [ SQL ] SELECT * FROM `sup_menu` WHERE  `id` = 1 LIMIT 1 [ RunTime:0.001000s ]
[ sql ] [ SQL ] SELECT * FROM `sup_menu` WHERE  `id` = 16 LIMIT 1 [ RunTime:0.000000s ]
[ sql ] [ SQL ] SELECT * FROM `sup_menu` WHERE  `id` = 1 LIMIT 1 [ RunTime:0.001001s ]
[ sql ] [ SQL ] SELECT * FROM `sup_menu` WHERE  `id` = 21 LIMIT 1 [ RunTime:0.000000s ]
[ sql ] [ SQL ] SELECT * FROM `sup_menu` WHERE  `id` = 16 LIMIT 1 [ RunTime:0.001000s ]
[ sql ] [ SQL ] SELECT * FROM `sup_menu` WHERE  `id` = 1 LIMIT 1 [ RunTime:0.000000s ]
[ sql ] [ SQL ] SELECT * FROM `sup_menu` WHERE  `id` = 22 LIMIT 1 [ RunTime:0.000000s ]
[ sql ] [ SQL ] SELECT * FROM `sup_menu` WHERE  `id` = 16 LIMIT 1 [ RunTime:0.000000s ]
[ sql ] [ SQL ] SELECT * FROM `sup_menu` WHERE  `id` = 1 LIMIT 1 [ RunTime:0.002000s ]
[ sql ] [ SQL ] SELECT * FROM `sup_menu` WHERE  `id` = 23 LIMIT 1 [ RunTime:0.000000s ]
[ sql ] [ SQL ] SELECT * FROM `sup_menu` WHERE  `id` = 1 LIMIT 1 [ RunTime:0.000000s ]
[ sql ] [ SQL ] SELECT * FROM `sup_menu` WHERE  `id` = 24 LIMIT 1 [ RunTime:0.000000s ]
[ sql ] [ SQL ] SELECT * FROM `sup_menu` WHERE  `id` = 23 LIMIT 1 [ RunTime:0.000000s ]
[ sql ] [ SQL ] SELECT * FROM `sup_menu` WHERE  `id` = 1 LIMIT 1 [ RunTime:0.001000s ]
[ sql ] [ SQL ] SELECT * FROM `sup_menu` WHERE  `id` = 25 LIMIT 1 [ RunTime:0.000000s ]
[ sql ] [ SQL ] SELECT * FROM `sup_menu` WHERE  `id` = 23 LIMIT 1 [ RunTime:0.001000s ]
[ sql ] [ SQL ] SELECT * FROM `sup_menu` WHERE  `id` = 1 LIMIT 1 [ RunTime:0.000000s ]
[ sql ] [ SQL ] SELECT * FROM `sup_menu` WHERE  `id` = 7 LIMIT 1 [ RunTime:0.000000s ]
[ sql ] [ SQL ] SELECT * FROM `sup_menu` WHERE  `id` = 8 LIMIT 1 [ RunTime:0.000000s ]
[ sql ] [ SQL ] SELECT * FROM `sup_menu` WHERE  `id` = 7 LIMIT 1 [ RunTime:0.000000s ]
[ sql ] [ SQL ] SELECT * FROM `sup_menu` WHERE  `id` = 15 LIMIT 1 [ RunTime:0.000000s ]
[ sql ] [ SQL ] SELECT * FROM `sup_menu` WHERE  `id` = 8 LIMIT 1 [ RunTime:0.000000s ]
[ sql ] [ SQL ] SELECT * FROM `sup_menu` WHERE  `id` = 7 LIMIT 1 [ RunTime:0.001000s ]
[ sql ] [ SQL ] SELECT * FROM `sup_menu` WHERE  `id` = 9 LIMIT 1 [ RunTime:0.002000s ]
[ sql ] [ SQL ] SELECT * FROM `sup_menu` WHERE  `id` = 7 LIMIT 1 [ RunTime:0.000000s ]
[ sql ] [ SQL ] SELECT * FROM `sup_menu` WHERE  `id` = 10 LIMIT 1 [ RunTime:0.001000s ]
[ sql ] [ SQL ] SELECT * FROM `sup_menu` WHERE  `id` = 9 LIMIT 1 [ RunTime:0.000000s ]
[ sql ] [ SQL ] SELECT * FROM `sup_menu` WHERE  `id` = 7 LIMIT 1 [ RunTime:0.001000s ]
[ sql ] [ SQL ] SELECT * FROM `sup_menu` WHERE  `id` = 11 LIMIT 1 [ RunTime:0.000000s ]
[ sql ] [ SQL ] SELECT * FROM `sup_menu` WHERE  `id` = 9 LIMIT 1 [ RunTime:0.001000s ]
[ sql ] [ SQL ] SELECT * FROM `sup_menu` WHERE  `id` = 7 LIMIT 1 [ RunTime:0.001000s ]
---------------------------------------------------------------
[ 2018-09-21T13:34:28+08:00 ] 127.0.0.1 GET /tenflyer/public/admin/system/auth.html?_=1537508058372
[ info ] 127.0.0.1:8888/tenflyer/public/admin/system/auth.html?_=1537508058372 [运行时间：0.063003s][吞吐率：15.87req/s] [内存消耗：2,070.19kb] [文件加载：55]
[ info ] [ LANG ] E:\xampp\htdocs\tenflyer\thinkphp\lang\zh-cn.php
[ info ] [ ROUTE ] array (
  'type' => 'module',
  'module' => 
  array (
    0 => 'admin',
    1 => 'system',
    2 => 'auth',
  ),
)
[ info ] [ HEADER ] array (
  'host' => '127.0.0.1:8888',
  'connection' => 'keep-alive',
  'accept' => '*/*',
  'x-requested-with' => 'XMLHttpRequest',
  'user-agent' => 'Mozilla/5.0 (Windows NT 6.1; WOW64) AppleWebKit/537.36 (KHTML, like Gecko) Chrome/69.0.3497.92 Safari/537.36',
  'referer' => 'http://127.0.0.1:8888/tenflyer/public/admin/index/index.html',
  'accept-encoding' => 'gzip, deflate, br',
  'accept-language' => 'zh-CN,zh;q=0.9',
  'cookie' => 'USER_NAME_COOKIE=yuwb; PHPSESSID=lasriqkp75aojbfb1slktt6bm4; OA_USER_ID=yuwb; LOGIN_USER_ID=yuwb; BJYADMIN=qnm13qkhk720vfcgsqpbi7jjks; LAST_OPERATION_TIME=1537498922',
)
[ info ] [ PARAM ] array (
  '_' => '1537508058372',
)
[ info ] [ SESSION ] INIT array (
  'id' => '',
  'var_session_id' => '',
  'prefix' => 'admin',
  'type' => '',
  'auto_start' => true,
)
[ info ] [ DB ] INIT mysql
[ info ] [ RUN ] app\admin\controller\System->auth[ E:\xampp\htdocs\tenflyer\application\admin\controller\System.php ]
[ info ] [ VIEW ] E:\xampp\htdocs\tenflyer\public/../application/admin\view\system\auth_list.html [ array (
  0 => 'auth_list',
) ]
[ info ] [ LOG ] INIT File
[ sql ] [ DB ] CONNECT:[ UseTime:0.001000s ] mysql:host=127.0.0.1;port=3306;dbname=tenflyer_sup;charset=utf8
[ sql ] [ SQL ] SHOW COLUMNS FROM `sup_auth` [ RunTime:0.004000s ]
[ sql ] [ DB ] CONNECT:[ UseTime:0.001000s ] mysql:host=127.0.0.1;port=3306;dbname=tenflyer_sup;charset=utf8
[ sql ] [ SQL ] SELECT * FROM `sup_auth` WHERE  `auth_code` = 'System@auth' LIMIT 1 [ RunTime:0.001000s ]
[ sql ] [ SQL ] SELECT * FROM `sup_auth` [ RunTime:0.000000s ]
---------------------------------------------------------------
[ 2018-09-21T13:34:33+08:00 ] 127.0.0.1 GET /tenflyer/public/admin/system/user.html?_=1537508058374
[ info ] 127.0.0.1:8888/tenflyer/public/admin/system/user.html?_=1537508058374 [运行时间：0.058003s][吞吐率：17.24req/s] [内存消耗：2,078.58kb] [文件加载：55]
[ info ] [ LANG ] E:\xampp\htdocs\tenflyer\thinkphp\lang\zh-cn.php
[ info ] [ ROUTE ] array (
  'type' => 'module',
  'module' => 
  array (
    0 => 'admin',
    1 => 'system',
    2 => 'user',
  ),
)
[ info ] [ HEADER ] array (
  'host' => '127.0.0.1:8888',
  'connection' => 'keep-alive',
  'accept' => '*/*',
  'x-requested-with' => 'XMLHttpRequest',
  'user-agent' => 'Mozilla/5.0 (Windows NT 6.1; WOW64) AppleWebKit/537.36 (KHTML, like Gecko) Chrome/69.0.3497.92 Safari/537.36',
  'referer' => 'http://127.0.0.1:8888/tenflyer/public/admin/index/index.html',
  'accept-encoding' => 'gzip, deflate, br',
  'accept-language' => 'zh-CN,zh;q=0.9',
  'cookie' => 'USER_NAME_COOKIE=yuwb; PHPSESSID=lasriqkp75aojbfb1slktt6bm4; OA_USER_ID=yuwb; LOGIN_USER_ID=yuwb; BJYADMIN=qnm13qkhk720vfcgsqpbi7jjks; LAST_OPERATION_TIME=1537498922',
)
[ info ] [ PARAM ] array (
  '_' => '1537508058374',
)
[ info ] [ SESSION ] INIT array (
  'id' => '',
  'var_session_id' => '',
  'prefix' => 'admin',
  'type' => '',
  'auto_start' => true,
)
[ info ] [ DB ] INIT mysql
[ info ] [ RUN ] app\admin\controller\System->user[ E:\xampp\htdocs\tenflyer\application\admin\controller\System.php ]
[ info ] [ VIEW ] E:\xampp\htdocs\tenflyer\public/../application/admin\view\system\user_list.html [ array (
  0 => 'user_list',
) ]
[ info ] [ LOG ] INIT File
[ sql ] [ DB ] CONNECT:[ UseTime:0.001000s ] mysql:host=127.0.0.1;port=3306;dbname=tenflyer_sup;charset=utf8
[ sql ] [ SQL ] SHOW COLUMNS FROM `sup_auth` [ RunTime:0.003001s ]
[ sql ] [ DB ] CONNECT:[ UseTime:0.001000s ] mysql:host=127.0.0.1;port=3306;dbname=tenflyer_sup;charset=utf8
[ sql ] [ SQL ] SELECT * FROM `sup_auth` WHERE  `auth_code` = 'System@user' LIMIT 1 [ RunTime:0.001000s ]
[ sql ] [ SQL ] SHOW COLUMNS FROM `sup_user` [ RunTime:0.003000s ]
[ sql ] [ SQL ] SELECT * FROM `sup_user` [ RunTime:0.003000s ]
---------------------------------------------------------------
[ 2018-09-21T13:34:34+08:00 ] 127.0.0.1 GET /tenflyer/public/admin/system/adduser.html?_=1537508058376
[ info ] 127.0.0.1:8888/tenflyer/public/admin/system/adduser.html?_=1537508058376 [运行时间：0.148009s][吞吐率：6.76req/s] [内存消耗：2,495.38kb] [文件加载：59]
[ info ] [ LANG ] E:\xampp\htdocs\tenflyer\thinkphp\lang\zh-cn.php
[ info ] [ ROUTE ] array (
  'type' => 'module',
  'module' => 
  array (
    0 => 'admin',
    1 => 'system',
    2 => 'adduser',
  ),
)
[ info ] [ HEADER ] array (
  'host' => '127.0.0.1:8888',
  'connection' => 'keep-alive',
  'accept' => '*/*',
  'x-requested-with' => 'XMLHttpRequest',
  'user-agent' => 'Mozilla/5.0 (Windows NT 6.1; WOW64) AppleWebKit/537.36 (KHTML, like Gecko) Chrome/69.0.3497.92 Safari/537.36',
  'referer' => 'http://127.0.0.1:8888/tenflyer/public/admin/index/index.html',
  'accept-encoding' => 'gzip, deflate, br',
  'accept-language' => 'zh-CN,zh;q=0.9',
  'cookie' => 'USER_NAME_COOKIE=yuwb; PHPSESSID=lasriqkp75aojbfb1slktt6bm4; OA_USER_ID=yuwb; LOGIN_USER_ID=yuwb; BJYADMIN=qnm13qkhk720vfcgsqpbi7jjks; LAST_OPERATION_TIME=1537498922',
)
[ info ] [ PARAM ] array (
  '_' => '1537508058376',
)
[ info ] [ SESSION ] INIT array (
  'id' => '',
  'var_session_id' => '',
  'prefix' => 'admin',
  'type' => '',
  'auto_start' => true,
)
[ info ] [ DB ] INIT mysql
[ info ] [ RUN ] app\admin\controller\System->addUser[ E:\xampp\htdocs\tenflyer\application\admin\controller\System.php ]
[ info ] [ VIEW ] E:\xampp\htdocs\tenflyer\public/../application/admin\view\system\add_user.html [ array (
  0 => 'status',
  1 => 'group_list',
  2 => 'menu_table_tree',
  3 => 'auth_menu_tree',
) ]
[ info ] [ LOG ] INIT File
[ sql ] [ DB ] CONNECT:[ UseTime:0.002000s ] mysql:host=127.0.0.1;port=3306;dbname=tenflyer_sup;charset=utf8
[ sql ] [ SQL ] SHOW COLUMNS FROM `sup_auth` [ RunTime:0.007000s ]
[ sql ] [ DB ] CONNECT:[ UseTime:0.010001s ] mysql:host=127.0.0.1;port=3306;dbname=tenflyer_sup;charset=utf8
[ sql ] [ SQL ] SELECT * FROM `sup_auth` WHERE  `auth_code` = 'System@adduser' LIMIT 1 [ RunTime:0.001000s ]
[ sql ] [ SQL ] SHOW COLUMNS FROM `sup_menu` [ RunTime:0.004000s ]
[ sql ] [ SQL ] SELECT * FROM `sup_menu` WHERE  (  status=1 and pid=0 and name<>"个人中心" ) ORDER BY `sort`  asc [ RunTime:0.001001s ]
[ sql ] [ SQL ] SELECT * FROM `sup_menu` WHERE  (  status=1 and name<>'个人中心' ) ORDER BY `sort`  asc [ RunTime:0.001000s ]
[ sql ] [ SQL ] SELECT * FROM `sup_menu` WHERE  `id` = 2 LIMIT 1 [ RunTime:0.000000s ]
[ sql ] [ SQL ] SELECT * FROM `sup_menu` WHERE  `id` = 1 LIMIT 1 [ RunTime:0.001000s ]
[ sql ] [ SQL ] SELECT * FROM `sup_menu` WHERE  `id` = 3 LIMIT 1 [ RunTime:0.000000s ]
[ sql ] [ SQL ] SELECT * FROM `sup_menu` WHERE  `id` = 2 LIMIT 1 [ RunTime:0.000000s ]
[ sql ] [ SQL ] SELECT * FROM `sup_menu` WHERE  `id` = 1 LIMIT 1 [ RunTime:0.000000s ]
[ sql ] [ SQL ] SELECT * FROM `sup_menu` WHERE  `id` = 4 LIMIT 1 [ RunTime:0.000000s ]
[ sql ] [ SQL ] SELECT * FROM `sup_menu` WHERE  `id` = 2 LIMIT 1 [ RunTime:0.000000s ]
[ sql ] [ SQL ] SELECT * FROM `sup_menu` WHERE  `id` = 1 LIMIT 1 [ RunTime:0.001000s ]
[ sql ] [ SQL ] SELECT * FROM `sup_menu` WHERE  `id` = 12 LIMIT 1 [ RunTime:0.001000s ]
[ sql ] [ SQL ] SELECT * FROM `sup_menu` WHERE  `id` = 1 LIMIT 1 [ RunTime:0.001000s ]
[ sql ] [ SQL ] SELECT * FROM `sup_menu` WHERE  `id` = 13 LIMIT 1 [ RunTime:0.001000s ]
[ sql ] [ SQL ] SELECT * FROM `sup_menu` WHERE  `id` = 12 LIMIT 1 [ RunTime:0.000000s ]
[ sql ] [ SQL ] SELECT * FROM `sup_menu` WHERE  `id` = 1 LIMIT 1 [ RunTime:0.000000s ]
[ sql ] [ SQL ] SELECT * FROM `sup_menu` WHERE  `id` = 14 LIMIT 1 [ RunTime:0.001000s ]
[ sql ] [ SQL ] SELECT * FROM `sup_menu` WHERE  `id` = 12 LIMIT 1 [ RunTime:0.000000s ]
[ sql ] [ SQL ] SELECT * FROM `sup_menu` WHERE  `id` = 1 LIMIT 1 [ RunTime:0.001000s ]
[ sql ] [ SQL ] SELECT * FROM `sup_menu` WHERE  `id` = 16 LIMIT 1 [ RunTime:0.000000s ]
[ sql ] [ SQL ] SELECT * FROM `sup_menu` WHERE  `id` = 1 LIMIT 1 [ RunTime:0.001000s ]
[ sql ] [ SQL ] SELECT * FROM `sup_menu` WHERE  `id` = 21 LIMIT 1 [ RunTime:0.000000s ]
[ sql ] [ SQL ] SELECT * FROM `sup_menu` WHERE  `id` = 16 LIMIT 1 [ RunTime:0.001000s ]
[ sql ] [ SQL ] SELECT * FROM `sup_menu` WHERE  `id` = 1 LIMIT 1 [ RunTime:0.000000s ]
[ sql ] [ SQL ] SELECT * FROM `sup_menu` WHERE  `id` = 22 LIMIT 1 [ RunTime:0.001000s ]
[ sql ] [ SQL ] SELECT * FROM `sup_menu` WHERE  `id` = 16 LIMIT 1 [ RunTime:0.000000s ]
[ sql ] [ SQL ] SELECT * FROM `sup_menu` WHERE  `id` = 1 LIMIT 1 [ RunTime:0.001000s ]
[ sql ] [ SQL ] SELECT * FROM `sup_menu` WHERE  `id` = 23 LIMIT 1 [ RunTime:0.000000s ]
[ sql ] [ SQL ] SELECT * FROM `sup_menu` WHERE  `id` = 1 LIMIT 1 [ RunTime:0.000000s ]
[ sql ] [ SQL ] SELECT * FROM `sup_menu` WHERE  `id` = 24 LIMIT 1 [ RunTime:0.000000s ]
[ sql ] [ SQL ] SELECT * FROM `sup_menu` WHERE  `id` = 23 LIMIT 1 [ RunTime:0.002000s ]
[ sql ] [ SQL ] SELECT * FROM `sup_menu` WHERE  `id` = 1 LIMIT 1 [ RunTime:0.001000s ]
[ sql ] [ SQL ] SELECT * FROM `sup_menu` WHERE  `id` = 25 LIMIT 1 [ RunTime:0.000000s ]
[ sql ] [ SQL ] SELECT * FROM `sup_menu` WHERE  `id` = 23 LIMIT 1 [ RunTime:0.001000s ]
[ sql ] [ SQL ] SELECT * FROM `sup_menu` WHERE  `id` = 1 LIMIT 1 [ RunTime:0.000000s ]
[ sql ] [ SQL ] SELECT * FROM `sup_menu` WHERE  `id` = 8 LIMIT 1 [ RunTime:0.001000s ]
[ sql ] [ SQL ] SELECT * FROM `sup_menu` WHERE  `id` = 7 LIMIT 1 [ RunTime:0.001000s ]
[ sql ] [ SQL ] SELECT * FROM `sup_menu` WHERE  `id` = 15 LIMIT 1 [ RunTime:0.001000s ]
[ sql ] [ SQL ] SELECT * FROM `sup_menu` WHERE  `id` = 8 LIMIT 1 [ RunTime:0.001000s ]
[ sql ] [ SQL ] SELECT * FROM `sup_menu` WHERE  `id` = 7 LIMIT 1 [ RunTime:0.000000s ]
[ sql ] [ SQL ] SELECT * FROM `sup_menu` WHERE  `id` = 9 LIMIT 1 [ RunTime:0.001000s ]
[ sql ] [ SQL ] SELECT * FROM `sup_menu` WHERE  `id` = 7 LIMIT 1 [ RunTime:0.000000s ]
[ sql ] [ SQL ] SELECT * FROM `sup_menu` WHERE  `id` = 10 LIMIT 1 [ RunTime:0.001000s ]
[ sql ] [ SQL ] SELECT * FROM `sup_menu` WHERE  `id` = 9 LIMIT 1 [ RunTime:0.001000s ]
[ sql ] [ SQL ] SELECT * FROM `sup_menu` WHERE  `id` = 7 LIMIT 1 [ RunTime:0.000000s ]
[ sql ] [ SQL ] SELECT * FROM `sup_menu` WHERE  `id` = 11 LIMIT 1 [ RunTime:0.000000s ]
[ sql ] [ SQL ] SELECT * FROM `sup_menu` WHERE  `id` = 9 LIMIT 1 [ RunTime:0.000000s ]
[ sql ] [ SQL ] SELECT * FROM `sup_menu` WHERE  `id` = 7 LIMIT 1 [ RunTime:0.000000s ]
[ sql ] [ SQL ] SELECT * FROM `sup_menu` WHERE  (  status=1 and name<>'个人中心' ) ORDER BY `sort`  asc [ RunTime:0.000000s ]
[ sql ] [ SQL ] SELECT * FROM `sup_menu` WHERE  `id` = 1 LIMIT 1 [ RunTime:0.001000s ]
[ sql ] [ SQL ] SELECT * FROM `sup_menu` WHERE  `id` = 2 LIMIT 1 [ RunTime:0.000000s ]
[ sql ] [ SQL ] SELECT * FROM `sup_menu` WHERE  `id` = 1 LIMIT 1 [ RunTime:0.001001s ]
[ sql ] [ SQL ] SELECT * FROM `sup_menu` WHERE  `id` = 3 LIMIT 1 [ RunTime:0.000000s ]
[ sql ] [ SQL ] SELECT * FROM `sup_menu` WHERE  `id` = 2 LIMIT 1 [ RunTime:0.000000s ]
[ sql ] [ SQL ] SELECT * FROM `sup_menu` WHERE  `id` = 1 LIMIT 1 [ RunTime:0.000000s ]
[ sql ] [ SQL ] SELECT * FROM `sup_auth` WHERE  `menu_id` = 3 ORDER BY `id` [ RunTime:0.000000s ]
[ sql ] [ SQL ] SELECT * FROM `sup_menu` WHERE  `id` = 4 LIMIT 1 [ RunTime:0.000000s ]
[ sql ] [ SQL ] SELECT * FROM `sup_menu` WHERE  `id` = 2 LIMIT 1 [ RunTime:0.000000s ]
[ sql ] [ SQL ] SELECT * FROM `sup_menu` WHERE  `id` = 1 LIMIT 1 [ RunTime:0.001000s ]
[ sql ] [ SQL ] SELECT * FROM `sup_auth` WHERE  `menu_id` = 4 ORDER BY `id` [ RunTime:0.000000s ]
[ sql ] [ SQL ] SELECT * FROM `sup_menu` WHERE  `id` = 12 LIMIT 1 [ RunTime:0.001000s ]
[ sql ] [ SQL ] SELECT * FROM `sup_menu` WHERE  `id` = 1 LIMIT 1 [ RunTime:0.000000s ]
[ sql ] [ SQL ] SELECT * FROM `sup_menu` WHERE  `id` = 13 LIMIT 1 [ RunTime:0.001000s ]
[ sql ] [ SQL ] SELECT * FROM `sup_menu` WHERE  `id` = 12 LIMIT 1 [ RunTime:0.001000s ]
[ sql ] [ SQL ] SELECT * FROM `sup_menu` WHERE  `id` = 1 LIMIT 1 [ RunTime:0.001000s ]
[ sql ] [ SQL ] SELECT * FROM `sup_auth` WHERE  `menu_id` = 13 ORDER BY `id` [ RunTime:0.000000s ]
[ sql ] [ SQL ] SELECT * FROM `sup_menu` WHERE  `id` = 14 LIMIT 1 [ RunTime:0.001000s ]
[ sql ] [ SQL ] SELECT * FROM `sup_menu` WHERE  `id` = 12 LIMIT 1 [ RunTime:0.000000s ]
[ sql ] [ SQL ] SELECT * FROM `sup_menu` WHERE  `id` = 1 LIMIT 1 [ RunTime:0.001000s ]
[ sql ] [ SQL ] SELECT * FROM `sup_auth` WHERE  `menu_id` = 14 ORDER BY `id` [ RunTime:0.001000s ]
[ sql ] [ SQL ] SELECT * FROM `sup_menu` WHERE  `id` = 16 LIMIT 1 [ RunTime:0.001000s ]
[ sql ] [ SQL ] SELECT * FROM `sup_menu` WHERE  `id` = 1 LIMIT 1 [ RunTime:0.000000s ]
[ sql ] [ SQL ] SELECT * FROM `sup_menu` WHERE  `id` = 21 LIMIT 1 [ RunTime:0.000000s ]
[ sql ] [ SQL ] SELECT * FROM `sup_menu` WHERE  `id` = 16 LIMIT 1 [ RunTime:0.001000s ]
[ sql ] [ SQL ] SELECT * FROM `sup_menu` WHERE  `id` = 1 LIMIT 1 [ RunTime:0.000000s ]
[ sql ] [ SQL ] SELECT * FROM `sup_auth` WHERE  `menu_id` = 21 ORDER BY `id` [ RunTime:0.001000s ]
[ sql ] [ SQL ] SELECT * FROM `sup_menu` WHERE  `id` = 22 LIMIT 1 [ RunTime:0.000000s ]
[ sql ] [ SQL ] SELECT * FROM `sup_menu` WHERE  `id` = 16 LIMIT 1 [ RunTime:0.000000s ]
[ sql ] [ SQL ] SELECT * FROM `sup_menu` WHERE  `id` = 1 LIMIT 1 [ RunTime:0.000000s ]
[ sql ] [ SQL ] SELECT * FROM `sup_auth` WHERE  `menu_id` = 22 ORDER BY `id` [ RunTime:0.000000s ]
[ sql ] [ SQL ] SELECT * FROM `sup_menu` WHERE  `id` = 23 LIMIT 1 [ RunTime:0.000000s ]
[ sql ] [ SQL ] SELECT * FROM `sup_menu` WHERE  `id` = 1 LIMIT 1 [ RunTime:0.000000s ]
[ sql ] [ SQL ] SELECT * FROM `sup_menu` WHERE  `id` = 24 LIMIT 1 [ RunTime:0.001000s ]
[ sql ] [ SQL ] SELECT * FROM `sup_menu` WHERE  `id` = 23 LIMIT 1 [ RunTime:0.000000s ]
[ sql ] [ SQL ] SELECT * FROM `sup_menu` WHERE  `id` = 1 LIMIT 1 [ RunTime:0.001001s ]
[ sql ] [ SQL ] SELECT * FROM `sup_auth` WHERE  `menu_id` = 24 ORDER BY `id` [ RunTime:0.000000s ]
[ sql ] [ SQL ] SELECT * FROM `sup_menu` WHERE  `id` = 25 LIMIT 1 [ RunTime:0.001000s ]
[ sql ] [ SQL ] SELECT * FROM `sup_menu` WHERE  `id` = 23 LIMIT 1 [ RunTime:0.000000s ]
[ sql ] [ SQL ] SELECT * FROM `sup_menu` WHERE  `id` = 1 LIMIT 1 [ RunTime:0.001000s ]
[ sql ] [ SQL ] SELECT * FROM `sup_auth` WHERE  `menu_id` = 25 ORDER BY `id` [ RunTime:0.000000s ]
[ sql ] [ SQL ] SELECT * FROM `sup_menu` WHERE  `id` = 7 LIMIT 1 [ RunTime:0.001000s ]
[ sql ] [ SQL ] SELECT * FROM `sup_menu` WHERE  `id` = 8 LIMIT 1 [ RunTime:0.000000s ]
[ sql ] [ SQL ] SELECT * FROM `sup_menu` WHERE  `id` = 7 LIMIT 1 [ RunTime:0.001000s ]
[ sql ] [ SQL ] SELECT * FROM `sup_menu` WHERE  `id` = 15 LIMIT 1 [ RunTime:0.000000s ]
[ sql ] [ SQL ] SELECT * FROM `sup_menu` WHERE  `id` = 8 LIMIT 1 [ RunTime:0.001000s ]
[ sql ] [ SQL ] SELECT * FROM `sup_menu` WHERE  `id` = 7 LIMIT 1 [ RunTime:0.000000s ]
[ sql ] [ SQL ] SELECT * FROM `sup_auth` WHERE  `menu_id` = 15 ORDER BY `id` [ RunTime:0.001000s ]
[ sql ] [ SQL ] SELECT * FROM `sup_menu` WHERE  `id` = 9 LIMIT 1 [ RunTime:0.001000s ]
[ sql ] [ SQL ] SELECT * FROM `sup_menu` WHERE  `id` = 7 LIMIT 1 [ RunTime:0.000000s ]
[ sql ] [ SQL ] SELECT * FROM `sup_menu` WHERE  `id` = 10 LIMIT 1 [ RunTime:0.001000s ]
[ sql ] [ SQL ] SELECT * FROM `sup_menu` WHERE  `id` = 9 LIMIT 1 [ RunTime:0.000000s ]
[ sql ] [ SQL ] SELECT * FROM `sup_menu` WHERE  `id` = 7 LIMIT 1 [ RunTime:0.001000s ]
[ sql ] [ SQL ] SELECT * FROM `sup_auth` WHERE  `menu_id` = 10 ORDER BY `id` [ RunTime:0.000000s ]
[ sql ] [ SQL ] SELECT * FROM `sup_menu` WHERE  `id` = 11 LIMIT 1 [ RunTime:0.000000s ]
[ sql ] [ SQL ] SELECT * FROM `sup_menu` WHERE  `id` = 9 LIMIT 1 [ RunTime:0.000000s ]
[ sql ] [ SQL ] SELECT * FROM `sup_menu` WHERE  `id` = 7 LIMIT 1 [ RunTime:0.000000s ]
[ sql ] [ SQL ] SELECT * FROM `sup_auth` WHERE  `menu_id` = 11 ORDER BY `id` [ RunTime:0.000000s ]
[ sql ] [ SQL ] SHOW COLUMNS FROM `sup_user_group` [ RunTime:0.004000s ]
[ sql ] [ SQL ] SELECT * FROM `sup_user_group` WHERE  (  status=1 ) ORDER BY `id`  asc [ RunTime:0.001000s ]
